GrahamEarnshaw
RobinSidel
RobinSidel
RobinSidel
RobinSidel
RobinSidel
RobinSidel
RobinSidel
RobinSidel
RobinSidel
RobinSidel
RobinSidel
RobinSidel
RobinSidel
MichaelConnor
GrahamEarnshaw
RobinSidel
RobinSidel
RobinSidel
RobinSidel
KevinDrawbaugh
RobinSidel
RobinSidel
RobinSidel
RobinSidel
RobinSidel
RobinSidel
RobinSidel
RobinSidel
RobinSidel
RobinSidel
RobinSidel
RobinSidel
RobinSidel
RobinSidel
RobinSidel
RobinSidel
MarkBendeich
RobinSidel
RobinSidel
RobinSidel
LynneO'Donnell
RobinSidel
RobinSidel
RobinSidel
RobinSidel
RobinSidel
RobinSidel
RobinSidel
RobinSidel
LynnleyBrowning
LynnleyBrowning
LynnleyBrowning
LynnleyBrowning
MatthewBunce
LynnleyBrowning
LynnleyBrowning
LynnleyBrowning
JanLopatka
RobinSidel
LynnleyBrowning
LynnleyBrowning
LynnleyBrowning
LynnleyBrowning
LynnleyBrowning
LynnleyBrowning
LynnleyBrowning
LynnleyBrowning
LynnleyBrowning
LynnleyBrowning
LynnleyBrowning
LynnleyBrowning
LynnleyBrowning
LynnleyBrowning
LynnleyBrowning
LynnleyBrowning
LynnleyBrowning
LynnleyBrowning
LynnleyBrowning
LynnleyBrowning
LynnleyBrowning
LynnleyBrowning
LynnleyBrowning
LynnleyBrowning
LynnleyBrowning
LynnleyBrowning
LynnleyBrowning
LynnleyBrowning
LynnleyBrowning
LynnleyBrowning
LynnleyBrowning
LynnleyBrowning
LynnleyBrowning
LynnleyBrowning
LynnleyBrowning
LynnleyBrowning
LynnleyBrowning
LynnleyBrowning
LynnleyBrowning
LynnleyBrowning
KouroshKarimkhany
SamuelPerry
HeatherScoffield
KouroshKarimkhany
KouroshKarimkhany
KouroshKarimkhany
KouroshKarimkhany
RobinSidel
KouroshKarimkhany
KouroshKarimkhany
KouroshKarimkhany
KouroshKarimkhany
KouroshKarimkhany
KouroshKarimkhany
KouroshKarimkhany
KouroshKarimkhany
KouroshKarimkhany
MartinWolk
KouroshKarimkhany
KouroshKarimkhany
KouroshKarimkhany
KouroshKarimkhany
KouroshKarimkhany
KouroshKarimkhany
KouroshKarimkhany
KouroshKarimkhany
KouroshKarimkhany
KouroshKarimkhany
KouroshKarimkhany
KouroshKarimkhany
KouroshKarimkhany
KouroshKarimkhany
KouroshKarimkhany
KouroshKarimkhany
KouroshKarimkhany
KouroshKarimkhany
KouroshKarimkhany
KouroshKarimkhany
KouroshKarimkhany
KouroshKarimkhany
KouroshKarimkhany
KouroshKarimkhany
KouroshKarimkhany
KouroshKarimkhany
KouroshKarimkhany
KouroshKarimkhany
KouroshKarimkhany
KouroshKarimkhany
EricAuchard
KouroshKarimkhany
RobinSidel
MichaelConnor
MichaelConnor
NickLouth
MichaelConnor
MichaelConnor
MichaelConnor
MichaelConnor
MichaelConnor
MichaelConnor
MichaelConnor
RobinSidel
MichaelConnor
MichaelConnor
MichaelConnor
MichaelConnor
MichaelConnor
KouroshKarimkhany
KevinDrawbaugh
MichaelConnor
MichaelConnor
RobinSidel
MichaelConnor
MichaelConnor
MichaelConnor
RobinSidel
MichaelConnor
RobinSidel
MichaelConnor
MichaelConnor
MichaelConnor
MichaelConnor
RobinSidel
MichaelConnor
MichaelConnor
MichaelConnor
MichaelConnor
MichaelConnor
MichaelConnor
PierreTran
MichaelConnor
MichaelConnor
MichaelConnor
MichaelConnor
MichaelConnor
KouroshKarimkhany
MichaelConnor
MichaelConnor
MichaelConnor
MichaelConnor
JoeOrtiz
JoeOrtiz
JoeOrtiz
JoeOrtiz
JoeOrtiz
JoeOrtiz
JoWinterbottom
JoeOrtiz
KouroshKarimkhany
JoeOrtiz
EdnaFernandes
JoeOrtiz
JoeOrtiz
FumikoFujisaki
JoeOrtiz
JoeOrtiz
JoeOrtiz
JoeOrtiz
FumikoFujisaki
JoeOrtiz
JoeOrtiz
JoeOrtiz
JoeOrtiz
JoeOrtiz
EdnaFernandes
JoeOrtiz
AlexanderSmith
JoeOrtiz
JoeOrtiz
JoeOrtiz
JoeOrtiz
JoeOrtiz
JoeOrtiz
JoeOrtiz
JoeOrtiz
KevinDrawbaugh
JoeOrtiz
JoeOrtiz
JoeOrtiz
JoeOrtiz
SarahDavison
JoeOrtiz
JoeOrtiz
JoeOrtiz
DarrenSchuettler
JoeOrtiz
JoeOrtiz
LydiaZajc
JoeOrtiz
KouroshKarimkhany
KouroshKarimkhany
KouroshKarimkhany
KevinDrawbaugh
BradDorfman
KouroshKarimkhany
KouroshKarimkhany
KouroshKarimkhany
KouroshKarimkhany
EricAuchard
EricAuchard
TheresePoletti
EricAuchard
EricAuchard
RobinSidel
EricAuchard
KouroshKarimkhany
EricAuchard
EricAuchard
EricAuchard
EricAuchard
KouroshKarimkhany
KouroshKarimkhany
EricAuchard
EricAuchard
EricAuchard
EricAuchard
TheresePoletti
EricAuchard
EricAuchard
KouroshKarimkhany
EricAuchard
BradDorfman
EricAuchard
EricAuchard
TheresePoletti
NickLouth
EricAuchard
EricAuchard
EricAuchard
EricAuchard
EricAuchard
EricAuchard
EricAuchard
EricAuchard
EricAuchard
EricAuchard
EricAuchard
EricAuchard
KouroshKarimkhany
EricAuchard
AaronPressman
AaronPressman
AaronPressman
RogerFillion
AaronPressman
KouroshKarimkhany
EricAuchard
AaronPressman
AaronPressman
TheresePoletti
AaronPressman
AaronPressman
AaronPressman
AaronPressman
AaronPressman
AaronPressman
LynnleyBrowning
SamuelPerry
AaronPressman
AaronPressman
AaronPressman
AaronPressman
AaronPressman
MartinWolk
AaronPressman
AaronPressman
AaronPressman
AaronPressman
AaronPressman
KouroshKarimkhany
AaronPressman
AaronPressman
AaronPressman
AaronPressman
AaronPressman
AaronPressman
AaronPressman
AaronPressman
AaronPressman
AaronPressman
AaronPressman
AaronPressman
AaronPressman
FumikoFujisaki
TheresePoletti
AaronPressman
AaronPressman
AaronPressman
SamuelPerry
SamuelPerry
JoeOrtiz
SimonCowell
SimonCowell
JoeOrtiz
SimonCowell
SimonCowell
KevinMorrison
SimonCowell
JoeOrtiz
AlexanderSmith
JoeOrtiz
JoeOrtiz
SimonCowell
JoeOrtiz
AaronPressman
SimonCowell
SimonCowell
KeithWeir
AaronPressman
SimonCowell
AaronPressman
AaronPressman
SimonCowell
SimonCowell
SimonCowell
SimonCowell
JoeOrtiz
SimonCowell
JoeOrtiz
SimonCowell
TimFarrand
FumikoFujisaki
JoeOrtiz
TimFarrand
SimonCowell
AlexanderSmith
KeithWeir
SimonCowell
JoeOrtiz
SimonCowell
SimonCowell
SimonCowell
AaronPressman
AaronPressman
JoeOrtiz
JoeOrtiz
SimonCowell
SimonCowell
JoeOrtiz
JoeOrtiz
LynneO'Donnell
LynneO'Donnell
LynnleyBrowning
LynneO'Donnell
LynneO'Donnell
LynneO'Donnell
LynneO'Donnell
LynneO'Donnell
LynneO'Donnell
LynneO'Donnell
LynneO'Donnell
LynneO'Donnell
LynnleyBrowning
LynneO'Donnell
LynneO'Donnell
LynneO'Donnell
LynneO'Donnell
LynneO'Donnell
LynneO'Donnell
LynneO'Donnell
LynneO'Donnell
LynneO'Donnell
LynneO'Donnell
LynneO'Donnell
LynneO'Donnell
LynneO'Donnell
LynneO'Donnell
LynneO'Donnell
LynneO'Donnell
LynnleyBrowning
LynneO'Donnell
LynneO'Donnell
WilliamKazer
LynneO'Donnell
LynneO'Donnell
LynneO'Donnell
LynneO'Donnell
LynneO'Donnell
LynnleyBrowning
LynneO'Donnell
LynneO'Donnell
WilliamKazer
LynneO'Donnell
LynneO'Donnell
LynneO'Donnell
PeterHumphrey
LynneO'Donnell
LynneO'Donnell
LynneO'Donnell
LynneO'Donnell
EdnaFernandes
EdnaFernandes
JoeOrtiz
EdnaFernandes
JonathanBirt
EdnaFernandes
JimGilchrist
EdnaFernandes
EdnaFernandes
EdnaFernandes
EdnaFernandes
EdnaFernandes
EdnaFernandes
EdnaFernandes
JoeOrtiz
KirstinRidley
JimGilchrist
EdnaFernandes
AaronPressman
EdnaFernandes
AaronPressman
EdnaFernandes
EdnaFernandes
EdnaFernandes
JoWinterbottom
EdnaFernandes
EdnaFernandes
EdnaFernandes
EdnaFernandes
EdnaFernandes
EdnaFernandes
EdnaFernandes
EdnaFernandes
EdnaFernandes
EdnaFernandes
AaronPressman
EdnaFernandes
EdnaFernandes
KeithWeir
EdnaFernandes
EdnaFernandes
EdnaFernandes
EdnaFernandes
JonathanBirt
EdnaFernandes
EdnaFernandes
EdnaFernandes
EdnaFernandes
EdnaFernandes
EdnaFernandes
KevinMorrison
MichaelConnor
KevinMorrison
KevinDrawbaugh
AaronPressman
LynnleyBrowning
KevinMorrison
KevinMorrison
AaronPressman
EdnaFernandes
KevinMorrison
KouroshKarimkhany
KevinMorrison
KevinMorrison
KevinMorrison
KouroshKarimkhany
MichaelConnor
KevinMorrison
KevinMorrison
KevinMorrison
EdnaFernandes
AaronPressman
BernardHickey
LynnleyBrowning
KevinMorrison
LynnleyBrowning
KevinMorrison
MarkBendeich
PatriciaCommins
AaronPressman
LynnleyBrowning
KevinDrawbaugh
LynnleyBrowning
KevinMorrison
KevinMorrison
KevinMorrison
EricAuchard
KevinMorrison
BernardHickey
AaronPressman
EdnaFernandes
KevinMorrison
KevinMorrison
KevinMorrison
KevinMorrison
KevinMorrison
AaronPressman
BradDorfman
KevinMorrison
KevinMorrison
EricAuchard
SamuelPerry
EricAuchard
AaronPressman
SamuelPerry
AaronPressman
KouroshKarimkhany
EricAuchard
AaronPressman
AaronPressman
SamuelPerry
SamuelPerry
EricAuchard
EricAuchard
EricAuchard
AaronPressman
EricAuchard
EricAuchard
EricAuchard
EricAuchard
EricAuchard
EricAuchard
SamuelPerry
TheresePoletti
TheresePoletti
SamuelPerry
KouroshKarimkhany
EricAuchard
AaronPressman
SamuelPerry
EricAuchard
KouroshKarimkhany
KouroshKarimkhany
EricAuchard
MartinWolk
SamuelPerry
SamuelPerry
SamuelPerry
EricAuchard
SamuelPerry
SamuelPerry
TheresePoletti
AaronPressman
SamuelPerry
TheresePoletti
SamuelPerry
SamuelPerry
AaronPressman
SamuelPerry
EricAuchard
PatriciaCommins
PatriciaCommins
LynneO'Donnell
PatriciaCommins
JoeOrtiz
SamuelPerry
PatriciaCommins
AaronPressman
PatriciaCommins
PatriciaCommins
PatriciaCommins
PatriciaCommins
PatriciaCommins
PatriciaCommins
PatriciaCommins
PatriciaCommins
PatriciaCommins
PatriciaCommins
PatriciaCommins
PatriciaCommins
PatriciaCommins
PatriciaCommins
SamuelPerry
BradDorfman
SamuelPerry
PatriciaCommins
PatriciaCommins
PatriciaCommins
PatriciaCommins
PatriciaCommins
RobinSidel
PatriciaCommins
PatriciaCommins
LynnleyBrowning
PatriciaCommins
PatriciaCommins
PatriciaCommins
PatriciaCommins
PatriciaCommins
PatriciaCommins
PatriciaCommins
LynnleyBrowning
PatriciaCommins
PatriciaCommins
PatriciaCommins
PatriciaCommins
PatriciaCommins
PatriciaCommins
KouroshKarimkhany
SamuelPerry
JohnMastrini
JohnMastrini
MichaelConnor
AaronPressman
AaronPressman
LynneO'Donnell
AlanCrosby
JohnMastrini
JohnMastrini
JohnMastrini
JohnMastrini
JohnMastrini
SamuelPerry
JohnMastrini
JohnMastrini
JohnMastrini
JohnMastrini
AaronPressman
JohnMastrini
JohnMastrini
JohnMastrini
JanLopatka
JanLopatka
AlanCrosby
JohnMastrini
JohnMastrini
SamuelPerry
JohnMastrini
JohnMastrini
AaronPressman
JohnMastrini
JohnMastrini
AaronPressman
JohnMastrini
LydiaZajc
JohnMastrini
JohnMastrini
JohnMastrini
JohnMastrini
JohnMastrini
JohnMastrini
JanLopatka
SamuelPerry
JohnMastrini
AlanCrosby
JohnMastrini
JanLopatka
JohnMastrini
JohnMastrini
JanLopatka
JohnMastrini
JohnMastrini
JohnMastrini
JohnMastrini
JohnMastrini
JohnMastrini
JohnMastrini
JohnMastrini
JohnMastrini
AaronPressman
JohnMastrini
JohnMastrini
JohnMastrini
JanLopatka
LynneO'Donnell
JohnMastrini
JohnMastrini
JohnMastrini
JohnMastrini
JohnMastrini
JohnMastrini
JohnMastrini
JohnMastrini
JohnMastrini
JohnMastrini
JohnMastrini
SimonCowell
JanLopatka
JohnMastrini
JohnMastrini
JohnMastrini
JohnMastrini
SimonCowell
JohnMastrini
LynneO'Donnell
JohnMastrini
JohnMastrini
AlanCrosby
JanLopatka
AlanCrosby
JanLopatka
JanLopatka
JohnMastrini
JanLopatka
JohnMastrini
JohnMastrini
JohnMastrini
JohnMastrini
JohnMastrini
JanLopatka
SamuelPerry
SamuelPerry
RobinSidel
EdnaFernandes
EricAuchard
AaronPressman
KevinDrawbaugh
PierreTran
EricAuchard
KevinDrawbaugh
EricAuchard
SamuelPerry
KevinDrawbaugh
SamuelPerry
KevinDrawbaugh
EricAuchard
SamuelPerry
KevinDrawbaugh
KevinDrawbaugh
AaronPressman
EricAuchard
SamuelPerry
KevinDrawbaugh
KevinDrawbaugh
MichaelConnor
KevinDrawbaugh
SamuelPerry
SamuelPerry
KevinDrawbaugh
AaronPressman
KevinDrawbaugh
PatriciaCommins
SamuelPerry
PierreTran
EricAuchard
RobinSidel
KevinDrawbaugh
SamuelPerry
KevinDrawbaugh
KevinDrawbaugh
EricAuchard
KevinDrawbaugh
KevinDrawbaugh
BradDorfman
MichaelConnor
KevinDrawbaugh
KevinDrawbaugh
AlexanderSmith
BradDorfman
EricAuchard
KarlPenhaul
KarlPenhaul
KarlPenhaul
KarlPenhaul
KarlPenhaul
LynnleyBrowning
KarlPenhaul
KarlPenhaul
EdnaFernandes
KarlPenhaul
KarlPenhaul
KarlPenhaul
KarlPenhaul
KarlPenhaul
KarlPenhaul
KarlPenhaul
KarlPenhaul
KarlPenhaul
KarlPenhaul
KarlPenhaul
KarlPenhaul
KarlPenhaul
KarlPenhaul
KarlPenhaul
KarlPenhaul
KarlPenhaul
KarlPenhaul
KarlPenhaul
KarlPenhaul
KarlPenhaul
KarlPenhaul
KarlPenhaul
KarlPenhaul
KarlPenhaul
KarlPenhaul
KarlPenhaul
KarlPenhaul
KarlPenhaul
KarlPenhaul
KarlPenhaul
KarlPenhaul
KarlPenhaul
KarlPenhaul
KarlPenhaul
KarlPenhaul
KarlPenhaul
KarlPenhaul
KarlPenhaul
MatthewBunce
KarlPenhaul
KouroshKarimkhany
MartinWolk
KarlPenhaul
MartinWolk
EricAuchard
KarlPenhaul
MartinWolk
KouroshKarimkhany
MartinWolk
BradDorfman
MartinWolk
KarlPenhaul
MartinWolk
MartinWolk
MartinWolk
KarlPenhaul
KarlPenhaul
MartinWolk
KarlPenhaul
MartinWolk
MartinWolk
KarlPenhaul
MartinWolk
MartinWolk
MartinWolk
MartinWolk
MartinWolk
KarlPenhaul
MartinWolk
MartinWolk
MartinWolk
MartinWolk
MartinWolk
KarlPenhaul
BradDorfman
MartinWolk
MartinWolk
MartinWolk
MartinWolk
MartinWolk
MartinWolk
MartinWolk
MartinWolk
MartinWolk
KarlPenhaul
MartinWolk
MartinWolk
MartinWolk
MartinWolk
MartinWolk
LynneO'Donnell
KarlPenhaul
SarahDavison
KarlPenhaul
JaneMacartney
KarlPenhaul
KarlPenhaul
LynnleyBrowning
MureDickie
KarlPenhaul
ScottHillis
KarlPenhaul
KarlPenhaul
KarlPenhaul
KarlPenhaul
KarlPenhaul
ScottHillis
KarlPenhaul
ScottHillis
MureDickie
BenjaminKangLim
BenjaminKangLim
LynneO'Donnell
ScottHillis
KarlPenhaul
KarlPenhaul
BenjaminKangLim
KarlPenhaul
ScottHillis
KarlPenhaul
ScottHillis
KarlPenhaul
BenjaminKangLim
KarlPenhaul
ScottHillis
KarlPenhaul
ScottHillis
SarahDavison
ScottHillis
ScottHillis
ScottHillis
MartinWolk
KarlPenhaul
WilliamKazer
ScottHillis
BenjaminKangLim
ScottHillis
BenjaminKangLim
ScottHillis
MureDickie
DavidLawder
DavidLawder
DavidLawder
DavidLawder
DavidLawder
DavidLawder
DavidLawder
DavidLawder
DavidLawder
DavidLawder
DavidLawder
DavidLawder
DavidLawder
DavidLawder
DavidLawder
DavidLawder
DavidLawder
DavidLawder
DavidLawder
DavidLawder
DavidLawder
DavidLawder
DavidLawder
DavidLawder
DavidLawder
DavidLawder
DavidLawder
DavidLawder
DavidLawder
DavidLawder
DavidLawder
DavidLawder
DavidLawder
DavidLawder
DavidLawder
DavidLawder
DavidLawder
DavidLawder
DavidLawder
DavidLawder
DavidLawder
DavidLawder
DavidLawder
DavidLawder
DavidLawder
DavidLawder
DavidLawder
DavidLawder
DavidLawder
DavidLawder
FumikoFujisaki
FumikoFujisaki
FumikoFujisaki
KarlPenhaul
FumikoFujisaki
FumikoFujisaki
FumikoFujisaki
JoeOrtiz
FumikoFujisaki
FumikoFujisaki
FumikoFujisaki
KarlPenhaul
KarlPenhaul
KarlPenhaul
FumikoFujisaki
KarlPenhaul
KarlPenhaul
KarlPenhaul
KarlPenhaul
FumikoFujisaki
FumikoFujisaki
FumikoFujisaki
KarlPenhaul
FumikoFujisaki
KarlPenhaul
FumikoFujisaki
FumikoFujisaki
FumikoFujisaki
FumikoFujisaki
FumikoFujisaki
FumikoFujisaki
FumikoFujisaki
FumikoFujisaki
FumikoFujisaki
FumikoFujisaki
KarlPenhaul
FumikoFujisaki
FumikoFujisaki
FumikoFujisaki
FumikoFujisaki
FumikoFujisaki
FumikoFujisaki
FumikoFujisaki
FumikoFujisaki
FumikoFujisaki
FumikoFujisaki
FumikoFujisaki
FumikoFujisaki
FumikoFujisaki
KarlPenhaul
MarcelMichelson
KarlPenhaul
KarlPenhaul
KarlPenhaul
MarcelMichelson
KarlPenhaul
KarlPenhaul
KarlPenhaul
MarcelMichelson
KarlPenhaul
MarcelMichelson
MarcelMichelson
MarcelMichelson
KarlPenhaul
KarlPenhaul
MarcelMichelson
MarcelMichelson
MarcelMichelson
MarcelMichelson
MarcelMichelson
KarlPenhaul
MarcelMichelson
MarcelMichelson
KarlPenhaul
MarcelMichelson
MarcelMichelson
MarcelMichelson
MarcelMichelson
MarcelMichelson
MarcelMichelson
FumikoFujisaki
MarcelMichelson
MarcelMichelson
MarcelMichelson
KarlPenhaul
MarcelMichelson
MarcelMichelson
KarlPenhaul
PierreTran
PierreTran
MarcelMichelson
KarlPenhaul
PierreTran
MarcelMichelson
MarcelMichelson
MarcelMichelson
MarcelMichelson
MarcelMichelson
MarcelMichelson
MarcelMichelson
NickLouth
KarlPenhaul
TheresePoletti
NickLouth
KarlPenhaul
EricAuchard
KarlPenhaul
NickLouth
KarlPenhaul
EricAuchard
NickLouth
KarlPenhaul
NickLouth
NickLouth
NickLouth
NickLouth
KarlPenhaul
NickLouth
NickLouth
NickLouth
NickLouth
NickLouth
NickLouth
NickLouth
KarlPenhaul
KarlPenhaul
KarlPenhaul
KarlPenhaul
KarlPenhaul
NickLouth
SamuelPerry
NickLouth
NickLouth
EricAuchard
NickLouth
NickLouth
NickLouth
NickLouth
NickLouth
NickLouth
NickLouth
NickLouth
NickLouth
NickLouth
NickLouth
NickLouth
KirstinRidley
NickLouth
NickLouth
NickLouth
KarlPenhaul
KarlPenhaul
LydiaZajc
DarrenSchuettler
LydiaZajc
DarrenSchuettler
KarlPenhaul
DarrenSchuettler
DarrenSchuettler
DarrenSchuettler
DarrenSchuettler
DarrenSchuettler
DarrenSchuettler
DarrenSchuettler
DarrenSchuettler
DarrenSchuettler
DarrenSchuettler
DarrenSchuettler
DarrenSchuettler
DarrenSchuettler
DarrenSchuettler
DarrenSchuettler
DarrenSchuettler
DarrenSchuettler
DarrenSchuettler
DarrenSchuettler
DarrenSchuettler
DarrenSchuettler
DarrenSchuettler
DarrenSchuettler
DarrenSchuettler
DarrenSchuettler
DarrenSchuettler
DarrenSchuettler
DarrenSchuettler
DarrenSchuettler
DarrenSchuettler
DarrenSchuettler
DarrenSchuettler
DarrenSchuettler
LydiaZajc
DarrenSchuettler
DarrenSchuettler
KarlPenhaul
DarrenSchuettler
DarrenSchuettler
DarrenSchuettler
DarrenSchuettler
DarrenSchuettler
KarlPenhaul
KarlPenhaul
KarlPenhaul
ScottHillis
ScottHillis
WilliamKazer
DarrenSchuettler
DarrenSchuettler
LynneO'Donnell
LynneO'Donnell
ScottHillis
DarrenSchuettler
DarrenSchuettler
WilliamKazer
ScottHillis
ScottHillis
ScottHillis
KarlPenhaul
ScottHillis
MureDickie
ScottHillis
MureDickie
ScottHillis
KarlPenhaul
KarlPenhaul
ScottHillis
ScottHillis
DarrenSchuettler
ScottHillis
KarlPenhaul
DarrenSchuettler
BenjaminKangLim
KarlPenhaul
ScottHillis
DarrenSchuettler
JaneMacartney
KarlPenhaul
ScottHillis
ScottHillis
BenjaminKangLim
KarlPenhaul
KarlPenhaul
KarlPenhaul
ScottHillis
WilliamKazer
KarlPenhaul
KarlPenhaul
KarlPenhaul
ScottHillis
LynneO'Donnell
DarrenSchuettler
KarlPenhaul
KarlPenhaul
KarlPenhaul
KarlPenhaul
TanEeLyn
WilliamKazer
TanEeLyn
KarlPenhaul
KarlPenhaul
ScottHillis
SimonCowell
TanEeLyn
SimonCowell
TanEeLyn
KarlPenhaul
TanEeLyn
TanEeLyn
PeterHumphrey
TanEeLyn
TanEeLyn
TanEeLyn
TanEeLyn
TanEeLyn
TanEeLyn
TanEeLyn
TanEeLyn
TanEeLyn
TanEeLyn
TanEeLyn
SimonCowell
KarlPenhaul
TanEeLyn
PeterHumphrey
TanEeLyn
TanEeLyn
TanEeLyn
TanEeLyn
KarlPenhaul
TanEeLyn
TanEeLyn
TanEeLyn
KarlPenhaul
TanEeLyn
TanEeLyn
TanEeLyn
TanEeLyn
TanEeLyn
TanEeLyn
TanEeLyn
SimonCowell
PierreTran
KarlPenhaul
KarlPenhaul
KarlPenhaul
KarlPenhaul
PierreTran
PierreTran
KarlPenhaul
KarlPenhaul
KarlPenhaul
PierreTran
MarcelMichelson
MarcelMichelson
PierreTran
KarlPenhaul
EdnaFernandes
JoeOrtiz
KarlPenhaul
PierreTran
MarcelMichelson
PierreTran
KarlPenhaul
PierreTran
PierreTran
PierreTran
JoeOrtiz
MarcelMichelson
KarlPenhaul
MarcelMichelson
MarcelMichelson
KarlPenhaul
PierreTran
JoeOrtiz
PierreTran
PierreTran
KarlPenhaul
PierreTran
MarcelMichelson
MarcelMichelson
KarlPenhaul
PierreTran
PierreTran
PierreTran
PierreTran
PierreTran
PierreTran
PierreTran
PierreTran
MarcelMichelson
PierreTran
HeatherScoffield
KarlPenhaul
HeatherScoffield
HeatherScoffield
HeatherScoffield
HeatherScoffield
KarlPenhaul
HeatherScoffield
KarlPenhaul
HeatherScoffield
HeatherScoffield
HeatherScoffield
HeatherScoffield
HeatherScoffield
HeatherScoffield
HeatherScoffield
HeatherScoffield
HeatherScoffield
HeatherScoffield
HeatherScoffield
HeatherScoffield
HeatherScoffield
HeatherScoffield
HeatherScoffield
HeatherScoffield
HeatherScoffield
KevinMorrison
DarrenSchuettler
MartinWolk
HeatherScoffield
KarlPenhaul
HeatherScoffield
HeatherScoffield
HeatherScoffield
KarlPenhaul
HeatherScoffield
HeatherScoffield
HeatherScoffield
HeatherScoffield
HeatherScoffield
HeatherScoffield
HeatherScoffield
HeatherScoffield
HeatherScoffield
LydiaZajc
HeatherScoffield
KarlPenhaul
HeatherScoffield
HeatherScoffield
MarkBendeich
KarlPenhaul
ScottHillis
ScottHillis
KarlPenhaul
KarlPenhaul
TanEeLyn
KarlPenhaul
ScottHillis
KarlPenhaul
BenjaminKangLim
KarlPenhaul
JoeOrtiz
KarlPenhaul
BenjaminKangLim
ScottHillis
KarlPenhaul
ScottHillis
ScottHillis
BenjaminKangLim
MureDickie
JoeOrtiz
JonathanBirt
KarlPenhaul
MureDickie
KarlPenhaul
ScottHillis
KarlPenhaul
TanEeLyn
MureDickie
KarlPenhaul
JaneMacartney
TanEeLyn
MureDickie
KarlPenhaul
SamuelPerry
KarlPenhaul
KarlPenhaul
MureDickie
GrahamEarnshaw
KarlPenhaul
ScottHillis
KarlPenhaul
KarlPenhaul
MureDickie
KarlPenhaul
KarlPenhaul
TanEeLyn
BenjaminKangLim
JoeOrtiz
WilliamKazer
KarlPenhaul
RogerFillion
KarlPenhaul
KarlPenhaul
RogerFillion
DarrenSchuettler
RogerFillion
KarlPenhaul
KarlPenhaul
RogerFillion
KarlPenhaul
RogerFillion
KarlPenhaul
KarlPenhaul
RogerFillion
NickLouth
RogerFillion
RogerFillion
RogerFillion
RogerFillion
RogerFillion
RogerFillion
RogerFillion
KarlPenhaul
RogerFillion
KarlPenhaul
KarlPenhaul
KarlPenhaul
RogerFillion
PierreTran
KarlPenhaul
RogerFillion
RogerFillion
RogerFillion
RogerFillion
RogerFillion
RogerFillion
RogerFillion
RogerFillion
RogerFillion
KarlPenhaul
RogerFillion
RogerFillion
KarlPenhaul
RogerFillion
RogerFillion
RogerFillion
KarlPenhaul
RogerFillion
PierreTran
TanEeLyn
PierreTran
TanEeLyn
PierreTran
PierreTran
PierreTran
PierreTran
TanEeLyn
KarlPenhaul
TanEeLyn
TanEeLyn
PierreTran
PierreTran
PierreTran
TanEeLyn
TanEeLyn
PierreTran
PierreTran
PierreTran
PierreTran
RobinSidel
TanEeLyn
PierreTran
PierreTran
PierreTran
TanEeLyn
PierreTran
KarlPenhaul
PierreTran
PierreTran
PierreTran
PierreTran
PierreTran
PierreTran
PierreTran
KarlPenhaul
PierreTran
PierreTran
PierreTran
PierreTran
PierreTran
PierreTran
KarlPenhaul
PierreTran
PierreTran
PierreTran
TanEeLyn
TanEeLyn
KarlPenhaul
PierreTran
DavidLawder
BradDorfman
KarlPenhaul
DarrenSchuettler
KarlPenhaul
BradDorfman
DarrenSchuettler
DarrenSchuettler
PierreTran
BradDorfman
BradDorfman
BradDorfman
BradDorfman
KarlPenhaul
DavidLawder
MartinWolk
KarlPenhaul
DarrenSchuettler
DarrenSchuettler
JoeOrtiz
BradDorfman
DarrenSchuettler
KarlPenhaul
DarrenSchuettler
KarlPenhaul
KarlPenhaul
DarrenSchuettler
DarrenSchuettler
DarrenSchuettler
BradDorfman
HeatherScoffield
KarlPenhaul
DarrenSchuettler
DarrenSchuettler
BradDorfman
BradDorfman
TheresePoletti
KarlPenhaul
DarrenSchuettler
DarrenSchuettler
KarlPenhaul
DarrenSchuettler
MartinWolk
KarlPenhaul
PierreTran
BradDorfman
HeatherScoffield
DarrenSchuettler
BradDorfman
DavidLawder
KarlPenhaul
JanLopatka
JohnMastrini
AlanCrosby
KarlPenhaul
KarlPenhaul
JoeOrtiz
KarlPenhaul
AlanCrosby
JoeOrtiz
KarlPenhaul
JoeOrtiz
KarlPenhaul
KarlPenhaul
KarlPenhaul
DarrenSchuettler
JoeOrtiz
JoeOrtiz
KarlPenhaul
JanLopatka
DarrenSchuettler
KarlPenhaul
JanLopatka
JoeOrtiz
AlanCrosby
JanLopatka
JanLopatka
DarrenSchuettler
DarrenSchuettler
DarrenSchuettler
KarlPenhaul
JoeOrtiz
JanLopatka
AlanCrosby
DarrenSchuettler
JoeOrtiz
JanLopatka
JoeOrtiz
AlanCrosby
DarrenSchuettler
JanLopatka
KarlPenhaul
KarlPenhaul
JoeOrtiz
JoeOrtiz
AlanCrosby
JanLopatka
DarrenSchuettler
KarlPenhaul
AlanCrosby
KarlPenhaul
PierreTran
KarlPenhaul
KarlPenhaul
KarlPenhaul
MureDickie
JonathanBirt
KarlPenhaul
KarlPenhaul
JonathanBirt
KarlPenhaul
JoeOrtiz
KarlPenhaul
JonathanBirt
PierreTran
KarlPenhaul
JoeOrtiz
KarlPenhaul
JonathanBirt
JonathanBirt
MarcelMichelson
JoeOrtiz
KarlPenhaul
JoeOrtiz
EdnaFernandes
KarlPenhaul
KarlPenhaul
JoeOrtiz
KarlPenhaul
KarlPenhaul
KarlPenhaul
KarlPenhaul
JonathanBirt
JoeOrtiz
JoeOrtiz
MarcelMichelson
JonathanBirt
KarlPenhaul
KarlPenhaul
KarlPenhaul
KarlPenhaul
KarlPenhaul
KarlPenhaul
EdnaFernandes
JonathanBirt
KarlPenhaul
KarlPenhaul
JoeOrtiz
KarlPenhaul
KarlPenhaul
ScottHillis
TanEeLyn
KarlPenhaul
KarlPenhaul
KarlPenhaul
KarlPenhaul
KarlPenhaul
KarlPenhaul
KarlPenhaul
KarlPenhaul
MureDickie
MureDickie
TanEeLyn
KarlPenhaul
KarlPenhaul
TanEeLyn
JoeOrtiz
KarlPenhaul
MureDickie
MureDickie
KarlPenhaul
KarlPenhaul
KarlPenhaul
MureDickie
KarlPenhaul
KarlPenhaul
BenjaminKangLim
KarlPenhaul
TanEeLyn
KarlPenhaul
KarlPenhaul
KarlPenhaul
BenjaminKangLim
MureDickie
MureDickie
BenjaminKangLim
KarlPenhaul
KarlPenhaul
JoeOrtiz
KarlPenhaul
KarlPenhaul
BenjaminKangLim
MureDickie
KarlPenhaul
KarlPenhaul
KarlPenhaul
MureDickie
KarlPenhaul
KarlPenhaul
ScottHillis
SamuelPerry
TheresePoletti
MartinWolk
MartinWolk
TheresePoletti
TheresePoletti
TheresePoletti
EricAuchard
MartinWolk
TheresePoletti
MarcelMichelson
MartinWolk
TheresePoletti
TheresePoletti
SamuelPerry
TheresePoletti
TheresePoletti
MartinWolk
KarlPenhaul
TheresePoletti
MartinWolk
MarcelMichelson
TheresePoletti
TheresePoletti
TheresePoletti
AaronPressman
TheresePoletti
MartinWolk
TheresePoletti
TheresePoletti
TheresePoletti
TheresePoletti
TheresePoletti
TheresePoletti
TheresePoletti
TheresePoletti
TheresePoletti
MartinWolk
TheresePoletti
TheresePoletti
SamuelPerry
SamuelPerry
DarrenSchuettler
KarlPenhaul
TheresePoletti
KarlPenhaul
TheresePoletti
TheresePoletti
AaronPressman
MartinWolk
KeithWeir
KarlPenhaul
KarlPenhaul
KarlPenhaul
KeithWeir
KarlPenhaul
KeithWeir
KarlPenhaul
KarlPenhaul
KarlPenhaul
KarlPenhaul
KarlPenhaul
KarlPenhaul
SimonCowell
KeithWeir
KarlPenhaul
EdnaFernandes
KarlPenhaul
KeithWeir
KeithWeir
KeithWeir
KarlPenhaul
KeithWeir
MarcelMichelson
KarlPenhaul
SimonCowell
KarlPenhaul
KarlPenhaul
KarlPenhaul
KeithWeir
KeithWeir
KarlPenhaul
KarlPenhaul
KarlPenhaul
KeithWeir
KeithWeir
KarlPenhaul
KirstinRidley
NickLouth
KeithWeir
KarlPenhaul
KarlPenhaul
NickLouth
KeithWeir
KarlPenhaul
TheresePoletti
KeithWeir
KirstinRidley
TanEeLyn
KarlPenhaul
KarlPenhaul
JoeOrtiz
KarlPenhaul
JoeOrtiz
JoeOrtiz
NickLouth
EdnaFernandes
JoWinterbottom
JoWinterbottom
KarlPenhaul
JoeOrtiz
JoWinterbottom
KarlPenhaul
KarlPenhaul
JoWinterbottom
JoeOrtiz
KarlPenhaul
KarlPenhaul
JoeOrtiz
EdnaFernandes
JoWinterbottom
KarlPenhaul
KarlPenhaul
KarlPenhaul
EdnaFernandes
KarlPenhaul
KarlPenhaul
JoeOrtiz
KarlPenhaul
JoWinterbottom
JoWinterbottom
EdnaFernandes
JoWinterbottom
JoWinterbottom
DarrenSchuettler
JoWinterbottom
EdnaFernandes
KarlPenhaul
KarlPenhaul
JoeOrtiz
KarlPenhaul
KarlPenhaul
KarlPenhaul
JoWinterbottom
KarlPenhaul
JoWinterbottom
JoWinterbottom
JoeOrtiz
JoeOrtiz
KarlPenhaul
KarlPenhaul
KarlPenhaul
MarkBendeich
MarkBendeich
KarlPenhaul
MarkBendeich
KarlPenhaul
MarkBendeich
KarlPenhaul
KarlPenhaul
KarlPenhaul
MarkBendeich
KarlPenhaul
MarkBendeich
TheresePoletti
MarkBendeich
MarkBendeich
MarkBendeich
TheresePoletti
DarrenSchuettler
MarkBendeich
HeatherScoffield
MarkBendeich
KarlPenhaul
KarlPenhaul
MarkBendeich
MarkBendeich
MarkBendeich
MarkBendeich
LydiaZajc
MarkBendeich
MarkBendeich
MarkBendeich
MarkBendeich
MarkBendeich
MarkBendeich
MarkBendeich
MarkBendeich
MarkBendeich
MarkBendeich
MarkBendeich
MarkBendeich
MarkBendeich
MarkBendeich
MarkBendeich
MarkBendeich
MarkBendeich
MarkBendeich
MarkBendeich
MarkBendeich
KarlPenhaul
KarlPenhaul
KarlPenhaul
KarlPenhaul
JaneMacartney
MarkBendeich
JaneMacartney
KarlPenhaul
MarkBendeich
KarlPenhaul
KarlPenhaul
KarlPenhaul
KarlPenhaul
KarlPenhaul
KarlPenhaul
TanEeLyn
MarkBendeich
JaneMacartney
KarlPenhaul
MarkBendeich
BenjaminKangLim
JaneMacartney
KarlPenhaul
KarlPenhaul
KarlPenhaul
MureDickie
KarlPenhaul
KarlPenhaul
KarlPenhaul
KarlPenhaul
KarlPenhaul
KarlPenhaul
KarlPenhaul
KarlPenhaul
KarlPenhaul
KarlPenhaul
MarkBendeich
MarkBendeich
KarlPenhaul
KarlPenhaul
KarlPenhaul
KarlPenhaul
MarkBendeich
KarlPenhaul
KarlPenhaul
KarlPenhaul
KarlPenhaul
KarlPenhaul
KarlPenhaul
MarkBendeich
MarkBendeich
KarlPenhaul
KarlPenhaul
MarkBendeich
MarkBendeich
KarlPenhaul
KarlPenhaul
MarkBendeich
KarlPenhaul
KarlPenhaul
KarlPenhaul
MarkBendeich
MatthewBunce
KarlPenhaul
MarkBendeich
KarlPenhaul
MarkBendeich
KarlPenhaul
KarlPenhaul
MarkBendeich
KarlPenhaul
KarlPenhaul
KarlPenhaul
MarkBendeich
MatthewBunce
MarkBendeich
MarkBendeich
KarlPenhaul
KarlPenhaul
MarkBendeich
MarkBendeich
MarkBendeich
KarlPenhaul
KarlPenhaul
KarlPenhaul
MarkBendeich
MarkBendeich
MatthewBunce
MatthewBunce
KarlPenhaul
MarkBendeich
KarlPenhaul
MarkBendeich
KarlPenhaul
MarkBendeich
KarlPenhaul
KarlPenhaul
KarlPenhaul
KarlPenhaul
MarkBendeich
MarkBendeich
DavidLawder
MarkBendeich
ToddNissen
ToddNissen
KarlPenhaul
DavidLawder
DavidLawder
MarkBendeich
KarlPenhaul
MarkBendeich
KarlPenhaul
MarkBendeich
MarkBendeich
ToddNissen
ToddNissen
MarkBendeich
DavidLawder
ToddNissen
ToddNissen
MarkBendeich
ToddNissen
ToddNissen
ToddNissen
KarlPenhaul
KarlPenhaul
ToddNissen
ToddNissen
ToddNissen
MarkBendeich
MarkBendeich
MarkBendeich
DavidLawder
ToddNissen
MarkBendeich
MarkBendeich
KarlPenhaul
MarkBendeich
MarkBendeich
ToddNissen
ToddNissen
DavidLawder
KarlPenhaul
KarlPenhaul
DavidLawder
ToddNissen
DavidLawder
ToddNissen
KarlPenhaul
ToddNissen
KarlPenhaul
TanEeLyn
TanEeLyn
TanEeLyn
TanEeLyn
TanEeLyn
TanEeLyn
TanEeLyn
TanEeLyn
TanEeLyn
TanEeLyn
TanEeLyn
TanEeLyn
TanEeLyn
KarlPenhaul
TanEeLyn
KarlPenhaul
TanEeLyn
TanEeLyn
TanEeLyn
TanEeLyn
TanEeLyn
TanEeLyn
TanEeLyn
TanEeLyn
KarlPenhaul
KarlPenhaul
KarlPenhaul
TanEeLyn
TanEeLyn
TanEeLyn
TanEeLyn
TanEeLyn
TanEeLyn
TanEeLyn
TanEeLyn
TanEeLyn
TanEeLyn
TanEeLyn
TanEeLyn
TanEeLyn
TanEeLyn
KarlPenhaul
KarlPenhaul
TanEeLyn
KarlPenhaul
TanEeLyn
TanEeLyn
KarlPenhaul
KarlPenhaul
KarlPenhaul
MarkBendeich
KarlPenhaul
MarkBendeich
MarkBendeich
MarkBendeich
MarkBendeich
MarkBendeich
MarkBendeich
MarkBendeich
MarkBendeich
MarkBendeich
KarlPenhaul
MarkBendeich
MarkBendeich
MarkBendeich
MarkBendeich
MarkBendeich
MarkBendeich
MarkBendeich
MarkBendeich
MarkBendeich
KarlPenhaul
MarkBendeich
MarkBendeich
MarkBendeich
MarkBendeich
BernardHickey
TimFarrand
MarkBendeich
MarkBendeich
KarlPenhaul
MarkBendeich
MarkBendeich
TimFarrand
MarkBendeich
MarkBendeich
MarkBendeich
MarkBendeich
TimFarrand
MarkBendeich
MarkBendeich
TimFarrand
TimFarrand
MarkBendeich
TimFarrand
TimFarrand
MarkBendeich
TimFarrand
MarkBendeich
MarkBendeich
MarkBendeich
MarkBendeich
KarlPenhaul
MarkBendeich
MarkBendeich
MarkBendeich
KarlPenhaul
KarlPenhaul
KarlPenhaul
TanEeLyn
MarkBendeich
MarkBendeich
KarlPenhaul
MarkBendeich
KarlPenhaul
KarlPenhaul
MarkBendeich
TanEeLyn
MarkBendeich
MarkBendeich
TanEeLyn
MarkBendeich
KarlPenhaul
MarkBendeich
TanEeLyn
KarlPenhaul
MarkBendeich
MarkBendeich
KarlPenhaul
KarlPenhaul
KarlPenhaul
MarkBendeich
MarkBendeich
MarkBendeich
MarkBendeich
MarkBendeich
MarkBendeich
TanEeLyn
TanEeLyn
TanEeLyn
TanEeLyn
KarlPenhaul
TanEeLyn
TanEeLyn
MarkBendeich
KarlPenhaul
MarkBendeich
MarkBendeich
MarkBendeich
MarkBendeich
KarlPenhaul
MarkBendeich
MarkBendeich
MarkBendeich
MarkBendeich
GrahamEarnshaw
KarlPenhaul
MarkBendeich
MarkBendeich
MarkBendeich
MarkBendeich
KarlPenhaul
MarkBendeich
KarlPenhaul
MarkBendeich
MarkBendeich
MarkBendeich
KarlPenhaul
MarkBendeich
MarkBendeich
MarkBendeich
MarkBendeich
MarkBendeich
MarkBendeich
KarlPenhaul
MarkBendeich
MarkBendeich
MarkBendeich
KarlPenhaul
MarkBendeich
MarkBendeich
MarkBendeich
MarkBendeich
KarlPenhaul
MarkBendeich
MarkBendeich
MarkBendeich
MarkBendeich
MarkBendeich
MarkBendeich
MarkBendeich
MarkBendeich
MarkBendeich
MarkBendeich
MarkBendeich
MarkBendeich
MarkBendeich
MarkBendeich
MarkBendeich
MarkBendeich
MarkBendeich
MarkBendeich
MarkBendeich
MarkBendeich
KarlPenhaul
MarkBendeich
KarlPenhaul
MarkBendeich
MarkBendeich
MarkBendeich
MarkBendeich
MarkBendeich
MarkBendeich
MarkBendeich
MarkBendeich
MarkBendeich
MarkBendeich
MarkBendeich
MarkBendeich
MarkBendeich
MarkBendeich
MarkBendeich
KarlPenhaul
MarkBendeich
MarkBendeich
MarkBendeich
MarkBendeich
MarkBendeich
MarkBendeich
MarkBendeich
MarkBendeich
MarkBendeich
MarkBendeich
MarkBendeich
MarkBendeich
MarkBendeich
MarkBendeich
MarkBendeich
MarkBendeich
MarkBendeich
MarkBendeich
MarkBendeich
MarkBendeich
MarkBendeich
MarkBendeich
MarkBendeich
MarkBendeich
MarkBendeich
MarkBendeich
MarkBendeich
MarkBendeich
NickLouth
MarkBendeich
MarkBendeich
MarkBendeich
MarkBendeich
MarkBendeich
MarkBendeich
MarkBendeich
MarkBendeich
KarlPenhaul
MarkBendeich
KarlPenhaul
MarkBendeich
NickLouth
PierreTran
MarkBendeich
KarlPenhaul
KarlPenhaul
MarkBendeich
MarkBendeich
MarkBendeich
MarkBendeich
MarkBendeich
TheresePoletti
MarkBendeich
MarkBendeich
KarlPenhaul
KarlPenhaul
MarkBendeich
MarkBendeich
MarkBendeich
MarkBendeich
NickLouth
KarlPenhaul
MarkBendeich
MarkBendeich
MarkBendeich
KarlPenhaul
MarkBendeich
MarkBendeich
MarkBendeich
KarlPenhaul
MarkBendeich
MarkBendeich
MarkBendeich
MarkBendeich
MarkBendeich
KarlPenhaul
MarkBendeich
MarkBendeich
MarkBendeich
MarkBendeich
MarkBendeich
MarkBendeich
MarkBendeich
MarkBendeich
MarkBendeich
KarlPenhaul
MarkBendeich
KarlPenhaul
KarlPenhaul
MarkBendeich
NickLouth
MarkBendeich
MarkBendeich
NickLouth
NickLouth
MarkBendeich
MarkBendeich
MarkBendeich
MarkBendeich
MarkBendeich
KarlPenhaul
MarkBendeich
MarkBendeich
MarkBendeich
MarkBendeich
KarlPenhaul
MarkBendeich
MarkBendeich
MarkBendeich
MarkBendeich
NickLouth
MarkBendeich
MarkBendeich
MarkBendeich
KarlPenhaul
MarkBendeich
MarkBendeich
MarkBendeich
MarkBendeich
MarkBendeich
NickLouth
MarkBendeich
AlexanderSmith
MarkBendeich
MarkBendeich
MarkBendeich
MarkBendeich
HeatherScoffield
MarkBendeich
MarkBendeich
MarkBendeich
MarkBendeich
MarkBendeich
MarkBendeich
LydiaZajc
HeatherScoffield
MarkBendeich
DarrenSchuettler
LydiaZajc
LydiaZajc
MarkBendeich
MarkBendeich
LydiaZajc
MarkBendeich
LydiaZajc
MarkBendeich
MarkBendeich
MarkBendeich
MarkBendeich
MarkBendeich
LydiaZajc
HeatherScoffield
KarlPenhaul
MarkBendeich
MarkBendeich
MarkBendeich
MarkBendeich
MarkBendeich
MarkBendeich
MarkBendeich
LydiaZajc
MarkBendeich
MarkBendeich
MarkBendeich
MarkBendeich
HeatherScoffield
MarkBendeich
MarkBendeich
LydiaZajc
DarrenSchuettler
MarkBendeich
MarkBendeich
HeatherScoffield
LydiaZajc
DarrenSchuettler
MarkBendeich
