-> reading ground truths from  truths.out
-> reading results from  result.out
-- Evaluation Results --
Total Correct:    1109
Total Incorrect:  1391
Overall Accuracy: 0.4436
Authors:
  - WilliamKazer:
      hits = 3,  strikes = 5,  misses = 47
      precision = 0.3750,  recall = 0.0600,  f-measure = 0.1034
  - JohnMastrini:
      hits = 31,  strikes = 37,  misses = 19
      precision = 0.4474,  recall = 0.3400,  f-measure = 0.3864
  - RobinSidel:
      hits = 44,  strikes = 13,  misses = 6
      precision = 0.5865,  recall = 0.5200,  f-measure = 0.5512
  - TanEeLyn:
      hits = 32,  strikes = 70,  misses = 18
      precision = 0.4681,  recall = 0.5500,  f-measure = 0.5057
  - JonathanBirt:
      hits = 8,  strikes = 3,  misses = 42
      precision = 0.4797,  recall = 0.4720,  f-measure = 0.4758
  - EricAuchard:
      hits = 31,  strikes = 33,  misses = 19
      precision = 0.4806,  recall = 0.4967,  f-measure = 0.4885
  - JoeOrtiz:
      hits = 38,  strikes = 56,  misses = 12
      precision = 0.4629,  recall = 0.5343,  f-measure = 0.4960
  - LynneO'Donnell:
      hits = 43,  strikes = 10,  misses = 7
      precision = 0.5033,  recall = 0.5750,  f-measure = 0.5368
  - BradDorfman:
      hits = 12,  strikes = 8,  misses = 38
      precision = 0.5073,  recall = 0.5378,  f-measure = 0.5221
  - PeterHumphrey:
      hits = 0,  strikes = 3,  misses = 50
      precision = 0.5042,  recall = 0.4840,  f-measure = 0.4939
  - AaronPressman:
      hits = 38,  strikes = 35,  misses = 12
      precision = 0.5063,  recall = 0.5091,  f-measure = 0.5077
  - MichaelConnor:
      hits = 39,  strikes = 6,  misses = 11
      precision = 0.5334,  recall = 0.5317,  f-measure = 0.5326
  - KevinMorrison:
      hits = 24,  strikes = 2,  misses = 26
      precision = 0.5497,  recall = 0.5277,  f-measure = 0.5385
  - DarrenSchuettler:
      hits = 42,  strikes = 41,  misses = 8
      precision = 0.5446,  recall = 0.5500,  f-measure = 0.5473
  - MarcelMichelson:
      hits = 32,  strikes = 14,  misses = 18
      precision = 0.5538,  recall = 0.5560,  f-measure = 0.5549
  - BenjaminKangLim:
      hits = 4,  strikes = 13,  misses = 46
      precision = 0.5468,  recall = 0.5262,  f-measure = 0.5363
  - MarkBendeich:
      hits = 35,  strikes = 301,  misses = 15
      precision = 0.4123,  recall = 0.5365,  f-measure = 0.4663
  - MatthewBunce:
      hits = 4,  strikes = 2,  misses = 46
      precision = 0.4137,  recall = 0.5111,  f-measure = 0.4573
  - TimFarrand:
      hits = 8,  strikes = 2,  misses = 42
      precision = 0.4171,  recall = 0.4926,  f-measure = 0.4517
  - MureDickie:
      hits = 6,  strikes = 16,  misses = 44
      precision = 0.4143,  recall = 0.4740,  f-measure = 0.4422
  - RogerFillion:
      hits = 30,  strikes = 1,  misses = 20
      precision = 0.4289,  recall = 0.4800,  f-measure = 0.4530
  - FumikoFujisaki:
      hits = 37,  strikes = 5,  misses = 13
      precision = 0.4445,  recall = 0.4918,  f-measure = 0.4670
  - PierreTran:
      hits = 23,  strikes = 46,  misses = 27
      precision = 0.4386,  recall = 0.4904,  f-measure = 0.4631
  - KevinDrawbaugh:
      hits = 18,  strikes = 6,  misses = 32
      precision = 0.4443,  recall = 0.4850,  f-measure = 0.4637
  - KirstinRidley:
      hits = 0,  strikes = 4,  misses = 50
      precision = 0.4429,  recall = 0.4656,  f-measure = 0.4540
  - SimonCowell:
      hits = 22,  strikes = 8,  misses = 28
      precision = 0.4494,  recall = 0.4646,  f-measure = 0.4569
  - KarlPenhaul:
      hits = 47,  strikes = 423,  misses = 3
      precision = 0.3589,  recall = 0.4822,  f-measure = 0.4115
  - KouroshKarimkhany:
      hits = 45,  strikes = 26,  misses = 5
      precision = 0.3692,  recall = 0.4971,  f-measure = 0.4237
  - LydiaZajc:
      hits = 9,  strikes = 7,  misses = 41
      precision = 0.3709,  recall = 0.4862,  f-measure = 0.4208
  - AlexanderSmith:
      hits = 1,  strikes = 4,  misses = 49
      precision = 0.3704,  recall = 0.4707,  f-measure = 0.4146
  - HeatherScoffield:
      hits = 39,  strikes = 9,  misses = 11
      precision = 0.3813,  recall = 0.4806,  f-measure = 0.4252
  - JanLopatka:
      hits = 7,  strikes = 15,  misses = 43
      precision = 0.3806,  recall = 0.4700,  f-measure = 0.4206
  - MartinWolk:
      hits = 35,  strikes = 16,  misses = 15
      precision = 0.3883,  recall = 0.4770,  f-measure = 0.4281
  - JimGilchrist:
      hits = 0,  strikes = 2,  misses = 50
      precision = 0.3879,  recall = 0.4629,  f-measure = 0.4221
  - SarahDavison:
      hits = 0,  strikes = 3,  misses = 50
      precision = 0.3873,  recall = 0.4497,  f-measure = 0.4162
  - GrahamEarnshaw:
      hits = 1,  strikes = 3,  misses = 49
      precision = 0.3870,  recall = 0.4378,  f-measure = 0.4108
  - LynnleyBrowning:
      hits = 47,  strikes = 14,  misses = 3
      precision = 0.3982,  recall = 0.4514,  f-measure = 0.4231
  - DavidLawder:
      hits = 50,  strikes = 11,  misses = 0
      precision = 0.4101,  recall = 0.4658,  f-measure = 0.4362
  - BernardHickey:
      hits = 0,  strikes = 3,  misses = 50
      precision = 0.4095,  recall = 0.4538,  f-measure = 0.4306
  - NickLouth:
      hits = 33,  strikes = 14,  misses = 17
      precision = 0.4158,  recall = 0.4590,  f-measure = 0.4363
  - KeithWeir:
      hits = 15,  strikes = 3,  misses = 35
      precision = 0.4191,  recall = 0.4551,  f-measure = 0.4364
  - JoWinterbottom:
      hits = 13,  strikes = 2,  misses = 37
      precision = 0.4221,  recall = 0.4505,  f-measure = 0.4358
  - ToddNissen:
      hits = 18,  strikes = 0,  misses = 32
      precision = 0.4267,  recall = 0.4484,  f-measure = 0.4373
  - ScottHillis:
      hits = 14,  strikes = 28,  misses = 36
      precision = 0.4250,  recall = 0.4445,  f-measure = 0.4346
  - EdnaFernandes:
      hits = 38,  strikes = 16,  misses = 12
      precision = 0.4314,  recall = 0.4516,  f-measure = 0.4413
  - AlanCrosby:
      hits = 7,  strikes = 5,  misses = 43
      precision = 0.4322,  recall = 0.4448,  f-measure = 0.4384
  - JaneMacartney:
      hits = 4,  strikes = 3,  misses = 46
      precision = 0.4326,  recall = 0.4370,  f-measure = 0.4348
  - SamuelPerry:
      hits = 16,  strikes = 27,  misses = 34
      precision = 0.4315,  recall = 0.4346,  f-measure = 0.4330
  - PatriciaCommins:
      hits = 38,  strikes = 2,  misses = 12
      precision = 0.4400,  recall = 0.4412,  f-measure = 0.4406
  - TheresePoletti:
      hits = 28,  strikes = 15,  misses = 22
      precision = 0.4436,  recall = 0.4436,  f-measure = 0.4436
-> writing confusion matrix to  conf.csv
