GrahamEarnshaw
RobinSidel
FumikoFujisaki
RobinSidel
RobinSidel
RobinSidel
RobinSidel
RobinSidel
RobinSidel
RobinSidel
EdnaFernandes
RobinSidel
PierreTran
RobinSidel
MichaelConnor
GrahamEarnshaw
RobinSidel
RobinSidel
RobinSidel
RobinSidel
KevinDrawbaugh
MartinWolk
RobinSidel
RobinSidel
DarrenSchuettler
RobinSidel
RobinSidel
RobinSidel
RobinSidel
RobinSidel
RobinSidel
RobinSidel
RobinSidel
RobinSidel
RobinSidel
RobinSidel
RobinSidel
MarkBendeich
BradDorfman
RobinSidel
JonathanBirt
DarrenSchuettler
RobinSidel
RobinSidel
RobinSidel
RobinSidel
RobinSidel
RobinSidel
JonathanBirt
RobinSidel
LynnleyBrowning
LynnleyBrowning
LynnleyBrowning
LynnleyBrowning
MatthewBunce
LynnleyBrowning
LynnleyBrowning
LynnleyBrowning
LynnleyBrowning
LynnleyBrowning
LynnleyBrowning
LynnleyBrowning
LynnleyBrowning
LynnleyBrowning
LynnleyBrowning
LynnleyBrowning
LynnleyBrowning
LynnleyBrowning
LynnleyBrowning
LynnleyBrowning
LynnleyBrowning
LynnleyBrowning
LynnleyBrowning
LynnleyBrowning
LynnleyBrowning
LynnleyBrowning
LynnleyBrowning
LynnleyBrowning
LynnleyBrowning
LynnleyBrowning
LynnleyBrowning
LynnleyBrowning
LynnleyBrowning
LynnleyBrowning
LynnleyBrowning
LynnleyBrowning
LynnleyBrowning
LynnleyBrowning
LynnleyBrowning
LynnleyBrowning
LynnleyBrowning
HeatherScoffield
LynnleyBrowning
LynnleyBrowning
LynnleyBrowning
LynnleyBrowning
LynnleyBrowning
LynnleyBrowning
LynnleyBrowning
LynnleyBrowning
KouroshKarimkhany
EricAuchard
HeatherScoffield
KouroshKarimkhany
KouroshKarimkhany
KouroshKarimkhany
KouroshKarimkhany
KouroshKarimkhany
KouroshKarimkhany
KouroshKarimkhany
KouroshKarimkhany
KouroshKarimkhany
KouroshKarimkhany
KouroshKarimkhany
KouroshKarimkhany
KouroshKarimkhany
KouroshKarimkhany
SamuelPerry
KouroshKarimkhany
KouroshKarimkhany
KouroshKarimkhany
KouroshKarimkhany
KouroshKarimkhany
KouroshKarimkhany
KouroshKarimkhany
KouroshKarimkhany
KouroshKarimkhany
KouroshKarimkhany
KouroshKarimkhany
KouroshKarimkhany
KouroshKarimkhany
KouroshKarimkhany
KouroshKarimkhany
KouroshKarimkhany
KouroshKarimkhany
KouroshKarimkhany
KouroshKarimkhany
SamuelPerry
EricAuchard
KouroshKarimkhany
KouroshKarimkhany
KouroshKarimkhany
SamuelPerry
KouroshKarimkhany
KouroshKarimkhany
KouroshKarimkhany
EricAuchard
KouroshKarimkhany
MartinWolk
TheresePoletti
MichaelConnor
MichaelConnor
MichaelConnor
EricAuchard
MichaelConnor
MichaelConnor
MichaelConnor
MichaelConnor
MichaelConnor
MichaelConnor
KouroshKarimkhany
SamuelPerry
MichaelConnor
MichaelConnor
MichaelConnor
MichaelConnor
MichaelConnor
MichaelConnor
ToddNissen
MichaelConnor
MichaelConnor
MichaelConnor
MichaelConnor
MichaelConnor
MichaelConnor
MichaelConnor
MichaelConnor
MichaelConnor
MichaelConnor
MichaelConnor
MichaelConnor
MichaelConnor
MichaelConnor
MichaelConnor
MichaelConnor
MichaelConnor
MichaelConnor
MichaelConnor
MichaelConnor
PierreTran
MichaelConnor
MichaelConnor
MichaelConnor
MichaelConnor
MichaelConnor
PatriciaCommins
MichaelConnor
MichaelConnor
MichaelConnor
MichaelConnor
JoeOrtiz
JoeOrtiz
JoeOrtiz
JoeOrtiz
JoeOrtiz
JoeOrtiz
JoWinterbottom
JoeOrtiz
JoeOrtiz
SimonCowell
EdnaFernandes
JoeOrtiz
JoeOrtiz
DarrenSchuettler
JoeOrtiz
JoeOrtiz
JoeOrtiz
JoeOrtiz
SimonCowell
JoeOrtiz
EdnaFernandes
JoeOrtiz
JoeOrtiz
JoeOrtiz
EdnaFernandes
JoeOrtiz
AlexanderSmith
JoeOrtiz
JoeOrtiz
JoeOrtiz
JoeOrtiz
EdnaFernandes
TimFarrand
JoeOrtiz
DarrenSchuettler
KevinDrawbaugh
JoeOrtiz
BenjaminKangLim
JoeOrtiz
JoeOrtiz
SimonCowell
JoeOrtiz
BradDorfman
JoeOrtiz
DarrenSchuettler
JoeOrtiz
JoeOrtiz
JoeOrtiz
PierreTran
JohnMastrini
EricAuchard
EricAuchard
EricAuchard
EricAuchard
EricAuchard
EricAuchard
KouroshKarimkhany
KouroshKarimkhany
EricAuchard
EricAuchard
TheresePoletti
EricAuchard
EricAuchard
MichaelConnor
KouroshKarimkhany
KouroshKarimkhany
EricAuchard
EricAuchard
EricAuchard
EricAuchard
KouroshKarimkhany
TheresePoletti
EricAuchard
EricAuchard
NickLouth
EricAuchard
TheresePoletti
SamuelPerry
EricAuchard
SamuelPerry
MartinWolk
EricAuchard
EricAuchard
EricAuchard
TheresePoletti
NickLouth
SamuelPerry
EricAuchard
NickLouth
EricAuchard
EricAuchard
KouroshKarimkhany
EricAuchard
KeithWeir
EricAuchard
EricAuchard
EricAuchard
EricAuchard
KouroshKarimkhany
EricAuchard
AaronPressman
AaronPressman
AaronPressman
RogerFillion
AaronPressman
EricAuchard
AaronPressman
AaronPressman
AaronPressman
TheresePoletti
AaronPressman
AaronPressman
AaronPressman
AaronPressman
GrahamEarnshaw
AaronPressman
AaronPressman
EricAuchard
AaronPressman
AaronPressman
AaronPressman
AaronPressman
AaronPressman
MartinWolk
TheresePoletti
AaronPressman
AaronPressman
AaronPressman
AaronPressman
MureDickie
AaronPressman
AaronPressman
AaronPressman
AaronPressman
AaronPressman
AaronPressman
AaronPressman
AaronPressman
AaronPressman
AaronPressman
AaronPressman
AaronPressman
AaronPressman
FumikoFujisaki
AaronPressman
AaronPressman
AaronPressman
AaronPressman
SamuelPerry
TheresePoletti
SarahDavison
SimonCowell
SimonCowell
SimonCowell
FumikoFujisaki
SimonCowell
LynnleyBrowning
SimonCowell
SimonCowell
AlexanderSmith
KevinDrawbaugh
BradDorfman
SimonCowell
SimonCowell
AaronPressman
SimonCowell
SimonCowell
KeithWeir
SimonCowell
SimonCowell
SimonCowell
AaronPressman
SimonCowell
SimonCowell
SimonCowell
SimonCowell
SimonCowell
SimonCowell
SimonCowell
SimonCowell
TimFarrand
SimonCowell
JoeOrtiz
TimFarrand
SimonCowell
AlexanderSmith
KeithWeir
SimonCowell
JoeOrtiz
SimonCowell
SimonCowell
SimonCowell
SimonCowell
SimonCowell
JoeOrtiz
FumikoFujisaki
SimonCowell
SimonCowell
JoeOrtiz
SimonCowell
LynneO'Donnell
LynneO'Donnell
LynnleyBrowning
LynneO'Donnell
LynneO'Donnell
LynneO'Donnell
ScottHillis
LynneO'Donnell
LynneO'Donnell
LynneO'Donnell
LynneO'Donnell
MarkBendeich
LynneO'Donnell
LynneO'Donnell
LynneO'Donnell
LynneO'Donnell
LynneO'Donnell
LynneO'Donnell
LynneO'Donnell
LynneO'Donnell
LynneO'Donnell
LynneO'Donnell
LynneO'Donnell
LynneO'Donnell
LynneO'Donnell
LynneO'Donnell
LynneO'Donnell
LynneO'Donnell
LynneO'Donnell
LynneO'Donnell
LynneO'Donnell
LynneO'Donnell
WilliamKazer
LynneO'Donnell
LynneO'Donnell
LynneO'Donnell
LynneO'Donnell
LynneO'Donnell
LynneO'Donnell
LynneO'Donnell
LynneO'Donnell
WilliamKazer
LynneO'Donnell
LynneO'Donnell
LynneO'Donnell
PeterHumphrey
LynneO'Donnell
LynneO'Donnell
LynneO'Donnell
LynneO'Donnell
EdnaFernandes
EdnaFernandes
EdnaFernandes
EdnaFernandes
JohnMastrini
EdnaFernandes
BradDorfman
EdnaFernandes
EdnaFernandes
EdnaFernandes
EdnaFernandes
EdnaFernandes
LynnleyBrowning
EdnaFernandes
JoeOrtiz
EdnaFernandes
EdnaFernandes
EdnaFernandes
EricAuchard
EdnaFernandes
EdnaFernandes
JoWinterbottom
MichaelConnor
EdnaFernandes
SimonCowell
EdnaFernandes
EdnaFernandes
EdnaFernandes
EdnaFernandes
WilliamKazer
EdnaFernandes
EdnaFernandes
EdnaFernandes
EdnaFernandes
EdnaFernandes
EdnaFernandes
EdnaFernandes
EricAuchard
KeithWeir
EdnaFernandes
EdnaFernandes
EdnaFernandes
EdnaFernandes
JonathanBirt
JoWinterbottom
EdnaFernandes
MichaelConnor
EdnaFernandes
EdnaFernandes
EdnaFernandes
BernardHickey
MichaelConnor
KevinMorrison
KevinDrawbaugh
EricAuchard
LynnleyBrowning
KevinMorrison
KevinMorrison
AaronPressman
LynnleyBrowning
BernardHickey
KouroshKarimkhany
KevinMorrison
KevinMorrison
KevinMorrison
EricAuchard
KevinMorrison
KevinMorrison
KevinMorrison
KevinMorrison
BernardHickey
KevinMorrison
BernardHickey
LynnleyBrowning
KevinMorrison
LynnleyBrowning
KevinMorrison
MarkBendeich
PatriciaCommins
JimGilchrist
KevinMorrison
KevinDrawbaugh
KevinMorrison
LynnleyBrowning
KevinMorrison
KevinMorrison
JoeOrtiz
KevinMorrison
BernardHickey
KevinMorrison
BernardHickey
KevinMorrison
KevinMorrison
KevinMorrison
KevinMorrison
BernardHickey
JimGilchrist
KevinMorrison
KevinMorrison
KevinMorrison
SamuelPerry
SamuelPerry
EricAuchard
EricAuchard
EricAuchard
EricAuchard
AaronPressman
EricAuchard
SamuelPerry
EricAuchard
SamuelPerry
EricAuchard
EricAuchard
EricAuchard
AaronPressman
AaronPressman
AaronPressman
SamuelPerry
KouroshKarimkhany
TheresePoletti
EricAuchard
KouroshKarimkhany
SamuelPerry
TheresePoletti
TheresePoletti
EricAuchard
KouroshKarimkhany
SamuelPerry
AaronPressman
EricAuchard
SamuelPerry
SamuelPerry
SamuelPerry
SamuelPerry
MartinWolk
SamuelPerry
SamuelPerry
AaronPressman
EricAuchard
KouroshKarimkhany
SamuelPerry
EricAuchard
AaronPressman
SamuelPerry
SamuelPerry
SamuelPerry
SamuelPerry
SamuelPerry
SamuelPerry
SamuelPerry
PatriciaCommins
PatriciaCommins
LynneO'Donnell
KouroshKarimkhany
SimonCowell
PatriciaCommins
PatriciaCommins
PierreTran
PatriciaCommins
PatriciaCommins
PatriciaCommins
PatriciaCommins
LynneO'Donnell
PatriciaCommins
PatriciaCommins
PatriciaCommins
PatriciaCommins
PatriciaCommins
PatriciaCommins
PatriciaCommins
PatriciaCommins
PatriciaCommins
SamuelPerry
PatriciaCommins
ToddNissen
PatriciaCommins
PatriciaCommins
PatriciaCommins
PatriciaCommins
PatriciaCommins
RobinSidel
PatriciaCommins
PatriciaCommins
KevinMorrison
PatriciaCommins
PatriciaCommins
PatriciaCommins
PatriciaCommins
PatriciaCommins
PatriciaCommins
PatriciaCommins
RobinSidel
PatriciaCommins
PatriciaCommins
PatriciaCommins
PatriciaCommins
PatriciaCommins
PatriciaCommins
KouroshKarimkhany
PatriciaCommins
JohnMastrini
JohnMastrini
JohnMastrini
JohnMastrini
MureDickie
MureDickie
AlanCrosby
JohnMastrini
JohnMastrini
JohnMastrini
JohnMastrini
JohnMastrini
JanLopatka
JanLopatka
JohnMastrini
JohnMastrini
JohnMastrini
AlanCrosby
JohnMastrini
JohnMastrini
JohnMastrini
JanLopatka
JanLopatka
JohnMastrini
JohnMastrini
JohnMastrini
MichaelConnor
JohnMastrini
JohnMastrini
PatriciaCommins
JohnMastrini
JohnMastrini
JohnMastrini
AlanCrosby
JohnMastrini
JohnMastrini
JohnMastrini
JanLopatka
JohnMastrini
JanLopatka
JohnMastrini
JanLopatka
JohnMastrini
JanLopatka
JanLopatka
JohnMastrini
JohnMastrini
JanLopatka
JohnMastrini
JohnMastrini
JohnMastrini
JanLopatka
JohnMastrini
JohnMastrini
JanLopatka
JanLopatka
JanLopatka
JohnMastrini
JanLopatka
JohnMastrini
JohnMastrini
JanLopatka
JanLopatka
JanLopatka
LynneO'Donnell
JanLopatka
JohnMastrini
JanLopatka
JanLopatka
JanLopatka
JanLopatka
JohnMastrini
JohnMastrini
JanLopatka
JanLopatka
JanLopatka
LynnleyBrowning
JanLopatka
JanLopatka
JanLopatka
JanLopatka
JohnMastrini
EdnaFernandes
JanLopatka
LynneO'Donnell
JohnMastrini
JanLopatka
AlanCrosby
JanLopatka
AlanCrosby
JanLopatka
JanLopatka
JanLopatka
JanLopatka
JanLopatka
JanLopatka
JanLopatka
JohnMastrini
JohnMastrini
JanLopatka
SamuelPerry
BradDorfman
EricAuchard
EricAuchard
KevinDrawbaugh
KouroshKarimkhany
KevinDrawbaugh
PierreTran
KouroshKarimkhany
KevinMorrison
KevinDrawbaugh
EricAuchard
SimonCowell
PatriciaCommins
JanLopatka
KevinDrawbaugh
JanLopatka
KevinDrawbaugh
KevinDrawbaugh
SimonCowell
TheresePoletti
EricAuchard
KevinDrawbaugh
KevinDrawbaugh
MichaelConnor
KevinDrawbaugh
SamuelPerry
EricAuchard
SimonCowell
AaronPressman
KevinDrawbaugh
PatriciaCommins
LynnleyBrowning
PierreTran
SamuelPerry
SamuelPerry
KevinMorrison
SamuelPerry
EricAuchard
KevinMorrison
KouroshKarimkhany
KevinDrawbaugh
KevinDrawbaugh
KevinDrawbaugh
MichaelConnor
KevinDrawbaugh
SimonCowell
KevinDrawbaugh
KevinDrawbaugh
KevinDrawbaugh
KarlPenhaul
KarlPenhaul
JanLopatka
KarlPenhaul
JanLopatka
LynnleyBrowning
EricAuchard
KarlPenhaul
JanLopatka
KarlPenhaul
KarlPenhaul
KarlPenhaul
KarlPenhaul
KarlPenhaul
KarlPenhaul
KarlPenhaul
KarlPenhaul
KarlPenhaul
KarlPenhaul
MatthewBunce
KarlPenhaul
KarlPenhaul
KarlPenhaul
KarlPenhaul
KarlPenhaul
AaronPressman
KarlPenhaul
KarlPenhaul
KarlPenhaul
KarlPenhaul
KarlPenhaul
KarlPenhaul
KarlPenhaul
KarlPenhaul
JohnMastrini
KarlPenhaul
KarlPenhaul
KarlPenhaul
LynnleyBrowning
KarlPenhaul
KarlPenhaul
RogerFillion
KarlPenhaul
KarlPenhaul
KarlPenhaul
KarlPenhaul
KarlPenhaul
KarlPenhaul
KarlPenhaul
JanLopatka
EricAuchard
MartinWolk
AaronPressman
MartinWolk
EricAuchard
EricAuchard
MartinWolk
MartinWolk
MartinWolk
MartinWolk
MartinWolk
ToddNissen
MartinWolk
MartinWolk
MartinWolk
MartinWolk
TheresePoletti
MartinWolk
TheresePoletti
MartinWolk
MartinWolk
MartinWolk
MartinWolk
MartinWolk
MartinWolk
MartinWolk
MartinWolk
MartinWolk
MartinWolk
MartinWolk
MartinWolk
MartinWolk
MartinWolk
MartinWolk
MartinWolk
MartinWolk
MartinWolk
MartinWolk
MartinWolk
MartinWolk
MartinWolk
MartinWolk
MartinWolk
TheresePoletti
BradDorfman
MartinWolk
MartinWolk
MartinWolk
MartinWolk
MartinWolk
BenjaminKangLim
ScottHillis
WilliamKazer
ScottHillis
JaneMacartney
JaneMacartney
ScottHillis
LynneO'Donnell
MureDickie
PeterHumphrey
ScottHillis
BenjaminKangLim
ScottHillis
ScottHillis
JohnMastrini
ScottHillis
ScottHillis
ScottHillis
LynneO'Donnell
MureDickie
BenjaminKangLim
BenjaminKangLim
LynneO'Donnell
ScottHillis
ScottHillis
KarlPenhaul
BenjaminKangLim
ScottHillis
BenjaminKangLim
ScottHillis
ScottHillis
ScottHillis
JaneMacartney
PeterHumphrey
ScottHillis
BenjaminKangLim
ScottHillis
WilliamKazer
ScottHillis
ScottHillis
ScottHillis
EricAuchard
TanEeLyn
WilliamKazer
ScottHillis
MureDickie
ScottHillis
AlanCrosby
ScottHillis
WilliamKazer
DavidLawder
DavidLawder
DavidLawder
DavidLawder
DavidLawder
DavidLawder
DavidLawder
DavidLawder
DavidLawder
DavidLawder
DavidLawder
DavidLawder
DavidLawder
DavidLawder
DavidLawder
DavidLawder
DavidLawder
DavidLawder
ToddNissen
DavidLawder
DavidLawder
DavidLawder
DavidLawder
DavidLawder
DavidLawder
DavidLawder
DavidLawder
DavidLawder
DavidLawder
DavidLawder
ToddNissen
ToddNissen
DavidLawder
DavidLawder
DavidLawder
DavidLawder
DavidLawder
DavidLawder
ToddNissen
DavidLawder
DavidLawder
ToddNissen
DavidLawder
DavidLawder
DavidLawder
DavidLawder
DavidLawder
DavidLawder
DavidLawder
DavidLawder
FumikoFujisaki
FumikoFujisaki
FumikoFujisaki
FumikoFujisaki
FumikoFujisaki
FumikoFujisaki
FumikoFujisaki
FumikoFujisaki
FumikoFujisaki
FumikoFujisaki
FumikoFujisaki
ScottHillis
FumikoFujisaki
FumikoFujisaki
FumikoFujisaki
FumikoFujisaki
FumikoFujisaki
FumikoFujisaki
FumikoFujisaki
FumikoFujisaki
FumikoFujisaki
FumikoFujisaki
JohnMastrini
FumikoFujisaki
FumikoFujisaki
FumikoFujisaki
FumikoFujisaki
FumikoFujisaki
FumikoFujisaki
FumikoFujisaki
FumikoFujisaki
FumikoFujisaki
FumikoFujisaki
FumikoFujisaki
FumikoFujisaki
FumikoFujisaki
FumikoFujisaki
FumikoFujisaki
FumikoFujisaki
FumikoFujisaki
FumikoFujisaki
FumikoFujisaki
FumikoFujisaki
FumikoFujisaki
FumikoFujisaki
FumikoFujisaki
FumikoFujisaki
FumikoFujisaki
FumikoFujisaki
FumikoFujisaki
MarcelMichelson
EricAuchard
MarcelMichelson
DavidLawder
MarcelMichelson
MarcelMichelson
MarcelMichelson
MarcelMichelson
MarcelMichelson
SamuelPerry
MarcelMichelson
MarcelMichelson
MarcelMichelson
MarcelMichelson
DavidLawder
MarcelMichelson
MarcelMichelson
MarcelMichelson
MarcelMichelson
MarcelMichelson
MarcelMichelson
MarcelMichelson
MarcelMichelson
SamuelPerry
MarcelMichelson
MarcelMichelson
MarcelMichelson
MarcelMichelson
MarcelMichelson
MarcelMichelson
EricAuchard
PierreTran
MarcelMichelson
MarcelMichelson
MichaelConnor
MarcelMichelson
MarcelMichelson
MartinWolk
PierreTran
MarcelMichelson
MarcelMichelson
AaronPressman
PierreTran
MarcelMichelson
MarcelMichelson
MarcelMichelson
MarcelMichelson
MarcelMichelson
MarcelMichelson
MarcelMichelson
NickLouth
EricAuchard
TheresePoletti
NickLouth
EricAuchard
NickLouth
KeithWeir
NickLouth
EricAuchard
NickLouth
NickLouth
NickLouth
RogerFillion
NickLouth
NickLouth
KeithWeir
RogerFillion
NickLouth
KeithWeir
NickLouth
NickLouth
NickLouth
NickLouth
KirstinRidley
NickLouth
NickLouth
NickLouth
NickLouth
RogerFillion
NickLouth
AaronPressman
NickLouth
NickLouth
NickLouth
NickLouth
NickLouth
NickLouth
NickLouth
NickLouth
NickLouth
NickLouth
NickLouth
NickLouth
KeithWeir
NickLouth
NickLouth
NickLouth
NickLouth
NickLouth
NickLouth
DarrenSchuettler
DarrenSchuettler
LydiaZajc
DarrenSchuettler
LydiaZajc
DarrenSchuettler
DarrenSchuettler
DarrenSchuettler
DarrenSchuettler
DarrenSchuettler
DarrenSchuettler
DarrenSchuettler
DarrenSchuettler
DarrenSchuettler
DarrenSchuettler
DarrenSchuettler
DarrenSchuettler
DarrenSchuettler
DarrenSchuettler
DarrenSchuettler
DarrenSchuettler
DarrenSchuettler
DarrenSchuettler
DarrenSchuettler
DarrenSchuettler
DarrenSchuettler
DarrenSchuettler
KeithWeir
DarrenSchuettler
DarrenSchuettler
DarrenSchuettler
DarrenSchuettler
DarrenSchuettler
DarrenSchuettler
DarrenSchuettler
DarrenSchuettler
DarrenSchuettler
DarrenSchuettler
DarrenSchuettler
DarrenSchuettler
DarrenSchuettler
DarrenSchuettler
DarrenSchuettler
MatthewBunce
DarrenSchuettler
DarrenSchuettler
DarrenSchuettler
DarrenSchuettler
DarrenSchuettler
DarrenSchuettler
LynnleyBrowning
BenjaminKangLim
ScottHillis
ScottHillis
WilliamKazer
ScottHillis
ScottHillis
LynneO'Donnell
LynneO'Donnell
ScottHillis
ScottHillis
GrahamEarnshaw
ScottHillis
ScottHillis
ScottHillis
ScottHillis
MureDickie
ScottHillis
MureDickie
ScottHillis
MureDickie
ScottHillis
WilliamKazer
WilliamKazer
ScottHillis
ScottHillis
KouroshKarimkhany
ScottHillis
MichaelConnor
ScottHillis
BenjaminKangLim
WilliamKazer
ScottHillis
ScottHillis
ScottHillis
WilliamKazer
ScottHillis
ScottHillis
BenjaminKangLim
WilliamKazer
JaneMacartney
ScottHillis
WilliamKazer
WilliamKazer
JaneMacartney
WilliamKazer
TanEeLyn
ScottHillis
LynneO'Donnell
WilliamKazer
WilliamKazer
ScottHillis
JaneMacartney
ScottHillis
MureDickie
WilliamKazer
PeterHumphrey
WilliamKazer
TanEeLyn
ScottHillis
ScottHillis
TanEeLyn
LynnleyBrowning
TanEeLyn
PeterHumphrey
TanEeLyn
PeterHumphrey
PeterHumphrey
TanEeLyn
TanEeLyn
TanEeLyn
TanEeLyn
BenjaminKangLim
TanEeLyn
JimGilchrist
TanEeLyn
TanEeLyn
TanEeLyn
TanEeLyn
TanEeLyn
JanLopatka
JaneMacartney
PeterHumphrey
TanEeLyn
PeterHumphrey
TanEeLyn
TanEeLyn
LynnleyBrowning
TanEeLyn
TanEeLyn
TanEeLyn
LynnleyBrowning
TanEeLyn
TanEeLyn
TanEeLyn
TanEeLyn
TanEeLyn
LynnleyBrowning
TanEeLyn
LynnleyBrowning
PierreTran
EdnaFernandes
EdnaFernandes
EdnaFernandes
PierreTran
PierreTran
PierreTran
EdnaFernandes
PierreTran
PierreTran
PierreTran
MarcelMichelson
MarcelMichelson
PierreTran
PierreTran
EdnaFernandes
JoeOrtiz
MarcelMichelson
PierreTran
PierreTran
PierreTran
MichaelConnor
PierreTran
MartinWolk
PierreTran
JoeOrtiz
PierreTran
PierreTran
MarcelMichelson
MarcelMichelson
JoeOrtiz
PierreTran
EdnaFernandes
PierreTran
PierreTran
JoeOrtiz
PierreTran
MarcelMichelson
PierreTran
WilliamKazer
PierreTran
PierreTran
PierreTran
PierreTran
PierreTran
PierreTran
PierreTran
PierreTran
MarcelMichelson
PierreTran
HeatherScoffield
HeatherScoffield
HeatherScoffield
HeatherScoffield
HeatherScoffield
HeatherScoffield
HeatherScoffield
HeatherScoffield
HeatherScoffield
HeatherScoffield
HeatherScoffield
HeatherScoffield
HeatherScoffield
HeatherScoffield
HeatherScoffield
HeatherScoffield
LynneO'Donnell
HeatherScoffield
HeatherScoffield
HeatherScoffield
HeatherScoffield
JanLopatka
HeatherScoffield
HeatherScoffield
HeatherScoffield
HeatherScoffield
KevinMorrison
HeatherScoffield
HeatherScoffield
HeatherScoffield
ScottHillis
HeatherScoffield
HeatherScoffield
HeatherScoffield
HeatherScoffield
HeatherScoffield
HeatherScoffield
HeatherScoffield
HeatherScoffield
HeatherScoffield
HeatherScoffield
HeatherScoffield
HeatherScoffield
HeatherScoffield
HeatherScoffield
HeatherScoffield
KevinDrawbaugh
HeatherScoffield
HeatherScoffield
MarkBendeich
ScottHillis
ScottHillis
ScottHillis
ScottHillis
ScottHillis
ScottHillis
JaneMacartney
ScottHillis
ScottHillis
BenjaminKangLim
ScottHillis
LynneO'Donnell
WilliamKazer
BenjaminKangLim
ScottHillis
TanEeLyn
ScottHillis
ScottHillis
TanEeLyn
TanEeLyn
ScottHillis
GrahamEarnshaw
WilliamKazer
TanEeLyn
TanEeLyn
ScottHillis
ScottHillis
TanEeLyn
WilliamKazer
ScottHillis
ScottHillis
TanEeLyn
ScottHillis
ScottHillis
WilliamKazer
ScottHillis
TanEeLyn
BenjaminKangLim
ScottHillis
ScottHillis
ScottHillis
ScottHillis
WilliamKazer
ScottHillis
TanEeLyn
TanEeLyn
MureDickie
JaneMacartney
WilliamKazer
WilliamKazer
EricAuchard
PatriciaCommins
NickLouth
RogerFillion
NickLouth
DarrenSchuettler
RogerFillion
NickLouth
RogerFillion
RogerFillion
RogerFillion
RogerFillion
RogerFillion
RogerFillion
RogerFillion
RogerFillion
RogerFillion
RogerFillion
RogerFillion
RogerFillion
RogerFillion
RogerFillion
RogerFillion
RogerFillion
RogerFillion
RogerFillion
RogerFillion
RogerFillion
RogerFillion
MartinWolk
RogerFillion
RogerFillion
NickLouth
RogerFillion
PatriciaCommins
RogerFillion
RogerFillion
RogerFillion
NickLouth
RogerFillion
RogerFillion
RogerFillion
RogerFillion
RogerFillion
RogerFillion
RogerFillion
RogerFillion
RogerFillion
RogerFillion
MartinWolk
TanEeLyn
JimGilchrist
TanEeLyn
JimGilchrist
TanEeLyn
JimGilchrist
TanEeLyn
TanEeLyn
TanEeLyn
TanEeLyn
TanEeLyn
WilliamKazer
JimGilchrist
TanEeLyn
TanEeLyn
TanEeLyn
TanEeLyn
WilliamKazer
JimGilchrist
TanEeLyn
TanEeLyn
TanEeLyn
JimGilchrist
JimGilchrist
PierreTran
TanEeLyn
TanEeLyn
TanEeLyn
JimGilchrist
JimGilchrist
PierreTran
WilliamKazer
TanEeLyn
PierreTran
JimGilchrist
ScottHillis
TanEeLyn
JimGilchrist
PierreTran
TanEeLyn
JimGilchrist
TanEeLyn
TanEeLyn
PierreTran
JimGilchrist
TanEeLyn
TanEeLyn
TanEeLyn
TanEeLyn
TanEeLyn
DavidLawder
EricAuchard
BradDorfman
BradDorfman
BradDorfman
BradDorfman
BradDorfman
DarrenSchuettler
PierreTran
BradDorfman
BradDorfman
BradDorfman
BradDorfman
BradDorfman
DavidLawder
BradDorfman
BradDorfman
DarrenSchuettler
EricAuchard
KouroshKarimkhany
MartinWolk
DarrenSchuettler
EricAuchard
SimonCowell
DavidLawder
BradDorfman
EricAuchard
BradDorfman
BradDorfman
BradDorfman
MartinWolk
DavidLawder
EricAuchard
BradDorfman
BradDorfman
BradDorfman
TheresePoletti
BradDorfman
ToddNissen
BradDorfman
MarcelMichelson
BradDorfman
EricAuchard
LynneO'Donnell
PierreTran
MartinWolk
EricAuchard
DarrenSchuettler
EricAuchard
DavidLawder
AlanCrosby
AlanCrosby
AlanCrosby
AlanCrosby
JanLopatka
JanLopatka
JanLopatka
AlanCrosby
AlanCrosby
AlanCrosby
JanLopatka
AlanCrosby
AlanCrosby
AlanCrosby
JanLopatka
JanLopatka
AlanCrosby
JanLopatka
AlanCrosby
AlanCrosby
AlanCrosby
AlanCrosby
AlanCrosby
AlanCrosby
AlanCrosby
JanLopatka
JanLopatka
AlanCrosby
AlanCrosby
AlanCrosby
AlanCrosby
AlanCrosby
JanLopatka
AlanCrosby
AlanCrosby
JanLopatka
AlanCrosby
NickLouth
AlanCrosby
DarrenSchuettler
JanLopatka
JanLopatka
DarrenSchuettler
AlanCrosby
AlanCrosby
AlanCrosby
JanLopatka
AlanCrosby
JanLopatka
AlanCrosby
JonathanBirt
JonathanBirt
KouroshKarimkhany
MartinWolk
JonathanBirt
WilliamKazer
JoWinterbottom
JonathanBirt
JonathanBirt
JonathanBirt
MartinWolk
JoWinterbottom
TanEeLyn
JonathanBirt
JonathanBirt
JonathanBirt
JoWinterbottom
PatriciaCommins
JonathanBirt
JonathanBirt
EdnaFernandes
KarlPenhaul
JonathanBirt
WilliamKazer
EdnaFernandes
JonathanBirt
TimFarrand
JonathanBirt
JonathanBirt
DavidLawder
JonathanBirt
JonathanBirt
JonathanBirt
JoWinterbottom
WilliamKazer
MarcelMichelson
JonathanBirt
JonathanBirt
JonathanBirt
JonathanBirt
JonathanBirt
JonathanBirt
JoeOrtiz
JonathanBirt
JonathanBirt
DavidLawder
JonathanBirt
KarlPenhaul
JonathanBirt
ScottHillis
ScottHillis
ScottHillis
BenjaminKangLim
BenjaminKangLim
BenjaminKangLim
ScottHillis
TanEeLyn
ScottHillis
ScottHillis
TanEeLyn
BenjaminKangLim
TanEeLyn
ScottHillis
WilliamKazer
ScottHillis
ScottHillis
ScottHillis
WilliamKazer
BenjaminKangLim
TanEeLyn
ScottHillis
WilliamKazer
ScottHillis
BenjaminKangLim
TanEeLyn
TanEeLyn
BenjaminKangLim
BenjaminKangLim
BenjaminKangLim
BenjaminKangLim
TanEeLyn
ScottHillis
ScottHillis
TanEeLyn
TanEeLyn
BenjaminKangLim
BenjaminKangLim
MureDickie
TanEeLyn
TanEeLyn
ScottHillis
JaneMacartney
TanEeLyn
TanEeLyn
JaneMacartney
ScottHillis
BenjaminKangLim
TanEeLyn
BenjaminKangLim
ScottHillis
MartinWolk
TheresePoletti
TheresePoletti
EricAuchard
TheresePoletti
TheresePoletti
TheresePoletti
MartinWolk
EricAuchard
TheresePoletti
TheresePoletti
MartinWolk
TheresePoletti
TheresePoletti
MartinWolk
TheresePoletti
TheresePoletti
TheresePoletti
ScottHillis
TheresePoletti
TheresePoletti
TheresePoletti
TheresePoletti
MartinWolk
TheresePoletti
TheresePoletti
TheresePoletti
TheresePoletti
TheresePoletti
TheresePoletti
TheresePoletti
TheresePoletti
TheresePoletti
TheresePoletti
TheresePoletti
EricAuchard
TheresePoletti
MartinWolk
TheresePoletti
TheresePoletti
TheresePoletti
EricAuchard
TheresePoletti
TheresePoletti
ToddNissen
AaronPressman
TheresePoletti
TheresePoletti
AaronPressman
MartinWolk
KeithWeir
KeithWeir
KeithWeir
NickLouth
KeithWeir
JanLopatka
KeithWeir
KeithWeir
KeithWeir
KeithWeir
KeithWeir
KeithWeir
KeithWeir
SimonCowell
JonathanBirt
KeithWeir
WilliamKazer
MartinWolk
KeithWeir
DarrenSchuettler
KeithWeir
KeithWeir
KeithWeir
MarcelMichelson
JanLopatka
SimonCowell
JoWinterbottom
KeithWeir
KeithWeir
KeithWeir
KeithWeir
KeithWeir
KeithWeir
KeithWeir
KeithWeir
KeithWeir
JoWinterbottom
TimFarrand
KeithWeir
KeithWeir
KeithWeir
KeithWeir
KirstinRidley
KeithWeir
JoWinterbottom
KeithWeir
KeithWeir
KirstinRidley
BradDorfman
KeithWeir
JoWinterbottom
JoWinterbottom
JohnMastrini
JoWinterbottom
JoWinterbottom
JoWinterbottom
JonathanBirt
JoWinterbottom
JoWinterbottom
DarrenSchuettler
JoWinterbottom
KeithWeir
JoWinterbottom
JoWinterbottom
JoWinterbottom
JoWinterbottom
JoWinterbottom
JoWinterbottom
JoWinterbottom
JoWinterbottom
JoWinterbottom
JoWinterbottom
JonathanBirt
JoWinterbottom
JoWinterbottom
KirstinRidley
JonathanBirt
JoWinterbottom
AlexanderSmith
JoWinterbottom
JoWinterbottom
JoWinterbottom
JoWinterbottom
JoWinterbottom
JoWinterbottom
JoWinterbottom
JoWinterbottom
AlexanderSmith
JoWinterbottom
JonathanBirt
KeithWeir
JoWinterbottom
JoWinterbottom
JoWinterbottom
JonathanBirt
JoWinterbottom
JoWinterbottom
TimFarrand
JoWinterbottom
JoWinterbottom
MarkBendeich
MarkBendeich
MarkBendeich
MarkBendeich
KevinMorrison
MarkBendeich
EricAuchard
MarkBendeich
DarrenSchuettler
MarkBendeich
MarkBendeich
MarkBendeich
DarrenSchuettler
BradDorfman
MarkBendeich
AaronPressman
MarkBendeich
LynneO'Donnell
BradDorfman
KevinMorrison
MarkBendeich
MarkBendeich
MarkBendeich
MarkBendeich
MarkBendeich
JonathanBirt
MarkBendeich
LynneO'Donnell
MarkBendeich
DarrenSchuettler
EricAuchard
MarkBendeich
MarkBendeich
MarkBendeich
BernardHickey
MarkBendeich
LynneO'Donnell
MarkBendeich
KevinMorrison
MarkBendeich
TanEeLyn
KevinMorrison
MarkBendeich
KevinMorrison
MarkBendeich
ScottHillis
MarkBendeich
MarkBendeich
MarkBendeich
MarkBendeich
BenjaminKangLim
ScottHillis
MureDickie
ScottHillis
ScottHillis
WilliamKazer
ScottHillis
MureDickie
WilliamKazer
JaneMacartney
WilliamKazer
JaneMacartney
ScottHillis
TanEeLyn
TanEeLyn
TanEeLyn
WilliamKazer
JaneMacartney
ScottHillis
ScottHillis
JaneMacartney
WilliamKazer
ScottHillis
LynneO'Donnell
JaneMacartney
TanEeLyn
ScottHillis
ScottHillis
JaneMacartney
TanEeLyn
ScottHillis
MureDickie
JaneMacartney
JaneMacartney
WilliamKazer
JaneMacartney
JanLopatka
JanLopatka
JaneMacartney
JaneMacartney
WilliamKazer
ScottHillis
JaneMacartney
JaneMacartney
WilliamKazer
LynneO'Donnell
ScottHillis
JaneMacartney
JaneMacartney
JaneMacartney
LynneO'Donnell
LynneO'Donnell
MatthewBunce
MatthewBunce
MatthewBunce
MatthewBunce
MatthewBunce
MatthewBunce
MatthewBunce
LynneO'Donnell
MatthewBunce
MatthewBunce
MatthewBunce
MatthewBunce
LynnleyBrowning
MatthewBunce
MatthewBunce
JanLopatka
MatthewBunce
MatthewBunce
MatthewBunce
MatthewBunce
MatthewBunce
MatthewBunce
MatthewBunce
MatthewBunce
MatthewBunce
MatthewBunce
MatthewBunce
MatthewBunce
MatthewBunce
LynneO'Donnell
MatthewBunce
MatthewBunce
MatthewBunce
MatthewBunce
MatthewBunce
MatthewBunce
MatthewBunce
LynnleyBrowning
MatthewBunce
LynnleyBrowning
MatthewBunce
MatthewBunce
MatthewBunce
MatthewBunce
MatthewBunce
MatthewBunce
MatthewBunce
MatthewBunce
WilliamKazer
DavidLawder
DavidLawder
ToddNissen
ToddNissen
PatriciaCommins
DavidLawder
DavidLawder
ToddNissen
ToddNissen
ToddNissen
DavidLawder
DavidLawder
ToddNissen
DavidLawder
ToddNissen
DavidLawder
DavidLawder
ToddNissen
ToddNissen
DavidLawder
ToddNissen
ToddNissen
ToddNissen
ToddNissen
ToddNissen
ToddNissen
ToddNissen
ToddNissen
ToddNissen
ToddNissen
ToddNissen
DavidLawder
ToddNissen
ToddNissen
ToddNissen
DavidLawder
ToddNissen
DavidLawder
ToddNissen
ToddNissen
DavidLawder
ToddNissen
ToddNissen
ToddNissen
ToddNissen
DavidLawder
ToddNissen
ToddNissen
ToddNissen
TanEeLyn
TanEeLyn
TanEeLyn
TanEeLyn
TanEeLyn
TanEeLyn
TanEeLyn
TanEeLyn
TanEeLyn
TanEeLyn
PeterHumphrey
TanEeLyn
TanEeLyn
TanEeLyn
TanEeLyn
TanEeLyn
TanEeLyn
TanEeLyn
TanEeLyn
TanEeLyn
TanEeLyn
TanEeLyn
TanEeLyn
TanEeLyn
TanEeLyn
TanEeLyn
TanEeLyn
TanEeLyn
TanEeLyn
PeterHumphrey
TanEeLyn
TanEeLyn
TanEeLyn
TanEeLyn
TanEeLyn
TanEeLyn
TanEeLyn
TanEeLyn
TanEeLyn
TanEeLyn
TanEeLyn
TanEeLyn
ScottHillis
TanEeLyn
TanEeLyn
TanEeLyn
TanEeLyn
TanEeLyn
TanEeLyn
TanEeLyn
TimFarrand
TimFarrand
TimFarrand
TimFarrand
TimFarrand
TimFarrand
ToddNissen
TimFarrand
JoWinterbottom
TimFarrand
TimFarrand
TimFarrand
TimFarrand
TimFarrand
TimFarrand
TimFarrand
TimFarrand
TimFarrand
TimFarrand
TimFarrand
TimFarrand
TimFarrand
TimFarrand
TimFarrand
TimFarrand
TimFarrand
TimFarrand
TimFarrand
TimFarrand
TimFarrand
ToddNissen
JonathanBirt
TimFarrand
ToddNissen
BradDorfman
TimFarrand
BradDorfman
EdnaFernandes
LynneO'Donnell
TimFarrand
DarrenSchuettler
ToddNissen
TimFarrand
TimFarrand
TimFarrand
TimFarrand
TimFarrand
EdnaFernandes
TimFarrand
TimFarrand
SarahDavison
DarrenSchuettler
ScottHillis
TanEeLyn
TanEeLyn
TanEeLyn
SarahDavison
TanEeLyn
TanEeLyn
TanEeLyn
TanEeLyn
AlexanderSmith
SarahDavison
TanEeLyn
SarahDavison
JonathanBirt
TanEeLyn
JimGilchrist
TanEeLyn
TanEeLyn
LynnleyBrowning
TanEeLyn
TanEeLyn
SarahDavison
SarahDavison
TanEeLyn
SarahDavison
DarrenSchuettler
SarahDavison
TanEeLyn
TanEeLyn
TanEeLyn
DarrenSchuettler
ScottHillis
TanEeLyn
TanEeLyn
TanEeLyn
SarahDavison
TanEeLyn
TanEeLyn
TanEeLyn
TanEeLyn
TanEeLyn
TanEeLyn
TanEeLyn
TanEeLyn
TanEeLyn
MureDickie
SarahDavison
RobinSidel
GrahamEarnshaw
MureDickie
GrahamEarnshaw
GrahamEarnshaw
DarrenSchuettler
GrahamEarnshaw
GrahamEarnshaw
KeithWeir
GrahamEarnshaw
GrahamEarnshaw
ScottHillis
WilliamKazer
MureDickie
LynneO'Donnell
GrahamEarnshaw
TanEeLyn
GrahamEarnshaw
GrahamEarnshaw
SamuelPerry
GrahamEarnshaw
GrahamEarnshaw
TanEeLyn
GrahamEarnshaw
WilliamKazer
GrahamEarnshaw
ScottHillis
GrahamEarnshaw
GrahamEarnshaw
MureDickie
GrahamEarnshaw
GrahamEarnshaw
WilliamKazer
GrahamEarnshaw
GrahamEarnshaw
TanEeLyn
GrahamEarnshaw
ScottHillis
GrahamEarnshaw
TanEeLyn
GrahamEarnshaw
GrahamEarnshaw
GrahamEarnshaw
GrahamEarnshaw
ScottHillis
BernardHickey
GrahamEarnshaw
GrahamEarnshaw
GrahamEarnshaw
MureDickie
GrahamEarnshaw
JonathanBirt
GrahamEarnshaw
BernardHickey
KevinMorrison
BernardHickey
BernardHickey
EricAuchard
LynneO'Donnell
BernardHickey
BernardHickey
BernardHickey
BernardHickey
MichaelConnor
BernardHickey
KevinMorrison
DarrenSchuettler
JimGilchrist
GrahamEarnshaw
DarrenSchuettler
BernardHickey
BernardHickey
BernardHickey
BernardHickey
BernardHickey
BernardHickey
BernardHickey
JonathanBirt
BernardHickey
AlexanderSmith
BernardHickey
JimGilchrist
LynneO'Donnell
BernardHickey
BernardHickey
KouroshKarimkhany
DarrenSchuettler
BernardHickey
MarkBendeich
BernardHickey
BernardHickey
BernardHickey
KevinMorrison
MarkBendeich
LynnleyBrowning
NickLouth
NickLouth
BernardHickey
BernardHickey
BernardHickey
MarkBendeich
PierreTran
JoWinterbottom
KirstinRidley
KirstinRidley
KirstinRidley
JoWinterbottom
EdnaFernandes
JoWinterbottom
TanEeLyn
KirstinRidley
KirstinRidley
JoWinterbottom
JonathanBirt
EdnaFernandes
KirstinRidley
AlexanderSmith
KirstinRidley
KirstinRidley
JoWinterbottom
WilliamKazer
EricAuchard
JonathanBirt
KirstinRidley
TanEeLyn
KirstinRidley
TheresePoletti
KirstinRidley
WilliamKazer
KeithWeir
EricAuchard
EricAuchard
KirstinRidley
KirstinRidley
KirstinRidley
KirstinRidley
JoWinterbottom
KirstinRidley
MarcelMichelson
TanEeLyn
EdnaFernandes
KirstinRidley
KirstinRidley
KeithWeir
JoWinterbottom
KirstinRidley
KirstinRidley
TanEeLyn
KirstinRidley
KirstinRidley
JanLopatka
JonathanBirt
ScottHillis
AlexanderSmith
AlexanderSmith
AlexanderSmith
AlexanderSmith
JoeOrtiz
AlexanderSmith
EdnaFernandes
JoeOrtiz
BradDorfman
JoWinterbottom
TanEeLyn
SimonCowell
JoWinterbottom
SarahDavison
AlexanderSmith
JoWinterbottom
AlexanderSmith
JoeOrtiz
TimFarrand
AlexanderSmith
AlexanderSmith
SimonCowell
TanEeLyn
JoeOrtiz
TanEeLyn
AlexanderSmith
AlexanderSmith
JoeOrtiz
BradDorfman
AlexanderSmith
KeithWeir
BradDorfman
JoWinterbottom
AlexanderSmith
AlexanderSmith
JonathanBirt
EdnaFernandes
SarahDavison
AlexanderSmith
AlexanderSmith
JoWinterbottom
SamuelPerry
AlexanderSmith
TanEeLyn
SimonCowell
AlexanderSmith
DarrenSchuettler
SimonCowell
HeatherScoffield
HeatherScoffield
BradDorfman
LydiaZajc
LydiaZajc
LydiaZajc
ToddNissen
LydiaZajc
LydiaZajc
LydiaZajc
LydiaZajc
LydiaZajc
LydiaZajc
LydiaZajc
LydiaZajc
BradDorfman
LydiaZajc
LydiaZajc
LydiaZajc
LydiaZajc
LydiaZajc
LydiaZajc
LydiaZajc
LydiaZajc
LydiaZajc
LydiaZajc
DarrenSchuettler
LydiaZajc
LydiaZajc
LydiaZajc
LydiaZajc
LydiaZajc
LydiaZajc
BradDorfman
LydiaZajc
LydiaZajc
LydiaZajc
LydiaZajc
LydiaZajc
LydiaZajc
LydiaZajc
ToddNissen
LydiaZajc
LydiaZajc
LydiaZajc
LydiaZajc
LydiaZajc
LydiaZajc
LydiaZajc
LydiaZajc
