-> reading ground truths from  truths.out
-> reading results from  result.out
-- Evaluation Results --
Total Correct:    1539
Total Incorrect:  961
Overall Accuracy: 0.6156
Authors:
  - SamuelPerry:
      hits = 21,  strikes = 18,  misses = 29
      precision = 0.5385,  recall = 0.4200,  f-measure = 0.4719
  - BenjaminKangLim:
      hits = 14,  strikes = 16,  misses = 36
      precision = 0.5072,  recall = 0.3500,  f-measure = 0.4142
  - NickLouth:
      hits = 37,  strikes = 12,  misses = 13
      precision = 0.6102,  recall = 0.4800,  f-measure = 0.5373
  - BernardHickey:
      hits = 26,  strikes = 9,  misses = 24
      precision = 0.6405,  recall = 0.4900,  f-measure = 0.5552
  - RogerFillion:
      hits = 39,  strikes = 5,  misses = 11
      precision = 0.6954,  recall = 0.5480,  f-measure = 0.6130
  - TimFarrand:
      hits = 38,  strikes = 7,  misses = 12
      precision = 0.7231,  recall = 0.5833,  f-measure = 0.6458
  - SarahDavison:
      hits = 10,  strikes = 3,  misses = 40
      precision = 0.7255,  recall = 0.5286,  f-measure = 0.6116
  - KeithWeir:
      hits = 33,  strikes = 15,  misses = 17
      precision = 0.7195,  recall = 0.5450,  f-measure = 0.6202
  - LynnleyBrowning:
      hits = 48,  strikes = 23,  misses = 2
      precision = 0.7112,  recall = 0.5911,  f-measure = 0.6456
  - FumikoFujisaki:
      hits = 48,  strikes = 4,  misses = 2
      precision = 0.7371,  recall = 0.6280,  f-measure = 0.6782
  - KirstinRidley:
      hits = 22,  strikes = 4,  misses = 28
      precision = 0.7434,  recall = 0.6109,  f-measure = 0.6707
  - AlexanderSmith:
      hits = 18,  strikes = 8,  misses = 32
      precision = 0.7406,  recall = 0.5900,  f-measure = 0.6568
  - MarkBendeich:
      hits = 30,  strikes = 7,  misses = 20
      precision = 0.7456,  recall = 0.5908,  f-measure = 0.6592
  - JimGilchrist:
      hits = 13,  strikes = 6,  misses = 37
      precision = 0.7434,  recall = 0.5671,  f-measure = 0.6434
  - AlanCrosby:
      hits = 32,  strikes = 6,  misses = 18
      precision = 0.7500,  recall = 0.5720,  f-measure = 0.6490
  - JoeOrtiz:
      hits = 32,  strikes = 16,  misses = 18
      precision = 0.7435,  recall = 0.5763,  f-measure = 0.6493
  - DarrenSchuettler:
      hits = 46,  strikes = 27,  misses = 4
      precision = 0.7316,  recall = 0.5965,  f-measure = 0.6572
  - TheresePoletti:
      hits = 35,  strikes = 18,  misses = 15
      precision = 0.7265,  recall = 0.6022,  f-measure = 0.6586
  - JohnMastrini:
      hits = 33,  strikes = 19,  misses = 17
      precision = 0.7206,  recall = 0.6053,  f-measure = 0.6579
  - DavidLawder:
      hits = 45,  strikes = 24,  misses = 5
      precision = 0.7151,  recall = 0.6200,  f-measure = 0.6642
  - JaneMacartney:
      hits = 16,  strikes = 11,  misses = 34
      precision = 0.7114,  recall = 0.6057,  f-measure = 0.6543
  - SimonCowell:
      hits = 32,  strikes = 16,  misses = 18
      precision = 0.7091,  recall = 0.6073,  f-measure = 0.6543
  - KevinMorrison:
      hits = 26,  strikes = 13,  misses = 24
      precision = 0.7074,  recall = 0.6035,  f-measure = 0.6513
  - EricAuchard:
      hits = 30,  strikes = 59,  misses = 20
      precision = 0.6766,  recall = 0.6033,  f-measure = 0.6379
  - KarlPenhaul:
      hits = 39,  strikes = 3,  misses = 11
      precision = 0.6862,  recall = 0.6104,  f-measure = 0.6461
  - KevinDrawbaugh:
      hits = 17,  strikes = 6,  misses = 33
      precision = 0.6872,  recall = 0.6000,  f-measure = 0.6407
  - KouroshKarimkhany:
      hits = 41,  strikes = 22,  misses = 9
      precision = 0.6853,  recall = 0.6081,  f-measure = 0.6444
  - HeatherScoffield:
      hits = 44,  strikes = 4,  misses = 6
      precision = 0.6942,  recall = 0.6179,  f-measure = 0.6538
  - ToddNissen:
      hits = 33,  strikes = 16,  misses = 17
      precision = 0.6934,  recall = 0.6193,  f-measure = 0.6543
  - GrahamEarnshaw:
      hits = 30,  strikes = 7,  misses = 20
      precision = 0.6967,  recall = 0.6187,  f-measure = 0.6554
  - JoWinterbottom:
      hits = 37,  strikes = 23,  misses = 13
      precision = 0.6932,  recall = 0.6226,  f-measure = 0.6560
  - LynneO'Donnell:
      hits = 44,  strikes = 26,  misses = 6
      precision = 0.6902,  recall = 0.6306,  f-measure = 0.6590
  - PeterHumphrey:
      hits = 2,  strikes = 9,  misses = 48
      precision = 0.6864,  recall = 0.6127,  f-measure = 0.6475
  - WilliamKazer:
      hits = 10,  strikes = 42,  misses = 40
      precision = 0.6695,  recall = 0.6006,  f-measure = 0.6332
  - PierreTran:
      hits = 30,  strikes = 17,  misses = 20
      precision = 0.6686,  recall = 0.6006,  f-measure = 0.6328
  - RobinSidel:
      hits = 36,  strikes = 3,  misses = 14
      precision = 0.6747,  recall = 0.6039,  f-measure = 0.6373
  - AaronPressman:
      hits = 39,  strikes = 18,  misses = 11
      precision = 0.6751,  recall = 0.6086,  f-measure = 0.6401
  - EdnaFernandes:
      hits = 36,  strikes = 21,  misses = 14
      precision = 0.6736,  recall = 0.6116,  f-measure = 0.6411
  - ScottHillis:
      hits = 23,  strikes = 97,  misses = 27
      precision = 0.6423,  recall = 0.6077,  f-measure = 0.6245
  - MureDickie:
      hits = 1,  strikes = 19,  misses = 49
      precision = 0.6359,  recall = 0.5930,  f-measure = 0.6137
  - JonathanBirt:
      hits = 28,  strikes = 18,  misses = 22
      precision = 0.6353,  recall = 0.5922,  f-measure = 0.6130
  - LydiaZajc:
      hits = 42,  strikes = 2,  misses = 8
      precision = 0.6425,  recall = 0.5981,  f-measure = 0.6195
  - MatthewBunce:
      hits = 42,  strikes = 3,  misses = 8
      precision = 0.6490,  recall = 0.6037,  f-measure = 0.6255
  - MarcelMichelson:
      hits = 38,  strikes = 11,  misses = 12
      precision = 0.6520,  recall = 0.6073,  f-measure = 0.6289
  - MartinWolk:
      hits = 41,  strikes = 22,  misses = 9
      precision = 0.6520,  recall = 0.6120,  f-measure = 0.6314
  - TanEeLyn:
      hits = 26,  strikes = 149,  misses = 24
      precision = 0.6135,  recall = 0.6100,  f-measure = 0.6117
  - MichaelConnor:
      hits = 44,  strikes = 12,  misses = 6
      precision = 0.6176,  recall = 0.6157,  f-measure = 0.6167
  - JanLopatka:
      hits = 31,  strikes = 39,  misses = 19
      precision = 0.6125,  recall = 0.6158,  f-measure = 0.6142
  - PatriciaCommins:
      hits = 39,  strikes = 9,  misses = 11
      precision = 0.6164,  recall = 0.6192,  f-measure = 0.6178
  - BradDorfman:
      hits = 22,  strikes = 17,  misses = 28
      precision = 0.6156,  recall = 0.6156,  f-measure = 0.6156
-> writing confusion matrix to  conf.csv
