GrahamEarnshaw
RobinSidel
RobinSidel
RobinSidel
RobinSidel
RobinSidel
RobinSidel
RobinSidel
RobinSidel
RobinSidel
RobinSidel
RobinSidel
PierreTran
RobinSidel
MichaelConnor
GrahamEarnshaw
RobinSidel
RobinSidel
RobinSidel
RobinSidel
DarrenSchuettler
RobinSidel
RobinSidel
RobinSidel
RobinSidel
RobinSidel
RobinSidel
RobinSidel
RobinSidel
RobinSidel
RobinSidel
RobinSidel
RobinSidel
RobinSidel
RobinSidel
RobinSidel
RobinSidel
MarkBendeich
RobinSidel
RobinSidel
RobinSidel
LynneO'Donnell
RobinSidel
RobinSidel
RobinSidel
RobinSidel
RobinSidel
RobinSidel
RobinSidel
RobinSidel
LynnleyBrowning
LynnleyBrowning
LynnleyBrowning
LynnleyBrowning
MatthewBunce
LynnleyBrowning
LynnleyBrowning
LynnleyBrowning
JanLopatka
LynnleyBrowning
LynnleyBrowning
LynnleyBrowning
LynnleyBrowning
LynnleyBrowning
LynnleyBrowning
LynnleyBrowning
LynnleyBrowning
LynnleyBrowning
LynnleyBrowning
LynnleyBrowning
LynnleyBrowning
LynnleyBrowning
LynnleyBrowning
LynnleyBrowning
LynnleyBrowning
LynnleyBrowning
LynnleyBrowning
LynnleyBrowning
LynnleyBrowning
LynnleyBrowning
LynnleyBrowning
LynnleyBrowning
LynnleyBrowning
LynnleyBrowning
LynnleyBrowning
LynnleyBrowning
MarkBendeich
LynnleyBrowning
LynnleyBrowning
LynnleyBrowning
LynnleyBrowning
LynnleyBrowning
LynnleyBrowning
LynnleyBrowning
LynnleyBrowning
LynnleyBrowning
LynnleyBrowning
LynnleyBrowning
LynnleyBrowning
LynnleyBrowning
KouroshKarimkhany
EricAuchard
RobinSidel
KouroshKarimkhany
KouroshKarimkhany
KouroshKarimkhany
KouroshKarimkhany
KouroshKarimkhany
KouroshKarimkhany
KouroshKarimkhany
KouroshKarimkhany
KouroshKarimkhany
KouroshKarimkhany
KouroshKarimkhany
KouroshKarimkhany
KouroshKarimkhany
KouroshKarimkhany
MartinWolk
KouroshKarimkhany
KouroshKarimkhany
KouroshKarimkhany
KouroshKarimkhany
KouroshKarimkhany
KouroshKarimkhany
KouroshKarimkhany
KouroshKarimkhany
KouroshKarimkhany
KouroshKarimkhany
KouroshKarimkhany
KouroshKarimkhany
KouroshKarimkhany
KouroshKarimkhany
KouroshKarimkhany
KouroshKarimkhany
KouroshKarimkhany
KouroshKarimkhany
KouroshKarimkhany
KouroshKarimkhany
KouroshKarimkhany
KouroshKarimkhany
KouroshKarimkhany
KouroshKarimkhany
KouroshKarimkhany
KouroshKarimkhany
KouroshKarimkhany
KouroshKarimkhany
KouroshKarimkhany
KouroshKarimkhany
EricAuchard
TheresePoletti
RobinSidel
KouroshKarimkhany
MichaelConnor
RogerFillion
MichaelConnor
MichaelConnor
KouroshKarimkhany
LynnleyBrowning
MichaelConnor
MichaelConnor
RobinSidel
SamuelPerry
MichaelConnor
MichaelConnor
MichaelConnor
KevinDrawbaugh
MichaelConnor
LynnleyBrowning
KevinDrawbaugh
MichaelConnor
MichaelConnor
KouroshKarimkhany
MichaelConnor
MichaelConnor
RobinSidel
MichaelConnor
MichaelConnor
MichaelConnor
MichaelConnor
MichaelConnor
MichaelConnor
MichaelConnor
MichaelConnor
MichaelConnor
MichaelConnor
MichaelConnor
MichaelConnor
MichaelConnor
MichaelConnor
PierreTran
MichaelConnor
MichaelConnor
MichaelConnor
MichaelConnor
MichaelConnor
KouroshKarimkhany
MichaelConnor
MichaelConnor
LynnleyBrowning
MichaelConnor
JoeOrtiz
JoeOrtiz
JoeOrtiz
JoeOrtiz
JoeOrtiz
JoeOrtiz
JoWinterbottom
JoeOrtiz
KouroshKarimkhany
JoeOrtiz
EdnaFernandes
JoeOrtiz
JoeOrtiz
DarrenSchuettler
JoeOrtiz
JoeOrtiz
JoeOrtiz
JoeOrtiz
LynnleyBrowning
JoeOrtiz
JoeOrtiz
JoeOrtiz
JoeOrtiz
DarrenSchuettler
EdnaFernandes
JoeOrtiz
AlexanderSmith
JoeOrtiz
JoeOrtiz
JoeOrtiz
JoeOrtiz
JoeOrtiz
JoeOrtiz
JoeOrtiz
JoeOrtiz
KevinDrawbaugh
JoeOrtiz
JoeOrtiz
JoeOrtiz
JoeOrtiz
SarahDavison
JoeOrtiz
JoeOrtiz
JoeOrtiz
JoeOrtiz
JoeOrtiz
JoeOrtiz
LydiaZajc
JoeOrtiz
KouroshKarimkhany
LynnleyBrowning
KouroshKarimkhany
RobinSidel
EricAuchard
KouroshKarimkhany
LynnleyBrowning
KouroshKarimkhany
KouroshKarimkhany
EricAuchard
EricAuchard
TheresePoletti
EricAuchard
EricAuchard
KouroshKarimkhany
LynnleyBrowning
EricAuchard
EricAuchard
EricAuchard
EricAuchard
LynnleyBrowning
KouroshKarimkhany
LynnleyBrowning
EricAuchard
EricAuchard
EricAuchard
KouroshKarimkhany
TheresePoletti
EricAuchard
EricAuchard
TheresePoletti
TheresePoletti
BradDorfman
EricAuchard
EricAuchard
TheresePoletti
NickLouth
EricAuchard
EricAuchard
EricAuchard
EricAuchard
EricAuchard
EricAuchard
EricAuchard
EricAuchard
EricAuchard
EricAuchard
EricAuchard
EricAuchard
KouroshKarimkhany
EricAuchard
AaronPressman
AaronPressman
AaronPressman
AaronPressman
AaronPressman
LynnleyBrowning
AaronPressman
AaronPressman
AaronPressman
LynnleyBrowning
AaronPressman
AaronPressman
AaronPressman
AaronPressman
GrahamEarnshaw
AaronPressman
LynnleyBrowning
SamuelPerry
AaronPressman
AaronPressman
AaronPressman
AaronPressman
AaronPressman
MartinWolk
AaronPressman
AaronPressman
AaronPressman
AaronPressman
AaronPressman
JanLopatka
AaronPressman
AaronPressman
LynnleyBrowning
AaronPressman
AaronPressman
AaronPressman
AaronPressman
AaronPressman
AaronPressman
AaronPressman
AaronPressman
AaronPressman
AaronPressman
AaronPressman
AaronPressman
AaronPressman
AaronPressman
AaronPressman
AaronPressman
AaronPressman
JoeOrtiz
SimonCowell
SimonCowell
JoeOrtiz
SimonCowell
JoeOrtiz
KevinMorrison
SimonCowell
JoeOrtiz
AlexanderSmith
KevinDrawbaugh
JoeOrtiz
SimonCowell
JoeOrtiz
AaronPressman
SimonCowell
SimonCowell
KeithWeir
AaronPressman
SimonCowell
RobinSidel
SimonCowell
SimonCowell
JoeOrtiz
SimonCowell
SimonCowell
SimonCowell
SimonCowell
JoeOrtiz
SimonCowell
TimFarrand
RobinSidel
LynnleyBrowning
TimFarrand
SimonCowell
AlexanderSmith
KeithWeir
SimonCowell
JoeOrtiz
SimonCowell
SimonCowell
SimonCowell
SimonCowell
LynnleyBrowning
JoeOrtiz
JoeOrtiz
SimonCowell
SimonCowell
JoeOrtiz
SimonCowell
LynneO'Donnell
LynnleyBrowning
LynnleyBrowning
LynneO'Donnell
LynneO'Donnell
LynneO'Donnell
LynneO'Donnell
LynneO'Donnell
LynneO'Donnell
LynneO'Donnell
LynneO'Donnell
MarkBendeich
LynnleyBrowning
LynneO'Donnell
LynneO'Donnell
LynneO'Donnell
LynneO'Donnell
LynneO'Donnell
LynneO'Donnell
LynneO'Donnell
LynneO'Donnell
LynneO'Donnell
LynneO'Donnell
LynneO'Donnell
LynneO'Donnell
LynneO'Donnell
LynneO'Donnell
LynneO'Donnell
LynneO'Donnell
LynnleyBrowning
LynneO'Donnell
LynneO'Donnell
WilliamKazer
LynneO'Donnell
LynneO'Donnell
LynneO'Donnell
LynneO'Donnell
LynneO'Donnell
LynnleyBrowning
LynneO'Donnell
LynneO'Donnell
WilliamKazer
LynneO'Donnell
LynneO'Donnell
LynneO'Donnell
PeterHumphrey
LynneO'Donnell
LynneO'Donnell
LynneO'Donnell
LynneO'Donnell
EdnaFernandes
EdnaFernandes
EdnaFernandes
EdnaFernandes
LynnleyBrowning
EdnaFernandes
AaronPressman
EdnaFernandes
EdnaFernandes
LynnleyBrowning
EdnaFernandes
EdnaFernandes
EdnaFernandes
EdnaFernandes
JoeOrtiz
KirstinRidley
EdnaFernandes
EdnaFernandes
LynnleyBrowning
EdnaFernandes
LynnleyBrowning
EdnaFernandes
LynnleyBrowning
LynnleyBrowning
LynnleyBrowning
EdnaFernandes
EdnaFernandes
LynnleyBrowning
EdnaFernandes
EdnaFernandes
EdnaFernandes
EdnaFernandes
EdnaFernandes
RobinSidel
KeithWeir
LynnleyBrowning
LynnleyBrowning
LynnleyBrowning
KeithWeir
EdnaFernandes
EdnaFernandes
LynnleyBrowning
EdnaFernandes
JonathanBirt
EdnaFernandes
EdnaFernandes
EdnaFernandes
EdnaFernandes
EdnaFernandes
EdnaFernandes
KevinMorrison
MichaelConnor
KevinMorrison
KevinDrawbaugh
LynnleyBrowning
LynnleyBrowning
LynnleyBrowning
KevinMorrison
LynnleyBrowning
LynnleyBrowning
KevinMorrison
KouroshKarimkhany
KevinMorrison
KevinMorrison
KevinMorrison
AaronPressman
KevinMorrison
KevinMorrison
KevinMorrison
KevinMorrison
LynnleyBrowning
LynnleyBrowning
BernardHickey
KevinMorrison
KevinMorrison
KevinMorrison
KevinMorrison
LynnleyBrowning
PatriciaCommins
LynnleyBrowning
LynnleyBrowning
KevinDrawbaugh
LynnleyBrowning
KevinMorrison
LynnleyBrowning
KevinMorrison
JoeOrtiz
KevinMorrison
BernardHickey
LynnleyBrowning
LynnleyBrowning
KevinMorrison
KevinMorrison
KevinMorrison
KevinMorrison
KevinMorrison
LynnleyBrowning
KevinMorrison
HeatherScoffield
KevinMorrison
SamuelPerry
SamuelPerry
AaronPressman
TheresePoletti
SamuelPerry
AaronPressman
SamuelPerry
EricAuchard
LynnleyBrowning
AaronPressman
SamuelPerry
SamuelPerry
EricAuchard
EricAuchard
EricAuchard
AaronPressman
EricAuchard
EricAuchard
EricAuchard
EricAuchard
EricAuchard
LynnleyBrowning
SamuelPerry
TheresePoletti
TheresePoletti
LynnleyBrowning
KouroshKarimkhany
SamuelPerry
AaronPressman
SamuelPerry
EricAuchard
SamuelPerry
KouroshKarimkhany
SamuelPerry
MartinWolk
SamuelPerry
SamuelPerry
SamuelPerry
EricAuchard
SamuelPerry
SamuelPerry
EricAuchard
AaronPressman
KirstinRidley
TheresePoletti
SamuelPerry
SamuelPerry
SamuelPerry
SamuelPerry
EricAuchard
PatriciaCommins
PatriciaCommins
LynneO'Donnell
LynnleyBrowning
JoeOrtiz
LynnleyBrowning
PatriciaCommins
LynnleyBrowning
PatriciaCommins
PatriciaCommins
PatriciaCommins
PatriciaCommins
LynneO'Donnell
PatriciaCommins
PatriciaCommins
PatriciaCommins
EricAuchard
PatriciaCommins
PatriciaCommins
PatriciaCommins
PatriciaCommins
PatriciaCommins
SamuelPerry
PatriciaCommins
LynnleyBrowning
PatriciaCommins
PatriciaCommins
PatriciaCommins
PatriciaCommins
PatriciaCommins
RobinSidel
PatriciaCommins
PatriciaCommins
LynnleyBrowning
PatriciaCommins
EricAuchard
PatriciaCommins
PatriciaCommins
PatriciaCommins
PatriciaCommins
PatriciaCommins
LynnleyBrowning
PatriciaCommins
PatriciaCommins
PatriciaCommins
PatriciaCommins
PatriciaCommins
PatriciaCommins
LynnleyBrowning
LynnleyBrowning
JohnMastrini
JohnMastrini
JohnMastrini
SarahDavison
LynneO'Donnell
LynneO'Donnell
JohnMastrini
JohnMastrini
JohnMastrini
JohnMastrini
JanLopatka
JanLopatka
SamuelPerry
JohnMastrini
JohnMastrini
JohnMastrini
JohnMastrini
LynnleyBrowning
LynnleyBrowning
JohnMastrini
JohnMastrini
JanLopatka
JanLopatka
JohnMastrini
JohnMastrini
JohnMastrini
LynnleyBrowning
JohnMastrini
JohnMastrini
PatriciaCommins
JohnMastrini
JohnMastrini
SamuelPerry
JohnMastrini
JohnMastrini
JanLopatka
JohnMastrini
JohnMastrini
JohnMastrini
JanLopatka
JohnMastrini
JanLopatka
SamuelPerry
JanLopatka
AlanCrosby
JohnMastrini
JanLopatka
JanLopatka
JohnMastrini
JanLopatka
JohnMastrini
JanLopatka
LynnleyBrowning
JohnMastrini
JanLopatka
JanLopatka
JanLopatka
JohnMastrini
JohnMastrini
JanLopatka
JanLopatka
JanLopatka
JanLopatka
JanLopatka
LynneO'Donnell
JohnMastrini
JanLopatka
JanLopatka
JanLopatka
JanLopatka
JanLopatka
LynnleyBrowning
LynnleyBrowning
JanLopatka
JanLopatka
JanLopatka
LynnleyBrowning
JanLopatka
JanLopatka
JanLopatka
JanLopatka
JohnMastrini
LynnleyBrowning
JanLopatka
LynneO'Donnell
JohnMastrini
LynnleyBrowning
AlanCrosby
JanLopatka
AlanCrosby
LynnleyBrowning
LynnleyBrowning
JanLopatka
JanLopatka
JanLopatka
JanLopatka
JanLopatka
JanLopatka
JanLopatka
JanLopatka
LynnleyBrowning
BradDorfman
RobinSidel
KevinDrawbaugh
EricAuchard
KevinDrawbaugh
KevinDrawbaugh
PierreTran
EricAuchard
KevinDrawbaugh
KevinDrawbaugh
SamuelPerry
KevinDrawbaugh
SamuelPerry
KevinDrawbaugh
EricAuchard
SamuelPerry
KevinDrawbaugh
KevinDrawbaugh
KevinDrawbaugh
KouroshKarimkhany
EricAuchard
KevinDrawbaugh
KevinDrawbaugh
KevinDrawbaugh
EricAuchard
LynnleyBrowning
KevinDrawbaugh
KevinDrawbaugh
AaronPressman
KevinDrawbaugh
PatriciaCommins
LynnleyBrowning
PierreTran
EricAuchard
RobinSidel
KevinDrawbaugh
KevinDrawbaugh
KevinDrawbaugh
KevinDrawbaugh
KevinDrawbaugh
KevinDrawbaugh
KevinDrawbaugh
BradDorfman
MichaelConnor
KevinDrawbaugh
KevinDrawbaugh
KevinDrawbaugh
BradDorfman
EricAuchard
KarlPenhaul
LynneO'Donnell
KarlPenhaul
KarlPenhaul
KarlPenhaul
LynnleyBrowning
LynnleyBrowning
KarlPenhaul
EdnaFernandes
KarlPenhaul
KarlPenhaul
KarlPenhaul
KarlPenhaul
KarlPenhaul
KarlPenhaul
KarlPenhaul
KarlPenhaul
KarlPenhaul
KarlPenhaul
KarlPenhaul
KarlPenhaul
KarlPenhaul
KarlPenhaul
KarlPenhaul
KarlPenhaul
KarlPenhaul
KarlPenhaul
KarlPenhaul
KarlPenhaul
KarlPenhaul
KarlPenhaul
KarlPenhaul
KarlPenhaul
KarlPenhaul
KarlPenhaul
KarlPenhaul
KarlPenhaul
KarlPenhaul
KarlPenhaul
KarlPenhaul
KarlPenhaul
KarlPenhaul
KarlPenhaul
KarlPenhaul
KarlPenhaul
KarlPenhaul
KarlPenhaul
KarlPenhaul
KarlPenhaul
KarlPenhaul
KarlPenhaul
MartinWolk
LynnleyBrowning
MartinWolk
EricAuchard
LynnleyBrowning
MartinWolk
KouroshKarimkhany
MartinWolk
BradDorfman
BradDorfman
LynnleyBrowning
MartinWolk
MartinWolk
MartinWolk
KarlPenhaul
TheresePoletti
MartinWolk
KarlPenhaul
MartinWolk
MartinWolk
MartinWolk
MartinWolk
MartinWolk
MartinWolk
MartinWolk
MartinWolk
KarlPenhaul
MartinWolk
MartinWolk
MartinWolk
LynnleyBrowning
MartinWolk
KarlPenhaul
BradDorfman
MartinWolk
MartinWolk
MartinWolk
MartinWolk
MartinWolk
MartinWolk
MartinWolk
MartinWolk
MartinWolk
KarlPenhaul
MartinWolk
MartinWolk
MartinWolk
MartinWolk
MartinWolk
BenjaminKangLim
LynnleyBrowning
MureDickie
KarlPenhaul
MureDickie
LynnleyBrowning
KarlPenhaul
LynnleyBrowning
LynneO'Donnell
LynneO'Donnell
ScottHillis
BenjaminKangLim
LynneO'Donnell
KarlPenhaul
LynnleyBrowning
LynnleyBrowning
ScottHillis
LynneO'Donnell
ScottHillis
MureDickie
BenjaminKangLim
BenjaminKangLim
LynneO'Donnell
ScottHillis
KarlPenhaul
KarlPenhaul
BenjaminKangLim
LynnleyBrowning
ScottHillis
ScottHillis
ScottHillis
ScottHillis
BenjaminKangLim
LynneO'Donnell
ScottHillis
KarlPenhaul
ScottHillis
MureDickie
ScottHillis
ScottHillis
ScottHillis
MartinWolk
TanEeLyn
WilliamKazer
ScottHillis
BenjaminKangLim
ScottHillis
PeterHumphrey
ScottHillis
MureDickie
DavidLawder
DavidLawder
DavidLawder
DavidLawder
DavidLawder
DavidLawder
DavidLawder
DavidLawder
DavidLawder
DavidLawder
DavidLawder
DavidLawder
DavidLawder
DavidLawder
DavidLawder
DavidLawder
DavidLawder
DavidLawder
DavidLawder
DavidLawder
DavidLawder
DavidLawder
DavidLawder
DavidLawder
DavidLawder
DavidLawder
DavidLawder
DavidLawder
DavidLawder
DavidLawder
DavidLawder
DavidLawder
DavidLawder
DavidLawder
DavidLawder
DavidLawder
DavidLawder
DavidLawder
DavidLawder
DavidLawder
DavidLawder
DavidLawder
DavidLawder
DavidLawder
DavidLawder
ToddNissen
DavidLawder
DavidLawder
DavidLawder
DavidLawder
FumikoFujisaki
FumikoFujisaki
FumikoFujisaki
LynnleyBrowning
FumikoFujisaki
FumikoFujisaki
KarlPenhaul
JoeOrtiz
FumikoFujisaki
FumikoFujisaki
FumikoFujisaki
ScottHillis
FumikoFujisaki
LynnleyBrowning
FumikoFujisaki
FumikoFujisaki
AaronPressman
FumikoFujisaki
SamuelPerry
LynnleyBrowning
FumikoFujisaki
FumikoFujisaki
DavidLawder
FumikoFujisaki
FumikoFujisaki
FumikoFujisaki
FumikoFujisaki
FumikoFujisaki
FumikoFujisaki
FumikoFujisaki
FumikoFujisaki
FumikoFujisaki
LynnleyBrowning
FumikoFujisaki
KarlPenhaul
KarlPenhaul
FumikoFujisaki
FumikoFujisaki
FumikoFujisaki
FumikoFujisaki
FumikoFujisaki
FumikoFujisaki
FumikoFujisaki
FumikoFujisaki
FumikoFujisaki
FumikoFujisaki
FumikoFujisaki
FumikoFujisaki
LynnleyBrowning
KarlPenhaul
MarcelMichelson
EricAuchard
MarcelMichelson
DavidLawder
MarcelMichelson
KarlPenhaul
KarlPenhaul
MarcelMichelson
MarcelMichelson
DavidLawder
MarcelMichelson
MarcelMichelson
MarcelMichelson
KarlPenhaul
DavidLawder
MarcelMichelson
MarcelMichelson
MarcelMichelson
MarcelMichelson
MarcelMichelson
MarcelMichelson
MarcelMichelson
MarcelMichelson
LynnleyBrowning
MarcelMichelson
MarcelMichelson
MarcelMichelson
MarcelMichelson
MarcelMichelson
MarcelMichelson
LynnleyBrowning
MarcelMichelson
MarcelMichelson
MarcelMichelson
LynnleyBrowning
MarcelMichelson
MarcelMichelson
KarlPenhaul
MarcelMichelson
PierreTran
MarcelMichelson
KarlPenhaul
PierreTran
MarcelMichelson
MarcelMichelson
MarcelMichelson
MarcelMichelson
MarcelMichelson
MarcelMichelson
MarcelMichelson
NickLouth
KarlPenhaul
TheresePoletti
NickLouth
MartinWolk
KarlPenhaul
KeithWeir
NickLouth
KarlPenhaul
NickLouth
NickLouth
NickLouth
NickLouth
NickLouth
NickLouth
KirstinRidley
KarlPenhaul
NickLouth
NickLouth
NickLouth
NickLouth
NickLouth
NickLouth
NickLouth
NickLouth
MartinWolk
DavidLawder
NickLouth
KarlPenhaul
NickLouth
KarlPenhaul
NickLouth
NickLouth
NickLouth
NickLouth
NickLouth
NickLouth
NickLouth
NickLouth
NickLouth
NickLouth
NickLouth
NickLouth
NickLouth
NickLouth
NickLouth
NickLouth
NickLouth
NickLouth
NickLouth
LydiaZajc
RobinSidel
DarrenSchuettler
DarrenSchuettler
LydiaZajc
DarrenSchuettler
LynnleyBrowning
RobinSidel
DarrenSchuettler
DarrenSchuettler
DavidLawder
DarrenSchuettler
DarrenSchuettler
DarrenSchuettler
LynnleyBrowning
DarrenSchuettler
DarrenSchuettler
DarrenSchuettler
DarrenSchuettler
DarrenSchuettler
DarrenSchuettler
DarrenSchuettler
DarrenSchuettler
DarrenSchuettler
DarrenSchuettler
DarrenSchuettler
KarlPenhaul
DarrenSchuettler
DarrenSchuettler
DarrenSchuettler
DarrenSchuettler
DarrenSchuettler
DarrenSchuettler
DarrenSchuettler
DarrenSchuettler
DarrenSchuettler
GrahamEarnshaw
DarrenSchuettler
DarrenSchuettler
DarrenSchuettler
LydiaZajc
DarrenSchuettler
DarrenSchuettler
KarlPenhaul
DarrenSchuettler
DarrenSchuettler
DarrenSchuettler
DarrenSchuettler
DarrenSchuettler
MarkBendeich
LynnleyBrowning
LynnleyBrowning
ScottHillis
ScottHillis
WilliamKazer
DarrenSchuettler
DarrenSchuettler
LynneO'Donnell
LynneO'Donnell
ScottHillis
DarrenSchuettler
DarrenSchuettler
JaneMacartney
ScottHillis
ScottHillis
ScottHillis
MureDickie
ScottHillis
MureDickie
ScottHillis
MureDickie
ScottHillis
WilliamKazer
LynnleyBrowning
ScottHillis
ScottHillis
LynnleyBrowning
ScottHillis
MichaelConnor
DarrenSchuettler
BenjaminKangLim
LynnleyBrowning
ScottHillis
DarrenSchuettler
ScottHillis
WilliamKazer
ScottHillis
ScottHillis
BenjaminKangLim
LynnleyBrowning
KarlPenhaul
KarlPenhaul
ScottHillis
DarrenSchuettler
LynnleyBrowning
LynnleyBrowning
TanEeLyn
ScottHillis
LynneO'Donnell
WilliamKazer
LynnleyBrowning
LynneO'Donnell
TanEeLyn
LynneO'Donnell
TanEeLyn
WilliamKazer
TanEeLyn
LynneO'Donnell
LynneO'Donnell
ScottHillis
DavidLawder
LynneO'Donnell
LynnleyBrowning
TanEeLyn
LynneO'Donnell
TanEeLyn
TanEeLyn
PeterHumphrey
TanEeLyn
TanEeLyn
TanEeLyn
TanEeLyn
TanEeLyn
TanEeLyn
TanEeLyn
TanEeLyn
TanEeLyn
TanEeLyn
TanEeLyn
LynnleyBrowning
LynnleyBrowning
TanEeLyn
PeterHumphrey
TanEeLyn
PeterHumphrey
TanEeLyn
TanEeLyn
LynnleyBrowning
TanEeLyn
TanEeLyn
TanEeLyn
TanEeLyn
TanEeLyn
TanEeLyn
TanEeLyn
TanEeLyn
TanEeLyn
TanEeLyn
TanEeLyn
LynnleyBrowning
PierreTran
TanEeLyn
TanEeLyn
EdnaFernandes
PierreTran
PierreTran
PierreTran
TanEeLyn
PierreTran
PierreTran
PierreTran
MarcelMichelson
MarcelMichelson
PierreTran
TanEeLyn
EdnaFernandes
TanEeLyn
TanEeLyn
PierreTran
TanEeLyn
PierreTran
DarrenSchuettler
PierreTran
PierreTran
PierreTran
TanEeLyn
MarcelMichelson
TanEeLyn
MarcelMichelson
TanEeLyn
DarrenSchuettler
PierreTran
TanEeLyn
PierreTran
PierreTran
JoeOrtiz
PierreTran
MarcelMichelson
MarcelMichelson
TanEeLyn
PierreTran
PierreTran
PierreTran
PierreTran
PierreTran
PierreTran
PierreTran
PierreTran
MarcelMichelson
PierreTran
TanEeLyn
TanEeLyn
HeatherScoffield
HeatherScoffield
HeatherScoffield
HeatherScoffield
LynnleyBrowning
HeatherScoffield
LynnleyBrowning
HeatherScoffield
HeatherScoffield
HeatherScoffield
HeatherScoffield
HeatherScoffield
HeatherScoffield
HeatherScoffield
LydiaZajc
HeatherScoffield
TanEeLyn
HeatherScoffield
HeatherScoffield
TanEeLyn
HeatherScoffield
LynnleyBrowning
TanEeLyn
HeatherScoffield
KevinMorrison
HeatherScoffield
TanEeLyn
HeatherScoffield
TanEeLyn
HeatherScoffield
DavidLawder
HeatherScoffield
TanEeLyn
HeatherScoffield
TanEeLyn
HeatherScoffield
HeatherScoffield
HeatherScoffield
HeatherScoffield
TanEeLyn
HeatherScoffield
HeatherScoffield
LydiaZajc
HeatherScoffield
TanEeLyn
HeatherScoffield
HeatherScoffield
TanEeLyn
TanEeLyn
ScottHillis
LynnleyBrowning
TanEeLyn
TanEeLyn
TanEeLyn
TanEeLyn
ScottHillis
TanEeLyn
BenjaminKangLim
DarrenSchuettler
LynneO'Donnell
WilliamKazer
BenjaminKangLim
ScottHillis
MureDickie
ScottHillis
ScottHillis
BenjaminKangLim
MureDickie
ScottHillis
JonathanBirt
TanEeLyn
MureDickie
TanEeLyn
ScottHillis
LynnleyBrowning
TanEeLyn
MureDickie
TanEeLyn
JaneMacartney
TanEeLyn
MureDickie
DarrenSchuettler
TanEeLyn
TanEeLyn
TanEeLyn
MureDickie
LynnleyBrowning
LynnleyBrowning
ScottHillis
ScottHillis
TanEeLyn
MureDickie
TanEeLyn
MureDickie
TanEeLyn
TanEeLyn
TanEeLyn
TanEeLyn
TanEeLyn
RogerFillion
TanEeLyn
TanEeLyn
RogerFillion
DarrenSchuettler
RogerFillion
TanEeLyn
TanEeLyn
RogerFillion
TanEeLyn
RogerFillion
TanEeLyn
TanEeLyn
RogerFillion
NickLouth
RogerFillion
RogerFillion
RogerFillion
TanEeLyn
RogerFillion
RogerFillion
RogerFillion
TanEeLyn
RogerFillion
RogerFillion
RogerFillion
TanEeLyn
RogerFillion
PierreTran
RogerFillion
RogerFillion
RogerFillion
RogerFillion
RogerFillion
RogerFillion
RogerFillion
RogerFillion
RogerFillion
RogerFillion
RogerFillion
TanEeLyn
RogerFillion
TanEeLyn
RogerFillion
RogerFillion
TanEeLyn
RogerFillion
RogerFillion
PierreTran
PierreTran
PierreTran
PierreTran
PierreTran
PierreTran
PierreTran
PierreTran
PierreTran
TanEeLyn
PierreTran
TanEeLyn
PierreTran
PierreTran
PierreTran
PierreTran
TanEeLyn
PierreTran
PierreTran
PierreTran
PierreTran
RobinSidel
PierreTran
PierreTran
PierreTran
PierreTran
PierreTran
PierreTran
DavidLawder
PierreTran
PierreTran
PierreTran
PierreTran
PierreTran
PierreTran
PierreTran
PierreTran
JimGilchrist
PierreTran
PierreTran
PierreTran
PierreTran
PierreTran
TanEeLyn
PierreTran
PierreTran
PierreTran
PierreTran
PierreTran
PierreTran
PierreTran
DavidLawder
BradDorfman
TanEeLyn
DarrenSchuettler
TanEeLyn
BradDorfman
BradDorfman
DarrenSchuettler
PierreTran
BradDorfman
BradDorfman
BradDorfman
BradDorfman
TanEeLyn
DavidLawder
TanEeLyn
TanEeLyn
DarrenSchuettler
TanEeLyn
DarrenSchuettler
BradDorfman
TanEeLyn
TanEeLyn
DarrenSchuettler
DavidLawder
BradDorfman
TanEeLyn
DarrenSchuettler
BradDorfman
BradDorfman
TanEeLyn
TanEeLyn
TanEeLyn
BradDorfman
BradDorfman
BradDorfman
TheresePoletti
BradDorfman
DarrenSchuettler
DarrenSchuettler
TanEeLyn
DarrenSchuettler
TanEeLyn
TanEeLyn
PierreTran
BradDorfman
TanEeLyn
DarrenSchuettler
BradDorfman
DavidLawder
TanEeLyn
AlanCrosby
TanEeLyn
AlanCrosby
TanEeLyn
DarrenSchuettler
TanEeLyn
TanEeLyn
AlanCrosby
DarrenSchuettler
DarrenSchuettler
TanEeLyn
TanEeLyn
TanEeLyn
TanEeLyn
DarrenSchuettler
TanEeLyn
TanEeLyn
TanEeLyn
AlanCrosby
DarrenSchuettler
TanEeLyn
AlanCrosby
TanEeLyn
AlanCrosby
TanEeLyn
TanEeLyn
DarrenSchuettler
TanEeLyn
DarrenSchuettler
TanEeLyn
AlanCrosby
TanEeLyn
AlanCrosby
TanEeLyn
DarrenSchuettler
TanEeLyn
TanEeLyn
AlanCrosby
TanEeLyn
TanEeLyn
JanLopatka
LynnleyBrowning
TanEeLyn
DarrenSchuettler
AlanCrosby
TanEeLyn
DarrenSchuettler
AlanCrosby
AlanCrosby
LynnleyBrowning
PierreTran
TanEeLyn
TanEeLyn
JonathanBirt
TanEeLyn
JonathanBirt
TanEeLyn
TanEeLyn
JonathanBirt
TanEeLyn
LynnleyBrowning
TanEeLyn
TanEeLyn
TanEeLyn
TanEeLyn
TanEeLyn
LynnleyBrowning
JonathanBirt
JonathanBirt
MarcelMichelson
TanEeLyn
TanEeLyn
TanEeLyn
EdnaFernandes
TanEeLyn
TanEeLyn
TanEeLyn
TanEeLyn
DavidLawder
TanEeLyn
TanEeLyn
JonathanBirt
TanEeLyn
TanEeLyn
TanEeLyn
JonathanBirt
TanEeLyn
TanEeLyn
LynnleyBrowning
JonathanBirt
LynnleyBrowning
LynnleyBrowning
TanEeLyn
JonathanBirt
DavidLawder
TanEeLyn
TanEeLyn
TanEeLyn
TanEeLyn
ScottHillis
TanEeLyn
BenjaminKangLim
MureDickie
TanEeLyn
TanEeLyn
TanEeLyn
LynnleyBrowning
TanEeLyn
TanEeLyn
MureDickie
MureDickie
TanEeLyn
BenjaminKangLim
TanEeLyn
TanEeLyn
LynnleyBrowning
LynnleyBrowning
MureDickie
MureDickie
TanEeLyn
TanEeLyn
LynnleyBrowning
MureDickie
MureDickie
TanEeLyn
TanEeLyn
TanEeLyn
TanEeLyn
TanEeLyn
TanEeLyn
DarrenSchuettler
TanEeLyn
MureDickie
MureDickie
BenjaminKangLim
TanEeLyn
TanEeLyn
MureDickie
TanEeLyn
WilliamKazer
TanEeLyn
MureDickie
TanEeLyn
TanEeLyn
TanEeLyn
MureDickie
TanEeLyn
TanEeLyn
TanEeLyn
TanEeLyn
TheresePoletti
TanEeLyn
TanEeLyn
TheresePoletti
TanEeLyn
TanEeLyn
TanEeLyn
TanEeLyn
TanEeLyn
TanEeLyn
SamuelPerry
TheresePoletti
TheresePoletti
TanEeLyn
TheresePoletti
TanEeLyn
TheresePoletti
BradDorfman
TanEeLyn
MartinWolk
TanEeLyn
TheresePoletti
TheresePoletti
TheresePoletti
TanEeLyn
TheresePoletti
TanEeLyn
TheresePoletti
TheresePoletti
TheresePoletti
TheresePoletti
TanEeLyn
TheresePoletti
TheresePoletti
TanEeLyn
TheresePoletti
MartinWolk
TheresePoletti
TheresePoletti
TanEeLyn
TanEeLyn
TanEeLyn
TanEeLyn
TheresePoletti
TanEeLyn
TheresePoletti
TheresePoletti
TheresePoletti
MartinWolk
KeithWeir
KeithWeir
TanEeLyn
KeithWeir
KeithWeir
TanEeLyn
KeithWeir
KeithWeir
TanEeLyn
KeithWeir
TanEeLyn
KeithWeir
TanEeLyn
KeithWeir
KeithWeir
KeithWeir
TanEeLyn
TanEeLyn
KeithWeir
KeithWeir
KeithWeir
KeithWeir
KeithWeir
TanEeLyn
KeithWeir
KeithWeir
TanEeLyn
TanEeLyn
TanEeLyn
KeithWeir
KeithWeir
KeithWeir
KeithWeir
TanEeLyn
KeithWeir
KeithWeir
TanEeLyn
KirstinRidley
KeithWeir
KeithWeir
TanEeLyn
KeithWeir
TanEeLyn
KeithWeir
KeithWeir
TanEeLyn
KeithWeir
KirstinRidley
TanEeLyn
TanEeLyn
TanEeLyn
TanEeLyn
TheresePoletti
JoWinterbottom
JoWinterbottom
KeithWeir
TanEeLyn
JoWinterbottom
JoWinterbottom
TanEeLyn
TanEeLyn
JoWinterbottom
TanEeLyn
TanEeLyn
JoWinterbottom
TanEeLyn
TanEeLyn
JoWinterbottom
JoWinterbottom
TanEeLyn
JoWinterbottom
JoWinterbottom
TanEeLyn
TanEeLyn
TanEeLyn
TanEeLyn
TanEeLyn
JoWinterbottom
TanEeLyn
JoWinterbottom
JoWinterbottom
TanEeLyn
JoWinterbottom
JoWinterbottom
JoWinterbottom
JoWinterbottom
TanEeLyn
TanEeLyn
TanEeLyn
TanEeLyn
JoWinterbottom
TanEeLyn
TanEeLyn
JoWinterbottom
TanEeLyn
JoWinterbottom
JoWinterbottom
TanEeLyn
JoWinterbottom
JoWinterbottom
MarkBendeich
DavidLawder
TanEeLyn
MarkBendeich
TanEeLyn
MarkBendeich
TanEeLyn
TanEeLyn
TanEeLyn
LynnleyBrowning
TanEeLyn
MarkBendeich
TanEeLyn
TanEeLyn
MarkBendeich
TanEeLyn
MarkBendeich
MarkBendeich
TanEeLyn
DarrenSchuettler
TanEeLyn
TanEeLyn
MarkBendeich
TanEeLyn
TanEeLyn
TanEeLyn
LynnleyBrowning
LynnleyBrowning
LynnleyBrowning
LydiaZajc
MarkBendeich
MarkBendeich
MarkBendeich
MarkBendeich
MarkBendeich
MarkBendeich
MarkBendeich
MarkBendeich
MarkBendeich
MarkBendeich
MarkBendeich
MarkBendeich
MarkBendeich
MarkBendeich
MarkBendeich
MarkBendeich
MarkBendeich
MarkBendeich
MarkBendeich
MarkBendeich
TanEeLyn
TanEeLyn
TanEeLyn
ScottHillis
JaneMacartney
TanEeLyn
JaneMacartney
TanEeLyn
DarrenSchuettler
TanEeLyn
TanEeLyn
TanEeLyn
TanEeLyn
TanEeLyn
TanEeLyn
TanEeLyn
TanEeLyn
JaneMacartney
TanEeLyn
TanEeLyn
TanEeLyn
JaneMacartney
TanEeLyn
TanEeLyn
TanEeLyn
MureDickie
TanEeLyn
TanEeLyn
TanEeLyn
TanEeLyn
TanEeLyn
TanEeLyn
TanEeLyn
TanEeLyn
TanEeLyn
TanEeLyn
TanEeLyn
MarkBendeich
TanEeLyn
TanEeLyn
LynnleyBrowning
DavidLawder
TanEeLyn
TanEeLyn
TanEeLyn
TanEeLyn
TanEeLyn
TanEeLyn
MureDickie
TanEeLyn
LynnleyBrowning
TanEeLyn
LynneO'Donnell
LynnleyBrowning
MatthewBunce
TanEeLyn
LynnleyBrowning
TanEeLyn
TanEeLyn
LynnleyBrowning
LynnleyBrowning
LynneO'Donnell
LynnleyBrowning
TanEeLyn
LynnleyBrowning
LynnleyBrowning
TanEeLyn
TanEeLyn
TanEeLyn
TanEeLyn
TanEeLyn
LynnleyBrowning
TanEeLyn
TanEeLyn
TanEeLyn
TanEeLyn
MarkBendeich
MarkBendeich
LynnleyBrowning
MatthewBunce
LynnleyBrowning
LynnleyBrowning
MarkBendeich
TanEeLyn
TanEeLyn
TanEeLyn
TanEeLyn
MatthewBunce
MatthewBunce
TanEeLyn
TanEeLyn
TanEeLyn
LynnleyBrowning
TanEeLyn
MatthewBunce
LynnleyBrowning
LynnleyBrowning
TanEeLyn
LynnleyBrowning
TanEeLyn
MarkBendeich
DavidLawder
DavidLawder
ToddNissen
ToddNissen
DavidLawder
DavidLawder
DavidLawder
DavidLawder
TanEeLyn
TanEeLyn
DavidLawder
ToddNissen
DavidLawder
ToddNissen
ToddNissen
DavidLawder
DavidLawder
TanEeLyn
MarkBendeich
DavidLawder
ToddNissen
DavidLawder
ToddNissen
DavidLawder
DavidLawder
ToddNissen
ToddNissen
DavidLawder
DavidLawder
DavidLawder
DavidLawder
DavidLawder
TanEeLyn
TanEeLyn
DavidLawder
DavidLawder
DavidLawder
DavidLawder
ToddNissen
ToddNissen
DavidLawder
DavidLawder
DavidLawder
DavidLawder
ToddNissen
DavidLawder
MarkBendeich
DavidLawder
DavidLawder
LynneO'Donnell
TanEeLyn
TanEeLyn
TanEeLyn
TanEeLyn
TanEeLyn
TanEeLyn
TanEeLyn
TanEeLyn
LynneO'Donnell
TanEeLyn
TanEeLyn
TanEeLyn
TanEeLyn
PeterHumphrey
TanEeLyn
LynneO'Donnell
TanEeLyn
TanEeLyn
TanEeLyn
TanEeLyn
TanEeLyn
TanEeLyn
TanEeLyn
TanEeLyn
TanEeLyn
LynneO'Donnell
LynneO'Donnell
TanEeLyn
TanEeLyn
TanEeLyn
TanEeLyn
TanEeLyn
TanEeLyn
TanEeLyn
TanEeLyn
TanEeLyn
TanEeLyn
TanEeLyn
TanEeLyn
TanEeLyn
TanEeLyn
TanEeLyn
TanEeLyn
TanEeLyn
TanEeLyn
TanEeLyn
TanEeLyn
LynneO'Donnell
LynneO'Donnell
TanEeLyn
MarkBendeich
MarkBendeich
MarkBendeich
MarkBendeich
MarkBendeich
MarkBendeich
TanEeLyn
MarkBendeich
MarkBendeich
MarkBendeich
MarkBendeich
MarkBendeich
MarkBendeich
MarkBendeich
MarkBendeich
MarkBendeich
MarkBendeich
MarkBendeich
MarkBendeich
MarkBendeich
MarkBendeich
MarkBendeich
KeithWeir
TimFarrand
MarkBendeich
MarkBendeich
TimFarrand
TimFarrand
TanEeLyn
TanEeLyn
TanEeLyn
MarkBendeich
MarkBendeich
TimFarrand
TanEeLyn
MarkBendeich
TanEeLyn
MarkBendeich
TimFarrand
TanEeLyn
TanEeLyn
TimFarrand
TimFarrand
TimFarrand
TimFarrand
TimFarrand
MarkBendeich
TimFarrand
TanEeLyn
TanEeLyn
TanEeLyn
MarkBendeich
TanEeLyn
TanEeLyn
KeithWeir
MarkBendeich
TanEeLyn
TanEeLyn
TanEeLyn
TanEeLyn
SarahDavison
TanEeLyn
TanEeLyn
SarahDavison
TanEeLyn
TanEeLyn
TanEeLyn
TanEeLyn
TanEeLyn
LynnleyBrowning
TanEeLyn
TanEeLyn
TanEeLyn
TanEeLyn
TanEeLyn
SarahDavison
TanEeLyn
TanEeLyn
TanEeLyn
TanEeLyn
TanEeLyn
TanEeLyn
TanEeLyn
TanEeLyn
JoeOrtiz
TanEeLyn
SarahDavison
TanEeLyn
TanEeLyn
TanEeLyn
TanEeLyn
TanEeLyn
TanEeLyn
TanEeLyn
TanEeLyn
TanEeLyn
MarkBendeich
SarahDavison
TanEeLyn
TanEeLyn
TanEeLyn
TanEeLyn
TanEeLyn
TanEeLyn
MarkBendeich
TanEeLyn
TanEeLyn
TanEeLyn
TanEeLyn
TanEeLyn
TanEeLyn
TanEeLyn
MarkBendeich
TanEeLyn
TanEeLyn
TanEeLyn
TanEeLyn
TanEeLyn
TanEeLyn
TanEeLyn
TanEeLyn
TanEeLyn
TanEeLyn
TanEeLyn
TanEeLyn
TanEeLyn
TanEeLyn
TanEeLyn
TanEeLyn
TanEeLyn
TanEeLyn
TanEeLyn
TanEeLyn
TanEeLyn
TanEeLyn
TanEeLyn
TanEeLyn
TanEeLyn
TanEeLyn
TanEeLyn
TanEeLyn
TanEeLyn
TanEeLyn
TanEeLyn
MarkBendeich
TanEeLyn
TanEeLyn
TanEeLyn
TanEeLyn
TanEeLyn
TanEeLyn
TanEeLyn
TanEeLyn
TanEeLyn
TanEeLyn
TanEeLyn
TanEeLyn
MarkBendeich
TanEeLyn
TanEeLyn
MarkBendeich
TanEeLyn
MarkBendeich
MarkBendeich
MarkBendeich
TanEeLyn
TanEeLyn
MarkBendeich
TanEeLyn
MarkBendeich
MichaelConnor
TanEeLyn
TanEeLyn
TanEeLyn
TanEeLyn
MarkBendeich
MarkBendeich
TanEeLyn
MarkBendeich
TanEeLyn
MarkBendeich
MarkBendeich
MarkBendeich
MarkBendeich
TanEeLyn
TanEeLyn
TanEeLyn
MarkBendeich
TanEeLyn
MarkBendeich
MarkBendeich
MarkBendeich
MarkBendeich
KeithWeir
KeithWeir
TanEeLyn
TanEeLyn
MarkBendeich
MarkBendeich
TanEeLyn
TanEeLyn
KeithWeir
KeithWeir
KeithWeir
TanEeLyn
MarkBendeich
TanEeLyn
KeithWeir
KeithWeir
KeithWeir
TanEeLyn
MarkBendeich
TanEeLyn
MarkBendeich
TanEeLyn
PierreTran
TanEeLyn
TanEeLyn
TanEeLyn
TanEeLyn
KeithWeir
KeithWeir
TanEeLyn
TanEeLyn
TheresePoletti
KeithWeir
MarkBendeich
TanEeLyn
TanEeLyn
TanEeLyn
MarkBendeich
TanEeLyn
KeithWeir
KeithWeir
MarkBendeich
KeithWeir
TanEeLyn
TanEeLyn
TanEeLyn
KeithWeir
KeithWeir
KeithWeir
TanEeLyn
KeithWeir
KeithWeir
TanEeLyn
TanEeLyn
KeithWeir
TanEeLyn
TanEeLyn
TanEeLyn
TanEeLyn
TanEeLyn
TanEeLyn
TanEeLyn
JoeOrtiz
TanEeLyn
TanEeLyn
TanEeLyn
TanEeLyn
TanEeLyn
TanEeLyn
KeithWeir
TanEeLyn
TanEeLyn
TanEeLyn
TanEeLyn
TanEeLyn
TanEeLyn
TimFarrand
TanEeLyn
TanEeLyn
TanEeLyn
TanEeLyn
TanEeLyn
TanEeLyn
TanEeLyn
TanEeLyn
TanEeLyn
TanEeLyn
TanEeLyn
TanEeLyn
TanEeLyn
TanEeLyn
TanEeLyn
AlexanderSmith
MarkBendeich
TanEeLyn
TanEeLyn
TanEeLyn
MarkBendeich
TanEeLyn
TanEeLyn
TanEeLyn
MarkBendeich
TanEeLyn
TanEeLyn
TanEeLyn
TanEeLyn
TanEeLyn
TanEeLyn
TanEeLyn
TanEeLyn
TanEeLyn
TanEeLyn
TanEeLyn
TanEeLyn
LydiaZajc
TanEeLyn
TanEeLyn
TanEeLyn
TanEeLyn
LydiaZajc
TanEeLyn
TanEeLyn
LydiaZajc
TanEeLyn
TanEeLyn
LydiaZajc
TanEeLyn
TanEeLyn
TanEeLyn
TanEeLyn
LydiaZajc
TanEeLyn
TanEeLyn
TanEeLyn
TanEeLyn
TanEeLyn
TanEeLyn
LydiaZajc
TanEeLyn
TanEeLyn
MarkBendeich
TanEeLyn
TanEeLyn
LydiaZajc
TanEeLyn
TanEeLyn
LydiaZajc
TanEeLyn
LydiaZajc
TanEeLyn
LydiaZajc
TanEeLyn
TanEeLyn
TanEeLyn
MarkBendeich
TanEeLyn
