-> reading ground truths from  truths.out
-> reading results from  result.out
-- Evaluation Results --
Total Correct:    1161
Total Incorrect:  1339
Overall Accuracy: 0.4644
Authors:
  - LydiaZajc:
      hits = 10,  strikes = 7,  misses = 40
      precision = 0.5882,  recall = 0.2000,  f-measure = 0.2985
  - SimonCowell:
      hits = 24,  strikes = 0,  misses = 26
      precision = 0.8293,  recall = 0.3400,  f-measure = 0.4823
  - EricAuchard:
      hits = 29,  strikes = 26,  misses = 21
      precision = 0.6562,  recall = 0.4200,  f-measure = 0.5122
  - MartinWolk:
      hits = 34,  strikes = 9,  misses = 16
      precision = 0.6978,  recall = 0.4850,  f-measure = 0.5723
  - LynnleyBrowning:
      hits = 47,  strikes = 148,  misses = 3
      precision = 0.4311,  recall = 0.5760,  f-measure = 0.4932
  - KevinMorrison:
      hits = 25,  strikes = 2,  misses = 25
      precision = 0.4681,  recall = 0.5633,  f-measure = 0.5113
  - JimGilchrist:
      hits = 1,  strikes = 0,  misses = 49
      precision = 0.4696,  recall = 0.4857,  f-measure = 0.4775
  - GrahamEarnshaw:
      hits = 0,  strikes = 4,  misses = 50
      precision = 0.4645,  recall = 0.4250,  f-measure = 0.4439
  - BradDorfman:
      hits = 17,  strikes = 8,  misses = 33
      precision = 0.4783,  recall = 0.4156,  f-measure = 0.4447
  - JonathanBirt:
      hits = 9,  strikes = 2,  misses = 41
      precision = 0.4876,  recall = 0.3920,  f-measure = 0.4346
  - DavidLawder:
      hits = 49,  strikes = 47,  misses = 1
      precision = 0.4920,  recall = 0.4455,  f-measure = 0.4676
  - WilliamKazer:
      hits = 4,  strikes = 6,  misses = 46
      precision = 0.4902,  recall = 0.4150,  f-measure = 0.4495
  - JoeOrtiz:
      hits = 38,  strikes = 19,  misses = 12
      precision = 0.5080,  recall = 0.4415,  f-measure = 0.4724
  - KouroshKarimkhany:
      hits = 45,  strikes = 19,  misses = 5
      precision = 0.5278,  recall = 0.4743,  f-measure = 0.4996
  - AlanCrosby:
      hits = 12,  strikes = 3,  misses = 38
      precision = 0.5342,  recall = 0.4587,  f-measure = 0.4935
  - PatriciaCommins:
      hits = 35,  strikes = 3,  misses = 15
      precision = 0.5557,  recall = 0.4738,  f-measure = 0.5115
  - EdnaFernandes:
      hits = 31,  strikes = 6,  misses = 19
      precision = 0.5702,  recall = 0.4824,  f-measure = 0.5226
  - JohnMastrini:
      hits = 28,  strikes = 7,  misses = 22
      precision = 0.5809,  recall = 0.4867,  f-measure = 0.5296
  - MarcelMichelson:
      hits = 36,  strikes = 8,  misses = 14
      precision = 0.5940,  recall = 0.4989,  f-measure = 0.5423
  - KarlPenhaul:
      hits = 46,  strikes = 31,  misses = 4
      precision = 0.5943,  recall = 0.5200,  f-measure = 0.5547
  - BenjaminKangLim:
      hits = 3,  strikes = 12,  misses = 47
      precision = 0.5876,  recall = 0.4981,  f-measure = 0.5392
  - TanEeLyn:
      hits = 32,  strikes = 581,  misses = 18
      precision = 0.3693,  recall = 0.5045,  f-measure = 0.4264
  - LynneO'Donnell:
      hits = 41,  strikes = 33,  misses = 9
      precision = 0.3779,  recall = 0.5183,  f-measure = 0.4371
  - RobinSidel:
      hits = 43,  strikes = 14,  misses = 7
      precision = 0.3911,  recall = 0.5325,  f-measure = 0.4510
  - TheresePoletti:
      hits = 23,  strikes = 15,  misses = 27
      precision = 0.3959,  recall = 0.5296,  f-measure = 0.4531
  - MatthewBunce:
      hits = 5,  strikes = 1,  misses = 45
      precision = 0.3975,  recall = 0.5131,  f-measure = 0.4480
  - FumikoFujisaki:
      hits = 36,  strikes = 0,  misses = 14
      precision = 0.4102,  recall = 0.5207,  f-measure = 0.4589
  - JoWinterbottom:
      hits = 23,  strikes = 1,  misses = 27
      precision = 0.4177,  recall = 0.5186,  f-measure = 0.4627
  - MichaelConnor:
      hits = 35,  strikes = 5,  misses = 15
      precision = 0.4280,  recall = 0.5248,  f-measure = 0.4715
  - KevinDrawbaugh:
      hits = 26,  strikes = 6,  misses = 24
      precision = 0.4348,  recall = 0.5247,  f-measure = 0.4755
  - AlexanderSmith:
      hits = 1,  strikes = 3,  misses = 49
      precision = 0.4344,  recall = 0.5084,  f-measure = 0.4685
  - ScottHillis:
      hits = 16,  strikes = 31,  misses = 34
      precision = 0.4320,  recall = 0.5025,  f-measure = 0.4646
  - SarahDavison:
      hits = 5,  strikes = 2,  misses = 45
      precision = 0.4331,  recall = 0.4903,  f-measure = 0.4599
  - MarkBendeich:
      hits = 28,  strikes = 77,  misses = 22
      precision = 0.4242,  recall = 0.4924,  f-measure = 0.4558
  - BernardHickey:
      hits = 0,  strikes = 2,  misses = 50
      precision = 0.4238,  recall = 0.4783,  f-measure = 0.4494
  - PeterHumphrey:
      hits = 1,  strikes = 5,  misses = 49
      precision = 0.4230,  recall = 0.4656,  f-measure = 0.4433
  - KirstinRidley:
      hits = 0,  strikes = 5,  misses = 50
      precision = 0.4220,  recall = 0.4530,  f-measure = 0.4369
  - NickLouth:
      hits = 38,  strikes = 2,  misses = 12
      precision = 0.4324,  recall = 0.4611,  f-measure = 0.4463
  - TimFarrand:
      hits = 11,  strikes = 3,  misses = 39
      precision = 0.4348,  recall = 0.4549,  f-measure = 0.4446
  - KeithWeir:
      hits = 30,  strikes = 29,  misses = 20
      precision = 0.4369,  recall = 0.4585,  f-measure = 0.4474
  - RogerFillion:
      hits = 32,  strikes = 1,  misses = 18
      precision = 0.4451,  recall = 0.4629,  f-measure = 0.4538
  - JanLopatka:
      hits = 31,  strikes = 14,  misses = 19
      precision = 0.4502,  recall = 0.4667,  f-measure = 0.4583
  - DarrenSchuettler:
      hits = 38,  strikes = 38,  misses = 12
      precision = 0.4518,  recall = 0.4735,  f-measure = 0.4624
  - JaneMacartney:
      hits = 4,  strikes = 2,  misses = 46
      precision = 0.4524,  recall = 0.4645,  f-measure = 0.4584
  - HeatherScoffield:
      hits = 31,  strikes = 1,  misses = 19
      precision = 0.4596,  recall = 0.4680,  f-measure = 0.4638
  - AaronPressman:
      hits = 42,  strikes = 12,  misses = 8
      precision = 0.4670,  recall = 0.4761,  f-measure = 0.4715
  - SamuelPerry:
      hits = 20,  strikes = 11,  misses = 30
      precision = 0.4693,  recall = 0.4745,  f-measure = 0.4719
  - ToddNissen:
      hits = 12,  strikes = 1,  misses = 38
      precision = 0.4717,  recall = 0.4696,  f-measure = 0.4707
  - PierreTran:
      hits = 26,  strikes = 55,  misses = 24
      precision = 0.4668,  recall = 0.4706,  f-measure = 0.4687
  - MureDickie:
      hits = 8,  strikes = 22,  misses = 42
      precision = 0.4644,  recall = 0.4644,  f-measure = 0.4644
-> writing confusion matrix to  conf.csv
