GrahamEarnshaw
RobinSidel
RobinSidel
RobinSidel
RobinSidel
RobinSidel
RobinSidel
RobinSidel
RobinSidel
RobinSidel
RobinSidel
RobinSidel
RobinSidel
RobinSidel
MichaelConnor
GrahamEarnshaw
RobinSidel
RobinSidel
RobinSidel
RobinSidel
DarrenSchuettler
RobinSidel
RobinSidel
RobinSidel
RobinSidel
RobinSidel
RobinSidel
RobinSidel
RobinSidel
RobinSidel
RobinSidel
RobinSidel
RobinSidel
RobinSidel
RobinSidel
RobinSidel
RobinSidel
MarkBendeich
RobinSidel
RobinSidel
JonathanBirt
LynneO'Donnell
RobinSidel
RobinSidel
RobinSidel
RobinSidel
RobinSidel
RobinSidel
RobinSidel
RobinSidel
LynnleyBrowning
LynnleyBrowning
LynnleyBrowning
LynnleyBrowning
LynnleyBrowning
LynnleyBrowning
LynnleyBrowning
LynnleyBrowning
LynnleyBrowning
LynnleyBrowning
LynnleyBrowning
LynnleyBrowning
LynnleyBrowning
LynnleyBrowning
LynnleyBrowning
LynnleyBrowning
LynnleyBrowning
LynnleyBrowning
LynnleyBrowning
LynnleyBrowning
LynnleyBrowning
LynnleyBrowning
LynnleyBrowning
LynnleyBrowning
LynnleyBrowning
LynnleyBrowning
LynnleyBrowning
LynnleyBrowning
LynnleyBrowning
LynnleyBrowning
LynnleyBrowning
LynnleyBrowning
LynnleyBrowning
LynnleyBrowning
LynnleyBrowning
LynnleyBrowning
LynnleyBrowning
LynnleyBrowning
LynnleyBrowning
LynnleyBrowning
LynnleyBrowning
LynnleyBrowning
LynnleyBrowning
LynnleyBrowning
LynnleyBrowning
LynnleyBrowning
LynnleyBrowning
LynnleyBrowning
LynnleyBrowning
LynnleyBrowning
KouroshKarimkhany
SamuelPerry
HeatherScoffield
KouroshKarimkhany
KouroshKarimkhany
KouroshKarimkhany
KouroshKarimkhany
KouroshKarimkhany
KouroshKarimkhany
KouroshKarimkhany
KouroshKarimkhany
KouroshKarimkhany
KouroshKarimkhany
KouroshKarimkhany
KouroshKarimkhany
KouroshKarimkhany
KouroshKarimkhany
MartinWolk
EricAuchard
KouroshKarimkhany
KouroshKarimkhany
KouroshKarimkhany
KouroshKarimkhany
KouroshKarimkhany
KouroshKarimkhany
KouroshKarimkhany
KouroshKarimkhany
KouroshKarimkhany
KouroshKarimkhany
KouroshKarimkhany
KouroshKarimkhany
KouroshKarimkhany
KouroshKarimkhany
KouroshKarimkhany
KouroshKarimkhany
KouroshKarimkhany
MartinWolk
KouroshKarimkhany
EricAuchard
KouroshKarimkhany
KouroshKarimkhany
KouroshKarimkhany
KouroshKarimkhany
KouroshKarimkhany
KouroshKarimkhany
KouroshKarimkhany
EricAuchard
KouroshKarimkhany
KouroshKarimkhany
TheresePoletti
RobinSidel
MichaelConnor
MichaelConnor
NickLouth
MichaelConnor
MichaelConnor
MichaelConnor
MichaelConnor
MichaelConnor
MichaelConnor
MichaelConnor
SamuelPerry
MichaelConnor
MichaelConnor
MichaelConnor
MichaelConnor
MichaelConnor
LynnleyBrowning
KevinDrawbaugh
MichaelConnor
MichaelConnor
MichaelConnor
MichaelConnor
MichaelConnor
MichaelConnor
MichaelConnor
MichaelConnor
MichaelConnor
MichaelConnor
MichaelConnor
MichaelConnor
JonathanBirt
TimFarrand
MichaelConnor
MichaelConnor
MichaelConnor
MichaelConnor
MichaelConnor
MichaelConnor
PierreTran
MichaelConnor
MichaelConnor
MichaelConnor
MichaelConnor
MichaelConnor
PatriciaCommins
KouroshKarimkhany
MichaelConnor
MichaelConnor
MichaelConnor
JoeOrtiz
JoeOrtiz
JoeOrtiz
LynnleyBrowning
JoeOrtiz
JoeOrtiz
JoWinterbottom
JoeOrtiz
JoeOrtiz
SimonCowell
JoeOrtiz
JoeOrtiz
JoeOrtiz
DarrenSchuettler
JoeOrtiz
JoeOrtiz
JoeOrtiz
JoeOrtiz
FumikoFujisaki
JoeOrtiz
JoeOrtiz
JoeOrtiz
JoeOrtiz
JoeOrtiz
EdnaFernandes
BenjaminKangLim
JoeOrtiz
JoeOrtiz
JoeOrtiz
JoeOrtiz
JoeOrtiz
PierreTran
TimFarrand
JoeOrtiz
DarrenSchuettler
AlexanderSmith
JoeOrtiz
BenjaminKangLim
JoeOrtiz
JoeOrtiz
SimonCowell
JoeOrtiz
BradDorfman
JoeOrtiz
DarrenSchuettler
JoeOrtiz
JoeOrtiz
JoeOrtiz
PierreTran
JohnMastrini
KouroshKarimkhany
EricAuchard
KevinDrawbaugh
EricAuchard
KouroshKarimkhany
KouroshKarimkhany
KouroshKarimkhany
KouroshKarimkhany
EricAuchard
EricAuchard
TheresePoletti
EricAuchard
KouroshKarimkhany
MichaelConnor
KouroshKarimkhany
KouroshKarimkhany
EricAuchard
EricAuchard
EricAuchard
KouroshKarimkhany
KouroshKarimkhany
KouroshKarimkhany
EricAuchard
KouroshKarimkhany
NickLouth
KouroshKarimkhany
TheresePoletti
SamuelPerry
EricAuchard
KouroshKarimkhany
KouroshKarimkhany
BradDorfman
EricAuchard
EricAuchard
TheresePoletti
NickLouth
EricAuchard
EricAuchard
NickLouth
KouroshKarimkhany
KouroshKarimkhany
KouroshKarimkhany
EricAuchard
KeithWeir
KeithWeir
KouroshKarimkhany
EricAuchard
EricAuchard
KouroshKarimkhany
KevinDrawbaugh
AaronPressman
AaronPressman
AaronPressman
RogerFillion
AaronPressman
EricAuchard
AaronPressman
AaronPressman
AaronPressman
AaronPressman
AaronPressman
AaronPressman
AaronPressman
AaronPressman
AaronPressman
AaronPressman
LynnleyBrowning
AaronPressman
AaronPressman
AaronPressman
AaronPressman
AaronPressman
AaronPressman
MartinWolk
AaronPressman
AaronPressman
AaronPressman
AaronPressman
AaronPressman
RogerFillion
AaronPressman
AaronPressman
AaronPressman
AaronPressman
AaronPressman
AaronPressman
AaronPressman
AaronPressman
AaronPressman
AaronPressman
AaronPressman
AaronPressman
AaronPressman
FumikoFujisaki
TheresePoletti
AaronPressman
AaronPressman
AaronPressman
SamuelPerry
SamuelPerry
JoeOrtiz
SimonCowell
SimonCowell
JoeOrtiz
SimonCowell
SimonCowell
LynnleyBrowning
SimonCowell
SimonCowell
AlexanderSmith
JoeOrtiz
AaronPressman
SimonCowell
SimonCowell
AaronPressman
SimonCowell
SimonCowell
KeithWeir
SimonCowell
SimonCowell
SimonCowell
SimonCowell
SimonCowell
SimonCowell
SimonCowell
SimonCowell
JoeOrtiz
SimonCowell
JoeOrtiz
SimonCowell
TimFarrand
FumikoFujisaki
JoeOrtiz
TimFarrand
SimonCowell
AlexanderSmith
KeithWeir
SimonCowell
JoeOrtiz
SimonCowell
SimonCowell
SimonCowell
SimonCowell
SimonCowell
SimonCowell
AlexanderSmith
SimonCowell
SimonCowell
JoeOrtiz
SimonCowell
LynneO'Donnell
LynneO'Donnell
LynnleyBrowning
LynneO'Donnell
LynneO'Donnell
LynneO'Donnell
ScottHillis
LynneO'Donnell
LynneO'Donnell
LynneO'Donnell
LynneO'Donnell
LynneO'Donnell
LynneO'Donnell
LynneO'Donnell
LynneO'Donnell
LynneO'Donnell
LynneO'Donnell
LynneO'Donnell
LynneO'Donnell
LynneO'Donnell
LynneO'Donnell
LynneO'Donnell
LynneO'Donnell
LynneO'Donnell
LynneO'Donnell
LynneO'Donnell
LynneO'Donnell
LynneO'Donnell
LynneO'Donnell
LynneO'Donnell
LynneO'Donnell
LynneO'Donnell
WilliamKazer
LynneO'Donnell
LynneO'Donnell
LynneO'Donnell
LynneO'Donnell
LynneO'Donnell
LynneO'Donnell
LynneO'Donnell
LynneO'Donnell
WilliamKazer
LynneO'Donnell
LynneO'Donnell
LynneO'Donnell
PeterHumphrey
LynneO'Donnell
LynneO'Donnell
LynneO'Donnell
LynneO'Donnell
EdnaFernandes
EdnaFernandes
JoeOrtiz
EdnaFernandes
JonathanBirt
EdnaFernandes
JimGilchrist
EdnaFernandes
EdnaFernandes
AaronPressman
EdnaFernandes
EdnaFernandes
WilliamKazer
EdnaFernandes
JoeOrtiz
EdnaFernandes
KevinDrawbaugh
EdnaFernandes
JonathanBirt
EdnaFernandes
EdnaFernandes
JoWinterbottom
MichaelConnor
JoeOrtiz
LynneO'Donnell
EdnaFernandes
EdnaFernandes
EdnaFernandes
EdnaFernandes
WilliamKazer
EdnaFernandes
EdnaFernandes
PierreTran
EdnaFernandes
EdnaFernandes
JonathanBirt
EdnaFernandes
LynnleyBrowning
KeithWeir
EdnaFernandes
EdnaFernandes
LynnleyBrowning
EdnaFernandes
JonathanBirt
JoWinterbottom
EdnaFernandes
AaronPressman
EdnaFernandes
EdnaFernandes
RobinSidel
BernardHickey
MichaelConnor
KevinMorrison
KevinDrawbaugh
KouroshKarimkhany
LynnleyBrowning
KevinMorrison
KevinMorrison
AaronPressman
LynnleyBrowning
BernardHickey
KouroshKarimkhany
KevinMorrison
KevinMorrison
KevinMorrison
AaronPressman
MichaelConnor
KevinMorrison
KevinMorrison
KevinMorrison
EdnaFernandes
KevinMorrison
BernardHickey
LynnleyBrowning
BernardHickey
LynnleyBrowning
KevinMorrison
MarkBendeich
AaronPressman
JimGilchrist
LynnleyBrowning
KevinDrawbaugh
LynnleyBrowning
LynnleyBrowning
KevinMorrison
KevinMorrison
AaronPressman
KevinMorrison
BernardHickey
KevinMorrison
EdnaFernandes
KevinMorrison
KevinMorrison
KevinMorrison
KevinMorrison
KevinMorrison
AaronPressman
KevinMorrison
KevinMorrison
KevinMorrison
SamuelPerry
SamuelPerry
AaronPressman
AaronPressman
AaronPressman
AaronPressman
AaronPressman
KouroshKarimkhany
SamuelPerry
AaronPressman
SamuelPerry
SamuelPerry
AaronPressman
KouroshKarimkhany
AaronPressman
AaronPressman
KouroshKarimkhany
SamuelPerry
KouroshKarimkhany
SamuelPerry
EricAuchard
AaronPressman
SamuelPerry
TheresePoletti
TheresePoletti
SamuelPerry
KouroshKarimkhany
SamuelPerry
AaronPressman
TheresePoletti
SamuelPerry
SamuelPerry
SamuelPerry
SamuelPerry
MartinWolk
SamuelPerry
SamuelPerry
SamuelPerry
EricAuchard
SamuelPerry
SamuelPerry
SamuelPerry
AaronPressman
SamuelPerry
SamuelPerry
SamuelPerry
SamuelPerry
SamuelPerry
SamuelPerry
SamuelPerry
PatriciaCommins
PatriciaCommins
LynneO'Donnell
KouroshKarimkhany
JoeOrtiz
PatriciaCommins
PatriciaCommins
SamuelPerry
PatriciaCommins
PatriciaCommins
PatriciaCommins
PatriciaCommins
LynneO'Donnell
PatriciaCommins
PatriciaCommins
PatriciaCommins
PatriciaCommins
PatriciaCommins
PatriciaCommins
PatriciaCommins
PatriciaCommins
PatriciaCommins
KouroshKarimkhany
BradDorfman
ToddNissen
PatriciaCommins
PatriciaCommins
PatriciaCommins
PatriciaCommins
PatriciaCommins
RobinSidel
PatriciaCommins
PatriciaCommins
LynnleyBrowning
PatriciaCommins
PatriciaCommins
PatriciaCommins
PatriciaCommins
PatriciaCommins
PatriciaCommins
PatriciaCommins
RobinSidel
PatriciaCommins
PatriciaCommins
PatriciaCommins
PatriciaCommins
PatriciaCommins
PatriciaCommins
AaronPressman
PatriciaCommins
JohnMastrini
AlanCrosby
MichaelConnor
LynnleyBrowning
MureDickie
MureDickie
AlanCrosby
JohnMastrini
JohnMastrini
JohnMastrini
JohnMastrini
JohnMastrini
JohnMastrini
JanLopatka
JohnMastrini
JohnMastrini
JohnMastrini
AaronPressman
JohnMastrini
JohnMastrini
JohnMastrini
JanLopatka
JohnMastrini
AlanCrosby
JohnMastrini
JohnMastrini
JohnMastrini
JanLopatka
JohnMastrini
JohnMastrini
JohnMastrini
JohnMastrini
JohnMastrini
JohnMastrini
JohnMastrini
JohnMastrini
JohnMastrini
JohnMastrini
JohnMastrini
JanLopatka
JohnMastrini
JohnMastrini
JohnMastrini
JohnMastrini
AlanCrosby
JohnMastrini
JanLopatka
JohnMastrini
AlanCrosby
JohnMastrini
JohnMastrini
JanLopatka
JohnMastrini
JohnMastrini
JanLopatka
JohnMastrini
JanLopatka
JohnMastrini
JohnMastrini
JohnMastrini
JohnMastrini
JohnMastrini
JohnMastrini
JanLopatka
LynneO'Donnell
JohnMastrini
JohnMastrini
JanLopatka
JanLopatka
JanLopatka
JanLopatka
JohnMastrini
JohnMastrini
JohnMastrini
JanLopatka
JanLopatka
LynnleyBrowning
JanLopatka
JanLopatka
JanLopatka
JanLopatka
JohnMastrini
LynnleyBrowning
JanLopatka
LynneO'Donnell
JohnMastrini
JanLopatka
AlanCrosby
JanLopatka
AlanCrosby
JanLopatka
JanLopatka
JanLopatka
JanLopatka
JanLopatka
JanLopatka
JanLopatka
JanLopatka
JanLopatka
JanLopatka
SamuelPerry
BradDorfman
KouroshKarimkhany
KouroshKarimkhany
BradDorfman
KouroshKarimkhany
KevinDrawbaugh
PierreTran
KouroshKarimkhany
KevinDrawbaugh
KevinDrawbaugh
JonathanBirt
SimonCowell
AaronPressman
JanLopatka
SamuelPerry
KevinDrawbaugh
KevinDrawbaugh
KevinDrawbaugh
KevinDrawbaugh
KouroshKarimkhany
SamuelPerry
KevinDrawbaugh
KevinDrawbaugh
MichaelConnor
KouroshKarimkhany
SamuelPerry
KouroshKarimkhany
SimonCowell
AaronPressman
KevinDrawbaugh
PatriciaCommins
LynnleyBrowning
PierreTran
SamuelPerry
SamuelPerry
KevinDrawbaugh
SamuelPerry
KevinDrawbaugh
KevinDrawbaugh
LynnleyBrowning
KevinDrawbaugh
DarrenSchuettler
KevinDrawbaugh
MichaelConnor
KevinDrawbaugh
SimonCowell
AlexanderSmith
BradDorfman
KevinDrawbaugh
JanLopatka
KarlPenhaul
KarlPenhaul
KarlPenhaul
KarlPenhaul
LynnleyBrowning
LynnleyBrowning
KarlPenhaul
EdnaFernandes
EdnaFernandes
KarlPenhaul
KarlPenhaul
KarlPenhaul
KarlPenhaul
KarlPenhaul
KarlPenhaul
JohnMastrini
KarlPenhaul
KarlPenhaul
KarlPenhaul
JonathanBirt
KarlPenhaul
JonathanBirt
KarlPenhaul
KarlPenhaul
LynnleyBrowning
KarlPenhaul
KarlPenhaul
KarlPenhaul
KarlPenhaul
KarlPenhaul
KarlPenhaul
KarlPenhaul
KarlPenhaul
JohnMastrini
KarlPenhaul
KarlPenhaul
KarlPenhaul
LynnleyBrowning
KarlPenhaul
KarlPenhaul
KarlPenhaul
KarlPenhaul
LynnleyBrowning
KarlPenhaul
KarlPenhaul
KarlPenhaul
KarlPenhaul
KarlPenhaul
KarlPenhaul
SamuelPerry
MartinWolk
JanLopatka
MartinWolk
SamuelPerry
LynnleyBrowning
MartinWolk
MartinWolk
MartinWolk
MartinWolk
MartinWolk
AaronPressman
MartinWolk
MartinWolk
MartinWolk
LynnleyBrowning
TheresePoletti
MartinWolk
TheresePoletti
MartinWolk
MartinWolk
MartinWolk
MartinWolk
MartinWolk
MartinWolk
MartinWolk
MartinWolk
MartinWolk
MartinWolk
MartinWolk
MartinWolk
MartinWolk
MartinWolk
MartinWolk
MartinWolk
MartinWolk
MartinWolk
MartinWolk
MartinWolk
MartinWolk
MartinWolk
JonathanBirt
MartinWolk
TheresePoletti
BradDorfman
JonathanBirt
MartinWolk
MartinWolk
MartinWolk
MartinWolk
BenjaminKangLim
ScottHillis
MureDickie
ScottHillis
MureDickie
LynnleyBrowning
ScottHillis
LynneO'Donnell
MureDickie
PeterHumphrey
ScottHillis
BenjaminKangLim
BenjaminKangLim
ScottHillis
JohnMastrini
LynnleyBrowning
ScottHillis
ScottHillis
ScottHillis
MureDickie
BenjaminKangLim
BenjaminKangLim
LynneO'Donnell
ScottHillis
ScottHillis
KarlPenhaul
BenjaminKangLim
ScottHillis
BenjaminKangLim
ScottHillis
ScottHillis
ScottHillis
BenjaminKangLim
PeterHumphrey
ScottHillis
BenjaminKangLim
ScottHillis
MureDickie
ScottHillis
ScottHillis
ScottHillis
ScottHillis
TanEeLyn
WilliamKazer
ScottHillis
MureDickie
ScottHillis
AlanCrosby
ScottHillis
MureDickie
DavidLawder
DavidLawder
DavidLawder
DavidLawder
DavidLawder
DavidLawder
ToddNissen
DavidLawder
DavidLawder
DavidLawder
DavidLawder
DavidLawder
DavidLawder
DavidLawder
BradDorfman
DavidLawder
DavidLawder
DavidLawder
ToddNissen
DavidLawder
DavidLawder
DavidLawder
DavidLawder
DavidLawder
ToddNissen
DavidLawder
DavidLawder
DavidLawder
DavidLawder
DavidLawder
ToddNissen
ToddNissen
DavidLawder
DavidLawder
DavidLawder
DavidLawder
DavidLawder
DavidLawder
ToddNissen
DavidLawder
DavidLawder
ToddNissen
DavidLawder
DavidLawder
ToddNissen
DavidLawder
DavidLawder
DavidLawder
DavidLawder
DavidLawder
FumikoFujisaki
FumikoFujisaki
FumikoFujisaki
FumikoFujisaki
FumikoFujisaki
FumikoFujisaki
FumikoFujisaki
FumikoFujisaki
FumikoFujisaki
FumikoFujisaki
FumikoFujisaki
ScottHillis
FumikoFujisaki
ScottHillis
FumikoFujisaki
FumikoFujisaki
FumikoFujisaki
FumikoFujisaki
FumikoFujisaki
FumikoFujisaki
FumikoFujisaki
FumikoFujisaki
JohnMastrini
FumikoFujisaki
FumikoFujisaki
FumikoFujisaki
FumikoFujisaki
FumikoFujisaki
FumikoFujisaki
FumikoFujisaki
FumikoFujisaki
FumikoFujisaki
FumikoFujisaki
FumikoFujisaki
FumikoFujisaki
FumikoFujisaki
FumikoFujisaki
FumikoFujisaki
FumikoFujisaki
FumikoFujisaki
FumikoFujisaki
FumikoFujisaki
FumikoFujisaki
FumikoFujisaki
FumikoFujisaki
FumikoFujisaki
FumikoFujisaki
FumikoFujisaki
FumikoFujisaki
FumikoFujisaki
MarcelMichelson
SamuelPerry
MarcelMichelson
MichaelConnor
MarcelMichelson
ScottHillis
MarcelMichelson
MarcelMichelson
MarcelMichelson
MartinWolk
MarcelMichelson
MarcelMichelson
MarcelMichelson
MarcelMichelson
AaronPressman
MarcelMichelson
MarcelMichelson
MarcelMichelson
MarcelMichelson
MarcelMichelson
MarcelMichelson
MarcelMichelson
MarcelMichelson
SamuelPerry
MarcelMichelson
MarcelMichelson
MarcelMichelson
MarcelMichelson
MarcelMichelson
MarcelMichelson
FumikoFujisaki
PierreTran
MarcelMichelson
MarcelMichelson
MichaelConnor
MarcelMichelson
MarcelMichelson
MartinWolk
PierreTran
MarcelMichelson
MarcelMichelson
MartinWolk
PierreTran
MarcelMichelson
MarcelMichelson
MarcelMichelson
MarcelMichelson
MarcelMichelson
MarcelMichelson
MarcelMichelson
NickLouth
MartinWolk
TheresePoletti
NickLouth
MartinWolk
NickLouth
KeithWeir
NickLouth
MartinWolk
NickLouth
NickLouth
NickLouth
RogerFillion
NickLouth
NickLouth
KirstinRidley
RogerFillion
NickLouth
KeithWeir
NickLouth
NickLouth
NickLouth
NickLouth
NickLouth
NickLouth
NickLouth
SamuelPerry
NickLouth
RogerFillion
NickLouth
AaronPressman
NickLouth
NickLouth
NickLouth
NickLouth
NickLouth
NickLouth
NickLouth
NickLouth
NickLouth
NickLouth
NickLouth
NickLouth
KeithWeir
NickLouth
NickLouth
NickLouth
NickLouth
NickLouth
NickLouth
DarrenSchuettler
AaronPressman
LydiaZajc
DarrenSchuettler
LydiaZajc
DarrenSchuettler
DarrenSchuettler
DarrenSchuettler
DarrenSchuettler
DarrenSchuettler
DarrenSchuettler
DarrenSchuettler
DarrenSchuettler
DarrenSchuettler
DarrenSchuettler
DarrenSchuettler
DarrenSchuettler
DarrenSchuettler
DarrenSchuettler
DarrenSchuettler
DarrenSchuettler
DarrenSchuettler
DarrenSchuettler
DarrenSchuettler
DarrenSchuettler
DarrenSchuettler
DarrenSchuettler
KeithWeir
DarrenSchuettler
DarrenSchuettler
DarrenSchuettler
DarrenSchuettler
DarrenSchuettler
DarrenSchuettler
DarrenSchuettler
DarrenSchuettler
DarrenSchuettler
DarrenSchuettler
DarrenSchuettler
DarrenSchuettler
DarrenSchuettler
DarrenSchuettler
DarrenSchuettler
RogerFillion
DarrenSchuettler
DarrenSchuettler
DarrenSchuettler
DarrenSchuettler
DarrenSchuettler
DarrenSchuettler
LynnleyBrowning
KirstinRidley
ScottHillis
ScottHillis
WilliamKazer
ScottHillis
DarrenSchuettler
LynneO'Donnell
LynneO'Donnell
ScottHillis
ScottHillis
DarrenSchuettler
ScottHillis
ScottHillis
ScottHillis
DarrenSchuettler
MureDickie
ScottHillis
MureDickie
ScottHillis
MureDickie
ScottHillis
WilliamKazer
DarrenSchuettler
ScottHillis
ScottHillis
MarcelMichelson
ScottHillis
JanLopatka
DarrenSchuettler
BenjaminKangLim
WilliamKazer
ScottHillis
DarrenSchuettler
JaneMacartney
JaneMacartney
ScottHillis
ScottHillis
BenjaminKangLim
ScottHillis
JaneMacartney
WilliamKazer
ScottHillis
WilliamKazer
JaneMacartney
WilliamKazer
WilliamKazer
ScottHillis
LynneO'Donnell
WilliamKazer
WilliamKazer
ScottHillis
JaneMacartney
ScottHillis
MureDickie
WilliamKazer
TanEeLyn
WilliamKazer
ScottHillis
ScottHillis
ScottHillis
ScottHillis
LynnleyBrowning
ScottHillis
PeterHumphrey
TanEeLyn
PeterHumphrey
PeterHumphrey
TanEeLyn
TanEeLyn
TanEeLyn
TanEeLyn
BenjaminKangLim
TanEeLyn
WilliamKazer
TanEeLyn
TanEeLyn
TanEeLyn
TanEeLyn
DarrenSchuettler
JanLopatka
JaneMacartney
PeterHumphrey
TanEeLyn
PeterHumphrey
TanEeLyn
TanEeLyn
LynnleyBrowning
TanEeLyn
TanEeLyn
TanEeLyn
LynnleyBrowning
TanEeLyn
TanEeLyn
TanEeLyn
TanEeLyn
TanEeLyn
LynnleyBrowning
TanEeLyn
LynnleyBrowning
PierreTran
EdnaFernandes
EdnaFernandes
EdnaFernandes
PierreTran
MarcelMichelson
PierreTran
EdnaFernandes
PierreTran
PierreTran
PierreTran
MarcelMichelson
MarcelMichelson
PierreTran
MarcelMichelson
EdnaFernandes
MarcelMichelson
MarcelMichelson
PierreTran
PierreTran
PierreTran
MarcelMichelson
PierreTran
MartinWolk
PierreTran
MarcelMichelson
PierreTran
PierreTran
MarcelMichelson
MarcelMichelson
JoeOrtiz
PierreTran
JoeOrtiz
PierreTran
PierreTran
JoeOrtiz
PierreTran
MarcelMichelson
PierreTran
MarcelMichelson
PierreTran
PierreTran
MarcelMichelson
PierreTran
PierreTran
PierreTran
PierreTran
PierreTran
MarcelMichelson
PierreTran
HeatherScoffield
HeatherScoffield
HeatherScoffield
ScottHillis
HeatherScoffield
HeatherScoffield
LynneO'Donnell
HeatherScoffield
HeatherScoffield
HeatherScoffield
HeatherScoffield
HeatherScoffield
HeatherScoffield
HeatherScoffield
HeatherScoffield
HeatherScoffield
DarrenSchuettler
HeatherScoffield
DarrenSchuettler
HeatherScoffield
HeatherScoffield
DarrenSchuettler
HeatherScoffield
HeatherScoffield
DarrenSchuettler
HeatherScoffield
KevinMorrison
HeatherScoffield
HeatherScoffield
HeatherScoffield
DarrenSchuettler
HeatherScoffield
HeatherScoffield
HeatherScoffield
HeatherScoffield
HeatherScoffield
HeatherScoffield
HeatherScoffield
HeatherScoffield
HeatherScoffield
HeatherScoffield
HeatherScoffield
HeatherScoffield
HeatherScoffield
HeatherScoffield
HeatherScoffield
KevinDrawbaugh
HeatherScoffield
HeatherScoffield
MarkBendeich
WilliamKazer
ScottHillis
ScottHillis
ScottHillis
ScottHillis
WilliamKazer
JanLopatka
ScottHillis
ScottHillis
BenjaminKangLim
WilliamKazer
LynneO'Donnell
WilliamKazer
BenjaminKangLim
ScottHillis
TanEeLyn
ScottHillis
ScottHillis
TanEeLyn
TanEeLyn
ScottHillis
GrahamEarnshaw
JonathanBirt
TanEeLyn
ScottHillis
ScottHillis
WilliamKazer
TanEeLyn
WilliamKazer
ScottHillis
WilliamKazer
TanEeLyn
ScottHillis
ScottHillis
WilliamKazer
ScottHillis
WilliamKazer
BenjaminKangLim
ScottHillis
WilliamKazer
ScottHillis
ScottHillis
WilliamKazer
BenjaminKangLim
TanEeLyn
TanEeLyn
MureDickie
MureDickie
WilliamKazer
WilliamKazer
RogerFillion
JanLopatka
NickLouth
RogerFillion
MartinWolk
DarrenSchuettler
RogerFillion
ScottHillis
RogerFillion
RogerFillion
RogerFillion
RogerFillion
RogerFillion
RogerFillion
RogerFillion
RogerFillion
RogerFillion
RogerFillion
RogerFillion
RogerFillion
RogerFillion
RogerFillion
RogerFillion
RogerFillion
RogerFillion
RogerFillion
RogerFillion
RogerFillion
RogerFillion
DavidLawder
RogerFillion
RogerFillion
RogerFillion
RogerFillion
TanEeLyn
RogerFillion
RogerFillion
RogerFillion
RogerFillion
RogerFillion
RogerFillion
RogerFillion
RogerFillion
RogerFillion
RogerFillion
AaronPressman
SamuelPerry
RogerFillion
RogerFillion
DavidLawder
TanEeLyn
JimGilchrist
TanEeLyn
WilliamKazer
TanEeLyn
JimGilchrist
TanEeLyn
TanEeLyn
TanEeLyn
TanEeLyn
TanEeLyn
WilliamKazer
JimGilchrist
TanEeLyn
TanEeLyn
TanEeLyn
TanEeLyn
PierreTran
JimGilchrist
TanEeLyn
TanEeLyn
TanEeLyn
JimGilchrist
JimGilchrist
PierreTran
TanEeLyn
TanEeLyn
TanEeLyn
JimGilchrist
TanEeLyn
PierreTran
AaronPressman
TanEeLyn
PierreTran
JimGilchrist
WilliamKazer
JimGilchrist
JimGilchrist
PierreTran
TanEeLyn
JimGilchrist
TanEeLyn
JimGilchrist
PierreTran
JimGilchrist
TanEeLyn
TanEeLyn
PierreTran
TanEeLyn
TanEeLyn
DavidLawder
EricAuchard
BradDorfman
BradDorfman
BradDorfman
BradDorfman
BradDorfman
DarrenSchuettler
BradDorfman
BradDorfman
BradDorfman
BradDorfman
BradDorfman
BradDorfman
DavidLawder
BradDorfman
BradDorfman
DarrenSchuettler
DarrenSchuettler
DarrenSchuettler
PierreTran
DarrenSchuettler
MartinWolk
DarrenSchuettler
DavidLawder
BradDorfman
DarrenSchuettler
DarrenSchuettler
BradDorfman
BradDorfman
BradDorfman
KeithWeir
DarrenSchuettler
BradDorfman
BradDorfman
BradDorfman
TheresePoletti
BradDorfman
DarrenSchuettler
BradDorfman
MarcelMichelson
DarrenSchuettler
DarrenSchuettler
BradDorfman
BradDorfman
PierreTran
DarrenSchuettler
DarrenSchuettler
EricAuchard
DavidLawder
AlanCrosby
AlanCrosby
JanLopatka
AlanCrosby
DarrenSchuettler
JanLopatka
BradDorfman
AlanCrosby
AlanCrosby
DarrenSchuettler
JanLopatka
AlanCrosby
AlanCrosby
AlanCrosby
JanLopatka
DarrenSchuettler
DarrenSchuettler
AlanCrosby
KirstinRidley
AlanCrosby
AlanCrosby
DarrenSchuettler
AlanCrosby
DarrenSchuettler
AlanCrosby
JanLopatka
JanLopatka
AlanCrosby
DarrenSchuettler
AlanCrosby
AlanCrosby
AlanCrosby
JanLopatka
AlanCrosby
DarrenSchuettler
DarrenSchuettler
JohnMastrini
AlanCrosby
AlanCrosby
DarrenSchuettler
JanLopatka
JanLopatka
DarrenSchuettler
AlanCrosby
DarrenSchuettler
AlanCrosby
JanLopatka
AlanCrosby
JanLopatka
AlanCrosby
DarrenSchuettler
JonathanBirt
JonathanBirt
MartinWolk
JonathanBirt
MureDickie
JonathanBirt
JonathanBirt
JonathanBirt
JonathanBirt
MartinWolk
JoWinterbottom
BradDorfman
JonathanBirt
JonathanBirt
DarrenSchuettler
JonathanBirt
DarrenSchuettler
JonathanBirt
JonathanBirt
EdnaFernandes
KarlPenhaul
JonathanBirt
JonathanBirt
EdnaFernandes
JonathanBirt
BradDorfman
JonathanBirt
KarlPenhaul
EdnaFernandes
JonathanBirt
DarrenSchuettler
JonathanBirt
JoWinterbottom
JonathanBirt
MarcelMichelson
JonathanBirt
JonathanBirt
JonathanBirt
JonathanBirt
JonathanBirt
JonathanBirt
DarrenSchuettler
JonathanBirt
JonathanBirt
JonathanBirt
JonathanBirt
KarlPenhaul
JonathanBirt
ScottHillis
ScottHillis
WilliamKazer
WilliamKazer
BenjaminKangLim
WilliamKazer
ScottHillis
TanEeLyn
ScottHillis
ScottHillis
TanEeLyn
TanEeLyn
MureDickie
WilliamKazer
WilliamKazer
MureDickie
BenjaminKangLim
LynnleyBrowning
WilliamKazer
BenjaminKangLim
TanEeLyn
ScottHillis
ScottHillis
LynnleyBrowning
BenjaminKangLim
WilliamKazer
TanEeLyn
BenjaminKangLim
BenjaminKangLim
BenjaminKangLim
BenjaminKangLim
BenjaminKangLim
WilliamKazer
MureDickie
BenjaminKangLim
BenjaminKangLim
BenjaminKangLim
TanEeLyn
MureDickie
BenjaminKangLim
BenjaminKangLim
ScottHillis
TanEeLyn
BenjaminKangLim
WilliamKazer
JaneMacartney
WilliamKazer
MureDickie
TanEeLyn
BenjaminKangLim
ScottHillis
MartinWolk
TheresePoletti
TheresePoletti
MartinWolk
TheresePoletti
TheresePoletti
TheresePoletti
MartinWolk
MartinWolk
TheresePoletti
MarcelMichelson
MartinWolk
TheresePoletti
TheresePoletti
AaronPressman
TheresePoletti
TheresePoletti
TheresePoletti
SamuelPerry
TheresePoletti
TheresePoletti
MarcelMichelson
TheresePoletti
TheresePoletti
TheresePoletti
AaronPressman
TheresePoletti
TheresePoletti
TheresePoletti
TheresePoletti
TheresePoletti
TheresePoletti
TheresePoletti
TheresePoletti
TheresePoletti
TheresePoletti
TheresePoletti
SamuelPerry
TheresePoletti
MarcelMichelson
SamuelPerry
MartinWolk
TheresePoletti
SamuelPerry
TheresePoletti
BradDorfman
TheresePoletti
TheresePoletti
BradDorfman
MartinWolk
KeithWeir
KeithWeir
KeithWeir
NickLouth
NickLouth
TheresePoletti
KeithWeir
KeithWeir
KeithWeir
JonathanBirt
KeithWeir
KeithWeir
KeithWeir
SimonCowell
DarrenSchuettler
KeithWeir
MarcelMichelson
MarcelMichelson
KeithWeir
DarrenSchuettler
KeithWeir
KeithWeir
KeithWeir
MarcelMichelson
KeithWeir
KeithWeir
JoWinterbottom
WilliamKazer
KeithWeir
KeithWeir
KeithWeir
KeithWeir
KeithWeir
KeithWeir
KeithWeir
KeithWeir
JoWinterbottom
TimFarrand
KeithWeir
KeithWeir
KeithWeir
KeithWeir
NickLouth
NickLouth
JoWinterbottom
KeithWeir
KeithWeir
KirstinRidley
TanEeLyn
KeithWeir
JonathanBirt
JoWinterbottom
KeithWeir
JoWinterbottom
JonathanBirt
JoWinterbottom
JonathanBirt
JonathanBirt
JoWinterbottom
JonathanBirt
JoWinterbottom
KeithWeir
JonathanBirt
JoWinterbottom
KeithWeir
JonathanBirt
JonathanBirt
JonathanBirt
JoWinterbottom
JoWinterbottom
JonathanBirt
JonathanBirt
KeithWeir
JonathanBirt
JonathanBirt
KirstinRidley
JonathanBirt
JoWinterbottom
JoWinterbottom
JonathanBirt
JonathanBirt
JoWinterbottom
JonathanBirt
JoWinterbottom
JoWinterbottom
JoWinterbottom
JoWinterbottom
JoWinterbottom
BradDorfman
TimFarrand
KeithWeir
JoWinterbottom
JonathanBirt
JonathanBirt
JonathanBirt
JoWinterbottom
JoWinterbottom
TimFarrand
JoWinterbottom
JoWinterbottom
MarkBendeich
MarkBendeich
MarkBendeich
DarrenSchuettler
DarrenSchuettler
MarkBendeich
TheresePoletti
LynnleyBrowning
DarrenSchuettler
MarkBendeich
MarkBendeich
MarkBendeich
MarkBendeich
DarrenSchuettler
MarkBendeich
DarrenSchuettler
DarrenSchuettler
MarkBendeich
BradDorfman
DarrenSchuettler
MarkBendeich
DarrenSchuettler
MarkBendeich
MarkBendeich
MarkBendeich
KevinDrawbaugh
MarkBendeich
LynneO'Donnell
MarkBendeich
DarrenSchuettler
DarrenSchuettler
MarkBendeich
MarkBendeich
MarkBendeich
DarrenSchuettler
MarkBendeich
LynneO'Donnell
DarrenSchuettler
KevinMorrison
MarkBendeich
MartinWolk
KeithWeir
MarkBendeich
KevinMorrison
MarkBendeich
DarrenSchuettler
MarkBendeich
DarrenSchuettler
MarkBendeich
ToddNissen
MureDickie
ScottHillis
TanEeLyn
ScottHillis
ScottHillis
ScottHillis
ScottHillis
MureDickie
DarrenSchuettler
JaneMacartney
BenjaminKangLim
ScottHillis
MureDickie
TanEeLyn
ScottHillis
PeterHumphrey
WilliamKazer
JaneMacartney
WilliamKazer
ScottHillis
WilliamKazer
ScottHillis
ScottHillis
LynneO'Donnell
BenjaminKangLim
BenjaminKangLim
ScottHillis
JaneMacartney
TanEeLyn
JaneMacartney
ScottHillis
WilliamKazer
TanEeLyn
JaneMacartney
WilliamKazer
TanEeLyn
ScottHillis
JanLopatka
JaneMacartney
TanEeLyn
WilliamKazer
WilliamKazer
ScottHillis
TanEeLyn
WilliamKazer
LynneO'Donnell
ScottHillis
JaneMacartney
JaneMacartney
ScottHillis
MarcelMichelson
LynnleyBrowning
MatthewBunce
MatthewBunce
MatthewBunce
LynneO'Donnell
MatthewBunce
MatthewBunce
LynnleyBrowning
LynnleyBrowning
LynneO'Donnell
LynneO'Donnell
MatthewBunce
LynnleyBrowning
LynnleyBrowning
MatthewBunce
MatthewBunce
KeithWeir
MatthewBunce
MatthewBunce
MatthewBunce
MatthewBunce
MatthewBunce
LynnleyBrowning
MatthewBunce
WilliamKazer
LynnleyBrowning
BenjaminKangLim
MatthewBunce
MatthewBunce
MatthewBunce
LynneO'Donnell
LynnleyBrowning
MatthewBunce
MatthewBunce
MatthewBunce
MatthewBunce
MatthewBunce
MatthewBunce
LynnleyBrowning
MatthewBunce
LynnleyBrowning
MatthewBunce
MatthewBunce
MatthewBunce
MatthewBunce
MatthewBunce
MatthewBunce
LynneO'Donnell
MatthewBunce
JonathanBirt
DavidLawder
ToddNissen
ToddNissen
ToddNissen
BenjaminKangLim
DavidLawder
DavidLawder
ToddNissen
DavidLawder
MatthewBunce
DavidLawder
DavidLawder
ToddNissen
ToddNissen
ToddNissen
DavidLawder
DavidLawder
ToddNissen
DavidLawder
DavidLawder
ToddNissen
ToddNissen
ToddNissen
ToddNissen
ToddNissen
ToddNissen
ToddNissen
ToddNissen
ToddNissen
ToddNissen
ToddNissen
DavidLawder
ToddNissen
MatthewBunce
ToddNissen
ToddNissen
ToddNissen
DavidLawder
ToddNissen
ToddNissen
DavidLawder
ToddNissen
ToddNissen
DavidLawder
ToddNissen
DavidLawder
ToddNissen
ToddNissen
ToddNissen
TanEeLyn
TanEeLyn
TanEeLyn
TanEeLyn
TanEeLyn
TanEeLyn
TanEeLyn
TanEeLyn
TanEeLyn
TanEeLyn
PeterHumphrey
TanEeLyn
TanEeLyn
TanEeLyn
TanEeLyn
TanEeLyn
TanEeLyn
TanEeLyn
TanEeLyn
TanEeLyn
TanEeLyn
TanEeLyn
TanEeLyn
TanEeLyn
TanEeLyn
TanEeLyn
TanEeLyn
TanEeLyn
TanEeLyn
PeterHumphrey
TanEeLyn
TanEeLyn
TanEeLyn
TanEeLyn
TanEeLyn
TanEeLyn
TanEeLyn
TanEeLyn
TanEeLyn
TanEeLyn
TanEeLyn
TanEeLyn
ScottHillis
TanEeLyn
TanEeLyn
TanEeLyn
PeterHumphrey
TanEeLyn
TanEeLyn
TanEeLyn
TimFarrand
TimFarrand
TimFarrand
TimFarrand
TimFarrand
TimFarrand
KevinMorrison
TimFarrand
JoWinterbottom
TimFarrand
TimFarrand
TimFarrand
TimFarrand
TimFarrand
TimFarrand
TimFarrand
TimFarrand
TimFarrand
TimFarrand
TimFarrand
TimFarrand
TimFarrand
TimFarrand
TimFarrand
TimFarrand
TimFarrand
TimFarrand
TimFarrand
TimFarrand
TimFarrand
FumikoFujisaki
JoeOrtiz
TimFarrand
JonathanBirt
TimFarrand
TimFarrand
BradDorfman
DarrenSchuettler
TimFarrand
TimFarrand
DarrenSchuettler
ToddNissen
TimFarrand
TimFarrand
TimFarrand
TimFarrand
TimFarrand
DarrenSchuettler
TimFarrand
TimFarrand
SarahDavison
DarrenSchuettler
DarrenSchuettler
TanEeLyn
TanEeLyn
TanEeLyn
DarrenSchuettler
TanEeLyn
TanEeLyn
TanEeLyn
TanEeLyn
AlexanderSmith
SarahDavison
TanEeLyn
SarahDavison
JonathanBirt
TanEeLyn
DarrenSchuettler
TanEeLyn
DarrenSchuettler
LynnleyBrowning
TanEeLyn
ScottHillis
SarahDavison
DarrenSchuettler
TanEeLyn
TanEeLyn
DarrenSchuettler
SarahDavison
DarrenSchuettler
SimonCowell
ScottHillis
DarrenSchuettler
ScottHillis
TanEeLyn
TanEeLyn
TanEeLyn
SarahDavison
TanEeLyn
TanEeLyn
TanEeLyn
TanEeLyn
TanEeLyn
TanEeLyn
TanEeLyn
TanEeLyn
TanEeLyn
MartinWolk
SarahDavison
RobinSidel
GrahamEarnshaw
WilliamKazer
GrahamEarnshaw
GrahamEarnshaw
DarrenSchuettler
AaronPressman
GrahamEarnshaw
KeithWeir
ScottHillis
GrahamEarnshaw
WilliamKazer
WilliamKazer
MureDickie
LynneO'Donnell
DarrenSchuettler
DarrenSchuettler
GrahamEarnshaw
GrahamEarnshaw
SamuelPerry
GrahamEarnshaw
GrahamEarnshaw
DarrenSchuettler
GrahamEarnshaw
DarrenSchuettler
GrahamEarnshaw
WilliamKazer
GrahamEarnshaw
GrahamEarnshaw
KeithWeir
GrahamEarnshaw
GrahamEarnshaw
DarrenSchuettler
DarrenSchuettler
GrahamEarnshaw
GrahamEarnshaw
GrahamEarnshaw
DarrenSchuettler
GrahamEarnshaw
TanEeLyn
ScottHillis
GrahamEarnshaw
GrahamEarnshaw
GrahamEarnshaw
ScottHillis
BernardHickey
GrahamEarnshaw
GrahamEarnshaw
GrahamEarnshaw
GrahamEarnshaw
GrahamEarnshaw
KeithWeir
DarrenSchuettler
DarrenSchuettler
DarrenSchuettler
DarrenSchuettler
BernardHickey
ScottHillis
LynneO'Donnell
BernardHickey
DarrenSchuettler
DarrenSchuettler
BernardHickey
DarrenSchuettler
ToddNissen
BernardHickey
DarrenSchuettler
EdnaFernandes
DarrenSchuettler
ToddNissen
DarrenSchuettler
BernardHickey
BernardHickey
BernardHickey
BernardHickey
BernardHickey
BernardHickey
JonathanBirt
BernardHickey
AlexanderSmith
BernardHickey
EdnaFernandes
DarrenSchuettler
BernardHickey
BernardHickey
DarrenSchuettler
DarrenSchuettler
BernardHickey
MarkBendeich
BernardHickey
BernardHickey
BernardHickey
BernardHickey
MarkBendeich
LynnleyBrowning
KeithWeir
KeithWeir
BernardHickey
BernardHickey
BernardHickey
DarrenSchuettler
WilliamKazer
JonathanBirt
KirstinRidley
KirstinRidley
KirstinRidley
JonathanBirt
DarrenSchuettler
KirstinRidley
TanEeLyn
KirstinRidley
KirstinRidley
JoWinterbottom
DarrenSchuettler
KirstinRidley
KirstinRidley
AlexanderSmith
KirstinRidley
KirstinRidley
JonathanBirt
KeithWeir
AaronPressman
TimFarrand
KeithWeir
KeithWeir
KirstinRidley
TheresePoletti
KirstinRidley
KeithWeir
KeithWeir
DarrenSchuettler
JonathanBirt
KirstinRidley
KirstinRidley
KirstinRidley
NickLouth
JoWinterbottom
KirstinRidley
KeithWeir
KeithWeir
LynnleyBrowning
KeithWeir
KirstinRidley
TimFarrand
JoWinterbottom
KeithWeir
KirstinRidley
KeithWeir
KirstinRidley
KeithWeir
JanLopatka
JonathanBirt
KeithWeir
AlexanderSmith
AlexanderSmith
AlexanderSmith
AlexanderSmith
JoeOrtiz
AlexanderSmith
KeithWeir
JoeOrtiz
PierreTran
JonathanBirt
ToddNissen
KeithWeir
KirstinRidley
AlexanderSmith
AlexanderSmith
JoWinterbottom
AlexanderSmith
KeithWeir
TimFarrand
AlexanderSmith
AlexanderSmith
SimonCowell
ToddNissen
JoeOrtiz
GrahamEarnshaw
AlexanderSmith
AlexanderSmith
JoeOrtiz
DarrenSchuettler
AlexanderSmith
KeithWeir
KeithWeir
AlexanderSmith
AlexanderSmith
AlexanderSmith
JonathanBirt
EdnaFernandes
AlexanderSmith
AlexanderSmith
AlexanderSmith
JonathanBirt
TheresePoletti
AlexanderSmith
TanEeLyn
SimonCowell
AlexanderSmith
DarrenSchuettler
SimonCowell
DarrenSchuettler
HeatherScoffield
DarrenSchuettler
LydiaZajc
LydiaZajc
LydiaZajc
DarrenSchuettler
LydiaZajc
LydiaZajc
LydiaZajc
LydiaZajc
LydiaZajc
DarrenSchuettler
DarrenSchuettler
LydiaZajc
DarrenSchuettler
LydiaZajc
LydiaZajc
LydiaZajc
LydiaZajc
LydiaZajc
LydiaZajc
LydiaZajc
LydiaZajc
LydiaZajc
LydiaZajc
DarrenSchuettler
LydiaZajc
LydiaZajc
LydiaZajc
LydiaZajc
LydiaZajc
LydiaZajc
BradDorfman
LydiaZajc
DarrenSchuettler
LydiaZajc
LydiaZajc
LydiaZajc
LydiaZajc
LydiaZajc
DarrenSchuettler
LydiaZajc
DarrenSchuettler
LydiaZajc
LydiaZajc
DarrenSchuettler
LydiaZajc
LydiaZajc
LydiaZajc
