-> reading ground truths from  truths.out
-> reading results from  result.out
-- Evaluation Results --
Total Correct:    1445
Total Incorrect:  1055
Overall Accuracy: 0.5780
Authors:
  - KouroshKarimkhany:
      hits = 42,  strikes = 37,  misses = 8
      precision = 0.5316,  recall = 0.8400,  f-measure = 0.6512
  - ScottHillis:
      hits = 23,  strikes = 85,  misses = 27
      precision = 0.3476,  recall = 0.6500,  f-measure = 0.4530
  - TimFarrand:
      hits = 40,  strikes = 10,  misses = 10
      precision = 0.4430,  recall = 0.7000,  f-measure = 0.5426
  - JonathanBirt:
      hits = 30,  strikes = 45,  misses = 20
      precision = 0.4327,  recall = 0.6750,  f-measure = 0.5273
  - DarrenSchuettler:
      hits = 45,  strikes = 116,  misses = 5
      precision = 0.3805,  recall = 0.7200,  f-measure = 0.4979
  - HeatherScoffield:
      hits = 40,  strikes = 2,  misses = 10
      precision = 0.4272,  recall = 0.7333,  f-measure = 0.5399
  - TheresePoletti:
      hits = 32,  strikes = 17,  misses = 18
      precision = 0.4468,  recall = 0.7200,  f-measure = 0.5514
  - SarahDavison:
      hits = 7,  strikes = 0,  misses = 43
      precision = 0.4536,  recall = 0.6475,  f-measure = 0.5335
  - LynneO'Donnell:
      hits = 45,  strikes = 24,  misses = 5
      precision = 0.4750,  recall = 0.6756,  f-measure = 0.5578
  - MichaelConnor:
      hits = 40,  strikes = 10,  misses = 10
      precision = 0.4986,  recall = 0.6880,  f-measure = 0.5782
  - BernardHickey:
      hits = 22,  strikes = 6,  misses = 28
      precision = 0.5097,  recall = 0.6655,  f-measure = 0.5773
  - JoWinterbottom:
      hits = 21,  strikes = 13,  misses = 29
      precision = 0.5146,  recall = 0.6450,  f-measure = 0.5725
  - BenjaminKangLim:
      hits = 16,  strikes = 23,  misses = 34
      precision = 0.5095,  recall = 0.6200,  f-measure = 0.5593
  - EdnaFernandes:
      hits = 28,  strikes = 16,  misses = 22
      precision = 0.5162,  recall = 0.6157,  f-measure = 0.5616
  - JanLopatka:
      hits = 27,  strikes = 25,  misses = 23
      precision = 0.5163,  recall = 0.6107,  f-measure = 0.5596
  - GrahamEarnshaw:
      hits = 27,  strikes = 4,  misses = 23
      precision = 0.5283,  recall = 0.6062,  f-measure = 0.5646
  - EricAuchard:
      hits = 17,  strikes = 8,  misses = 33
      precision = 0.5323,  recall = 0.5906,  f-measure = 0.5600
  - AlexanderSmith:
      hits = 21,  strikes = 8,  misses = 29
      precision = 0.5381,  recall = 0.5811,  f-measure = 0.5588
  - PeterHumphrey:
      hits = 3,  strikes = 9,  misses = 47
      precision = 0.5346,  recall = 0.5537,  f-measure = 0.5440
  - TanEeLyn:
      hits = 23,  strikes = 126,  misses = 27
      precision = 0.4846,  recall = 0.5490,  f-measure = 0.5148
  - FumikoFujisaki:
      hits = 47,  strikes = 5,  misses = 3
      precision = 0.5030,  recall = 0.5676,  f-measure = 0.5333
  - LydiaZajc:
      hits = 37,  strikes = 2,  misses = 13
      precision = 0.5172,  recall = 0.5755,  f-measure = 0.5448
  - DavidLawder:
      hits = 41,  strikes = 21,  misses = 9
      precision = 0.5241,  recall = 0.5861,  f-measure = 0.5534
  - JoeOrtiz:
      hits = 33,  strikes = 20,  misses = 17
      precision = 0.5280,  recall = 0.5892,  f-measure = 0.5569
  - MarkBendeich:
      hits = 25,  strikes = 5,  misses = 25
      precision = 0.5347,  recall = 0.5856,  f-measure = 0.5590
  - SamuelPerry:
      hits = 27,  strikes = 24,  misses = 23
      precision = 0.5345,  recall = 0.5838,  f-measure = 0.5581
  - MureDickie:
      hits = 2,  strikes = 23,  misses = 48
      precision = 0.5266,  recall = 0.5637,  f-measure = 0.5445
  - RobinSidel:
      hits = 43,  strikes = 5,  misses = 7
      precision = 0.5385,  recall = 0.5743,  f-measure = 0.5558
  - NickLouth:
      hits = 37,  strikes = 10,  misses = 13
      precision = 0.5461,  recall = 0.5800,  f-measure = 0.5625
  - JaneMacartney:
      hits = 8,  strikes = 7,  misses = 42
      precision = 0.5460,  recall = 0.5660,  f-measure = 0.5558
  - KevinMorrison:
      hits = 23,  strikes = 4,  misses = 27
      precision = 0.5512,  recall = 0.5626,  f-measure = 0.5568
  - MartinWolk:
      hits = 38,  strikes = 24,  misses = 12
      precision = 0.5535,  recall = 0.5687,  f-measure = 0.5610
  - JohnMastrini:
      hits = 35,  strikes = 23,  misses = 15
      precision = 0.5552,  recall = 0.5727,  f-measure = 0.5638
  - WilliamKazer:
      hits = 8,  strikes = 50,  misses = 42
      precision = 0.5415,  recall = 0.5606,  f-measure = 0.5509
  - PierreTran:
      hits = 27,  strikes = 19,  misses = 23
      precision = 0.5426,  recall = 0.5600,  f-measure = 0.5512
  - KarlPenhaul:
      hits = 38,  strikes = 4,  misses = 12
      precision = 0.5509,  recall = 0.5656,  f-measure = 0.5581
  - LynnleyBrowning:
      hits = 50,  strikes = 51,  misses = 0
      precision = 0.5480,  recall = 0.5773,  f-measure = 0.5623
  - SimonCowell:
      hits = 31,  strikes = 10,  misses = 19
      precision = 0.5523,  recall = 0.5784,  f-measure = 0.5650
  - PatriciaCommins:
      hits = 38,  strikes = 2,  misses = 12
      precision = 0.5601,  recall = 0.5831,  f-measure = 0.5714
  - BradDorfman:
      hits = 24,  strikes = 17,  misses = 26
      precision = 0.5606,  recall = 0.5805,  f-measure = 0.5704
  - MatthewBunce:
      hits = 31,  strikes = 2,  misses = 19
      precision = 0.5665,  recall = 0.5815,  f-measure = 0.5739
  - JimGilchrist:
      hits = 13,  strikes = 2,  misses = 37
      precision = 0.5687,  recall = 0.5738,  f-measure = 0.5712
  - KevinDrawbaugh:
      hits = 17,  strikes = 8,  misses = 33
      precision = 0.5700,  recall = 0.5684,  f-measure = 0.5692
  - KeithWeir:
      hits = 31,  strikes = 39,  misses = 19
      precision = 0.5659,  recall = 0.5695,  f-measure = 0.5677
  - AaronPressman:
      hits = 41,  strikes = 35,  misses = 9
      precision = 0.5651,  recall = 0.5751,  f-measure = 0.5700
  - RogerFillion:
      hits = 40,  strikes = 6,  misses = 10
      precision = 0.5711,  recall = 0.5800,  f-measure = 0.5755
  - ToddNissen:
      hits = 31,  strikes = 15,  misses = 19
      precision = 0.5730,  recall = 0.5809,  f-measure = 0.5769
  - KirstinRidley:
      hits = 19,  strikes = 6,  misses = 31
      precision = 0.5750,  recall = 0.5767,  f-measure = 0.5758
  - AlanCrosby:
      hits = 24,  strikes = 8,  misses = 26
      precision = 0.5773,  recall = 0.5747,  f-measure = 0.5760
  - MarcelMichelson:
      hits = 37,  strikes = 24,  misses = 13
      precision = 0.5780,  recall = 0.5780,  f-measure = 0.5780
-> writing confusion matrix to  conf.csv
