AaronPressman
AaronPressman
AaronPressman
AaronPressman
AaronPressman
AaronPressman
AaronPressman
AaronPressman
AaronPressman
AaronPressman
AaronPressman
AaronPressman
AaronPressman
AaronPressman
AaronPressman
AaronPressman
AaronPressman
AaronPressman
AaronPressman
AaronPressman
AaronPressman
AaronPressman
AaronPressman
AaronPressman
AaronPressman
AaronPressman
AaronPressman
AaronPressman
AaronPressman
AaronPressman
AaronPressman
AaronPressman
AaronPressman
AaronPressman
AaronPressman
AaronPressman
AaronPressman
AaronPressman
AaronPressman
AaronPressman
AaronPressman
AaronPressman
AaronPressman
AaronPressman
AaronPressman
AaronPressman
AaronPressman
AaronPressman
AaronPressman
AaronPressman
PatriciaCommins
PatriciaCommins
PatriciaCommins
PatriciaCommins
PatriciaCommins
PatriciaCommins
PatriciaCommins
PatriciaCommins
PatriciaCommins
PatriciaCommins
PatriciaCommins
PatriciaCommins
PatriciaCommins
PatriciaCommins
PatriciaCommins
PatriciaCommins
PatriciaCommins
PatriciaCommins
PatriciaCommins
PatriciaCommins
PatriciaCommins
PatriciaCommins
PatriciaCommins
PatriciaCommins
PatriciaCommins
PatriciaCommins
PatriciaCommins
PatriciaCommins
PatriciaCommins
PatriciaCommins
PatriciaCommins
PatriciaCommins
PatriciaCommins
PatriciaCommins
PatriciaCommins
PatriciaCommins
PatriciaCommins
PatriciaCommins
PatriciaCommins
PatriciaCommins
PatriciaCommins
PatriciaCommins
PatriciaCommins
PatriciaCommins
PatriciaCommins
PatriciaCommins
PatriciaCommins
PatriciaCommins
PatriciaCommins
PatriciaCommins
DarrenSchuettler
DarrenSchuettler
DarrenSchuettler
DarrenSchuettler
DarrenSchuettler
DarrenSchuettler
DarrenSchuettler
DarrenSchuettler
DarrenSchuettler
DarrenSchuettler
DarrenSchuettler
DarrenSchuettler
DarrenSchuettler
DarrenSchuettler
DarrenSchuettler
DarrenSchuettler
DarrenSchuettler
DarrenSchuettler
DarrenSchuettler
DarrenSchuettler
DarrenSchuettler
DarrenSchuettler
DarrenSchuettler
DarrenSchuettler
DarrenSchuettler
DarrenSchuettler
DarrenSchuettler
DarrenSchuettler
DarrenSchuettler
DarrenSchuettler
DarrenSchuettler
DarrenSchuettler
DarrenSchuettler
DarrenSchuettler
DarrenSchuettler
DarrenSchuettler
DarrenSchuettler
DarrenSchuettler
DarrenSchuettler
DarrenSchuettler
DarrenSchuettler
DarrenSchuettler
DarrenSchuettler
DarrenSchuettler
DarrenSchuettler
DarrenSchuettler
DarrenSchuettler
DarrenSchuettler
DarrenSchuettler
DarrenSchuettler
HeatherScoffield
HeatherScoffield
HeatherScoffield
HeatherScoffield
HeatherScoffield
HeatherScoffield
HeatherScoffield
HeatherScoffield
HeatherScoffield
HeatherScoffield
HeatherScoffield
HeatherScoffield
HeatherScoffield
HeatherScoffield
HeatherScoffield
HeatherScoffield
HeatherScoffield
HeatherScoffield
HeatherScoffield
HeatherScoffield
HeatherScoffield
HeatherScoffield
HeatherScoffield
HeatherScoffield
HeatherScoffield
HeatherScoffield
HeatherScoffield
HeatherScoffield
HeatherScoffield
HeatherScoffield
HeatherScoffield
HeatherScoffield
HeatherScoffield
HeatherScoffield
HeatherScoffield
HeatherScoffield
HeatherScoffield
HeatherScoffield
HeatherScoffield
HeatherScoffield
HeatherScoffield
HeatherScoffield
HeatherScoffield
HeatherScoffield
HeatherScoffield
HeatherScoffield
HeatherScoffield
HeatherScoffield
HeatherScoffield
HeatherScoffield
MarkBendeich
MarkBendeich
MarkBendeich
MarkBendeich
MarkBendeich
MarkBendeich
MarkBendeich
MarkBendeich
MarkBendeich
MarkBendeich
MarkBendeich
MarkBendeich
MarkBendeich
MarkBendeich
MarkBendeich
MarkBendeich
MarkBendeich
MarkBendeich
MarkBendeich
MarkBendeich
MarkBendeich
MarkBendeich
MarkBendeich
MarkBendeich
MarkBendeich
MarkBendeich
MarkBendeich
MarkBendeich
MarkBendeich
MarkBendeich
MarkBendeich
MarkBendeich
MarkBendeich
MarkBendeich
MarkBendeich
MarkBendeich
MarkBendeich
MarkBendeich
MarkBendeich
MarkBendeich
MarkBendeich
MarkBendeich
MarkBendeich
MarkBendeich
MarkBendeich
MarkBendeich
MarkBendeich
MarkBendeich
MarkBendeich
MarkBendeich
ToddNissen
ToddNissen
ToddNissen
ToddNissen
ToddNissen
ToddNissen
ToddNissen
ToddNissen
ToddNissen
ToddNissen
ToddNissen
ToddNissen
ToddNissen
ToddNissen
ToddNissen
ToddNissen
ToddNissen
ToddNissen
ToddNissen
ToddNissen
ToddNissen
ToddNissen
ToddNissen
ToddNissen
ToddNissen
ToddNissen
ToddNissen
ToddNissen
ToddNissen
ToddNissen
ToddNissen
ToddNissen
ToddNissen
ToddNissen
ToddNissen
ToddNissen
ToddNissen
ToddNissen
ToddNissen
ToddNissen
ToddNissen
ToddNissen
ToddNissen
ToddNissen
ToddNissen
ToddNissen
ToddNissen
ToddNissen
ToddNissen
ToddNissen
AlexanderSmith
AlexanderSmith
AlexanderSmith
AlexanderSmith
AlexanderSmith
AlexanderSmith
AlexanderSmith
AlexanderSmith
AlexanderSmith
AlexanderSmith
AlexanderSmith
AlexanderSmith
AlexanderSmith
AlexanderSmith
AlexanderSmith
AlexanderSmith
AlexanderSmith
AlexanderSmith
AlexanderSmith
AlexanderSmith
AlexanderSmith
AlexanderSmith
AlexanderSmith
AlexanderSmith
AlexanderSmith
AlexanderSmith
AlexanderSmith
AlexanderSmith
AlexanderSmith
AlexanderSmith
AlexanderSmith
AlexanderSmith
AlexanderSmith
AlexanderSmith
AlexanderSmith
AlexanderSmith
AlexanderSmith
AlexanderSmith
AlexanderSmith
AlexanderSmith
AlexanderSmith
AlexanderSmith
AlexanderSmith
AlexanderSmith
AlexanderSmith
AlexanderSmith
AlexanderSmith
AlexanderSmith
AlexanderSmith
AlexanderSmith
