AaronPressman
AaronPressman
AaronPressman
AaronPressman
AaronPressman
AaronPressman
AaronPressman
AaronPressman
AaronPressman
AaronPressman
AaronPressman
AaronPressman
AaronPressman
AaronPressman
AaronPressman
AaronPressman
AaronPressman
AaronPressman
AaronPressman
AaronPressman
AaronPressman
AaronPressman
AaronPressman
AaronPressman
AaronPressman
AaronPressman
AaronPressman
AaronPressman
AaronPressman
AaronPressman
AaronPressman
AaronPressman
AaronPressman
AaronPressman
AaronPressman
AaronPressman
AaronPressman
AaronPressman
AaronPressman
AaronPressman
AaronPressman
AaronPressman
AaronPressman
AaronPressman
AaronPressman
AaronPressman
AaronPressman
AaronPressman
AaronPressman
AaronPressman
PatriciaCommins
PatriciaCommins
PatriciaCommins
PatriciaCommins
AaronPressman
AaronPressman
PatriciaCommins
AaronPressman
PatriciaCommins
PatriciaCommins
PatriciaCommins
PatriciaCommins
PatriciaCommins
PatriciaCommins
PatriciaCommins
PatriciaCommins
PatriciaCommins
PatriciaCommins
PatriciaCommins
PatriciaCommins
PatriciaCommins
PatriciaCommins
AaronPressman
AaronPressman
AaronPressman
PatriciaCommins
PatriciaCommins
PatriciaCommins
PatriciaCommins
PatriciaCommins
AaronPressman
PatriciaCommins
PatriciaCommins
AaronPressman
PatriciaCommins
PatriciaCommins
PatriciaCommins
PatriciaCommins
PatriciaCommins
PatriciaCommins
PatriciaCommins
AaronPressman
PatriciaCommins
PatriciaCommins
PatriciaCommins
PatriciaCommins
PatriciaCommins
PatriciaCommins
AaronPressman
PatriciaCommins
DarrenSchuettler
DarrenSchuettler
DarrenSchuettler
DarrenSchuettler
DarrenSchuettler
DarrenSchuettler
DarrenSchuettler
DarrenSchuettler
DarrenSchuettler
DarrenSchuettler
DarrenSchuettler
DarrenSchuettler
DarrenSchuettler
DarrenSchuettler
DarrenSchuettler
DarrenSchuettler
DarrenSchuettler
DarrenSchuettler
DarrenSchuettler
DarrenSchuettler
DarrenSchuettler
DarrenSchuettler
DarrenSchuettler
DarrenSchuettler
DarrenSchuettler
DarrenSchuettler
AaronPressman
DarrenSchuettler
DarrenSchuettler
DarrenSchuettler
DarrenSchuettler
DarrenSchuettler
DarrenSchuettler
DarrenSchuettler
DarrenSchuettler
DarrenSchuettler
DarrenSchuettler
DarrenSchuettler
DarrenSchuettler
DarrenSchuettler
DarrenSchuettler
DarrenSchuettler
DarrenSchuettler
DarrenSchuettler
DarrenSchuettler
MarkBendeich
DarrenSchuettler
DarrenSchuettler
DarrenSchuettler
MarkBendeich
HeatherScoffield
HeatherScoffield
HeatherScoffield
HeatherScoffield
HeatherScoffield
HeatherScoffield
HeatherScoffield
HeatherScoffield
HeatherScoffield
HeatherScoffield
HeatherScoffield
HeatherScoffield
HeatherScoffield
HeatherScoffield
HeatherScoffield
HeatherScoffield
DarrenSchuettler
HeatherScoffield
HeatherScoffield
HeatherScoffield
HeatherScoffield
HeatherScoffield
HeatherScoffield
HeatherScoffield
DarrenSchuettler
HeatherScoffield
HeatherScoffield
HeatherScoffield
HeatherScoffield
HeatherScoffield
DarrenSchuettler
HeatherScoffield
HeatherScoffield
HeatherScoffield
HeatherScoffield
HeatherScoffield
HeatherScoffield
HeatherScoffield
HeatherScoffield
HeatherScoffield
HeatherScoffield
HeatherScoffield
HeatherScoffield
HeatherScoffield
HeatherScoffield
HeatherScoffield
HeatherScoffield
HeatherScoffield
HeatherScoffield
MarkBendeich
MarkBendeich
MarkBendeich
MarkBendeich
MarkBendeich
DarrenSchuettler
MarkBendeich
AaronPressman
MarkBendeich
DarrenSchuettler
MarkBendeich
MarkBendeich
MarkBendeich
DarrenSchuettler
DarrenSchuettler
MarkBendeich
MarkBendeich
MarkBendeich
HeatherScoffield
MarkBendeich
DarrenSchuettler
HeatherScoffield
MarkBendeich
MarkBendeich
MarkBendeich
MarkBendeich
HeatherScoffield
MarkBendeich
HeatherScoffield
MarkBendeich
MarkBendeich
MarkBendeich
MarkBendeich
MarkBendeich
MarkBendeich
MarkBendeich
MarkBendeich
MarkBendeich
MarkBendeich
MarkBendeich
MarkBendeich
MarkBendeich
MarkBendeich
MarkBendeich
MarkBendeich
MarkBendeich
MarkBendeich
MarkBendeich
MarkBendeich
MarkBendeich
MarkBendeich
MarkBendeich
ToddNissen
ToddNissen
ToddNissen
ToddNissen
MarkBendeich
MarkBendeich
MarkBendeich
ToddNissen
ToddNissen
ToddNissen
ToddNissen
ToddNissen
ToddNissen
ToddNissen
ToddNissen
MarkBendeich
ToddNissen
ToddNissen
MarkBendeich
MarkBendeich
ToddNissen
ToddNissen
ToddNissen
ToddNissen
ToddNissen
ToddNissen
ToddNissen
ToddNissen
ToddNissen
ToddNissen
ToddNissen
MarkBendeich
ToddNissen
MarkBendeich
ToddNissen
ToddNissen
ToddNissen
ToddNissen
ToddNissen
ToddNissen
ToddNissen
ToddNissen
ToddNissen
ToddNissen
ToddNissen
ToddNissen
MarkBendeich
ToddNissen
ToddNissen
DarrenSchuettler
DarrenSchuettler
DarrenSchuettler
AlexanderSmith
AlexanderSmith
AlexanderSmith
DarrenSchuettler
AlexanderSmith
DarrenSchuettler
DarrenSchuettler
DarrenSchuettler
AlexanderSmith
DarrenSchuettler
DarrenSchuettler
AlexanderSmith
AlexanderSmith
AlexanderSmith
AlexanderSmith
AlexanderSmith
DarrenSchuettler
MarkBendeich
AlexanderSmith
MarkBendeich
MarkBendeich
MarkBendeich
MarkBendeich
DarrenSchuettler
MarkBendeich
AlexanderSmith
MarkBendeich
DarrenSchuettler
AlexanderSmith
DarrenSchuettler
DarrenSchuettler
AlexanderSmith
AlexanderSmith
AlexanderSmith
DarrenSchuettler
DarrenSchuettler
MarkBendeich
AlexanderSmith
AlexanderSmith
MarkBendeich
MarkBendeich
AlexanderSmith
MarkBendeich
AlexanderSmith
AlexanderSmith
DarrenSchuettler
MarkBendeich
